Log file opened on Tue May 17 18:31:13 2022
Host: jupiter.sbs.ntu.edu.sg  pid: 32041  rank ID: 0  number of ranks:  1
                   :-) GROMACS - gmx mdrun, VERSION 5.1.2 (-:

                            GROMACS is written by:
     Emile Apol      Rossen Apostolov  Herman J.C. Berendsen    Par Bjelkmar   
 Aldert van Buuren   Rudi van Drunen     Anton Feenstra   Sebastian Fritsch 
  Gerrit Groenhof   Christoph Junghans   Anca Hamuraru    Vincent Hindriksen
 Dimitrios Karkoulis    Peter Kasson        Jiri Kraus      Carsten Kutzner  
    Per Larsson      Justin A. Lemkul   Magnus Lundborg   Pieter Meulenhoff 
   Erik Marklund      Teemu Murtola       Szilard Pall       Sander Pronk   
   Roland Schulz     Alexey Shvetsov     Michael Shirts     Alfons Sijbers  
   Peter Tieleman    Teemu Virolainen  Christian Wennberg    Maarten Wolf   
                           and the project leaders:
        Mark Abraham, Berk Hess, Erik Lindahl, and David van der Spoel

Copyright (c) 1991-2000, University of Groningen, The Netherlands.
Copyright (c) 2001-2015, The GROMACS development team at
Uppsala University, Stockholm University and
the Royal Institute of Technology, Sweden.
check out http://www.gromacs.org for more information.

GROMACS is free software; you can redistribute it and/or modify it
under the terms of the GNU Lesser General Public License
as published by the Free Software Foundation; either version 2.1
of the License, or (at your option) any later version.

GROMACS:      gmx mdrun, VERSION 5.1.2
Executable:   /apps/gromacs/5.1.2/threadmpi_cuda7.5/bin/gmx
Data prefix:  /apps/gromacs/5.1.2/threadmpi_cuda7.5
Command line:
  gmx mdrun -deffnm md_0_1

GROMACS version:    VERSION 5.1.2
Precision:          single
Memory model:       64 bit
MPI library:        thread_mpi
OpenMP support:     enabled (GMX_OPENMP_MAX_THREADS = 32)
GPU support:        enabled
OpenCL support:     disabled
invsqrt routine:    gmx_software_invsqrt(x)
SIMD instructions:  AVX2_256
FFT library:        fftw-3.3.4-sse2-avx
RDTSCP usage:       enabled
C++11 compilation:  disabled
TNG support:        enabled
Tracing support:    disabled
Built on:           Wed Apr  3 21:14:53 +08 2019
Built by:           lzheng002@jupiter.sbs.ntu.edu.sg [CMAKE]
Build OS/arch:      Linux 3.10.0-957.10.1.el7.x86_64 x86_64
Build CPU vendor:   GenuineIntel
Build CPU brand:    Intel(R) Xeon(R) Silver 4116 CPU @ 2.10GHz
Build CPU family:   6   Model: 85   Stepping: 4
Build CPU features: aes apic avx avx2 avx512f avx512cd clfsh cmov cx8 cx16 f16c fma htt lahf_lm mmx msr nonstop_tsc pcid pclmuldq pdcm pdpe1gb popcnt pse rdrnd rdtscp sse2 sse3 sse4.1 sse4.2 ssse3 tdt x2apic
C compiler:         /usr/bin/cc GNU 4.8.5
C compiler flags:    -march=core-avx2    -Wextra -Wno-missing-field-initializers -Wno-sign-compare -Wpointer-arith -Wall -Wno-unused -Wunused-value -Wunused-parameter  -O3 -DNDEBUG -funroll-all-loops -fexcess-precision=fast  -Wno-array-bounds 
C++ compiler:       /usr/bin/c++ GNU 4.8.5
C++ compiler flags:  -march=core-avx2    -Wextra -Wno-missing-field-initializers -Wpointer-arith -Wall -Wno-unused-function  -O3 -DNDEBUG -funroll-all-loops -fexcess-precision=fast  -Wno-array-bounds 
Boost version:      1.53.0 (external)
CUDA compiler:      /usr/local/cuda-7.5/bin/nvcc nvcc: NVIDIA (R) Cuda compiler driver;Copyright (c) 2005-2015 NVIDIA Corporation;Built on Tue_Aug_11_14:27:32_CDT_2015;Cuda compilation tools, release 7.5, V7.5.17
CUDA compiler flags:-gencode;arch=compute_20,code=sm_20;-gencode;arch=compute_30,code=sm_30;-gencode;arch=compute_35,code=sm_35;-gencode;arch=compute_37,code=sm_37;-gencode;arch=compute_50,code=sm_50;-gencode;arch=compute_52,code=sm_52;-gencode;arch=compute_52,code=compute_52;-use_fast_math;; ;-march=core-avx2;-Wextra;-Wno-missing-field-initializers;-Wpointer-arith;-Wall;-Wno-unused-function;-O3;-DNDEBUG;-funroll-all-loops;-fexcess-precision=fast;-Wno-array-bounds;
CUDA driver:        11.60
CUDA runtime:       7.50


Running on 1 node with total 24 cores, 48 logical cores, 2 compatible GPUs
Hardware detected:
  CPU info:
    Vendor: GenuineIntel
    Brand:  Intel(R) Xeon(R) Silver 4116 CPU @ 2.10GHz
    Family:  6  model: 85  stepping:  4
    CPU features: aes apic avx avx2 avx512f avx512cd clfsh cmov cx8 cx16 f16c fma htt lahf_lm mmx msr nonstop_tsc pcid pclmuldq pdcm pdpe1gb popcnt pse rdrnd rdtscp sse2 sse3 sse4.1 sse4.2 ssse3 tdt x2apic
    SIMD instructions most likely to fit this hardware: AVX2_256
    SIMD instructions selected at GROMACS compile time: AVX2_256
  GPU info:
    Number of GPUs detected: 2
    #0: NVIDIA NVIDIA GeForce GTX 1080 Ti, compute cap.: 6.1, ECC:  no, stat: compatible
    #1: NVIDIA NVIDIA GeForce GTX 1080 Ti, compute cap.: 6.1, ECC:  no, stat: compatible


++++ PLEASE READ AND CITE THE FOLLOWING REFERENCE ++++
M. J. Abraham, T. Murtola, R. Schulz, S. Páll, J. C. Smith, B. Hess, E.
Lindahl
GROMACS: High performance molecular simulations through multi-level
parallelism from laptops to supercomputers
SoftwareX 1 (2015) pp. 19-25
-------- -------- --- Thank You --- -------- --------


++++ PLEASE READ AND CITE THE FOLLOWING REFERENCE ++++
S. Páll, M. J. Abraham, C. Kutzner, B. Hess, E. Lindahl
Tackling Exascale Software Challenges in Molecular Dynamics Simulations with
GROMACS
In S. Markidis & E. Laure (Eds.), Solving Software Challenges for Exascale 8759 (2015) pp. 3-27
-------- -------- --- Thank You --- -------- --------


++++ PLEASE READ AND CITE THE FOLLOWING REFERENCE ++++
S. Pronk, S. Páll, R. Schulz, P. Larsson, P. Bjelkmar, R. Apostolov, M. R.
Shirts, J. C. Smith, P. M. Kasson, D. van der Spoel, B. Hess, and E. Lindahl
GROMACS 4.5: a high-throughput and highly parallel open source molecular
simulation toolkit
Bioinformatics 29 (2013) pp. 845-54
-------- -------- --- Thank You --- -------- --------


++++ PLEASE READ AND CITE THE FOLLOWING REFERENCE ++++
B. Hess and C. Kutzner and D. van der Spoel and E. Lindahl
GROMACS 4: Algorithms for highly efficient, load-balanced, and scalable
molecular simulation
J. Chem. Theory Comput. 4 (2008) pp. 435-447
-------- -------- --- Thank You --- -------- --------


++++ PLEASE READ AND CITE THE FOLLOWING REFERENCE ++++
D. van der Spoel, E. Lindahl, B. Hess, G. Groenhof, A. E. Mark and H. J. C.
Berendsen
GROMACS: Fast, Flexible and Free
J. Comp. Chem. 26 (2005) pp. 1701-1719
-------- -------- --- Thank You --- -------- --------


++++ PLEASE READ AND CITE THE FOLLOWING REFERENCE ++++
E. Lindahl and B. Hess and D. van der Spoel
GROMACS 3.0: A package for molecular simulation and trajectory analysis
J. Mol. Mod. 7 (2001) pp. 306-317
-------- -------- --- Thank You --- -------- --------


++++ PLEASE READ AND CITE THE FOLLOWING REFERENCE ++++
H. J. C. Berendsen, D. van der Spoel and R. van Drunen
GROMACS: A message-passing parallel molecular dynamics implementation
Comp. Phys. Comm. 91 (1995) pp. 43-56
-------- -------- --- Thank You --- -------- --------


For optimal performance with a GPU nstlist (now 10) should be larger.
The optimum depends on your CPU and GPU resources.
You might want to try several nstlist values.
Changing nstlist from 10 to 40, rlist from 1 to 1.098

Input Parameters:
   integrator                     = md
   tinit                          = 0
   dt                             = 0.002
   nsteps                         = 500000
   init-step                      = 0
   simulation-part                = 1
   comm-mode                      = Linear
   nstcomm                        = 100
   bd-fric                        = 0
   ld-seed                        = 1714309312
   emtol                          = 10
   emstep                         = 0.01
   niter                          = 20
   fcstep                         = 0
   nstcgsteep                     = 1000
   nbfgscorr                      = 10
   rtpi                           = 0.05
   nstxout                        = 0
   nstvout                        = 0
   nstfout                        = 0
   nstlog                         = 5000
   nstcalcenergy                  = 100
   nstenergy                      = 5000
   nstxout-compressed             = 5000
   compressed-x-precision         = 1000
   cutoff-scheme                  = Verlet
   nstlist                        = 40
   ns-type                        = Grid
   pbc                            = xyz
   periodic-molecules             = FALSE
   verlet-buffer-tolerance        = 0.005
   rlist                          = 1.098
   rlistlong                      = 1.098
   nstcalclr                      = 10
   coulombtype                    = PME
   coulomb-modifier               = Potential-shift
   rcoulomb-switch                = 0
   rcoulomb                       = 1
   epsilon-r                      = 1
   epsilon-rf                     = inf
   vdw-type                       = Cut-off
   vdw-modifier                   = Potential-shift
   rvdw-switch                    = 0
   rvdw                           = 1
   DispCorr                       = EnerPres
   table-extension                = 1
   fourierspacing                 = 0.16
   fourier-nx                     = 44
   fourier-ny                     = 44
   fourier-nz                     = 44
   pme-order                      = 4
   ewald-rtol                     = 1e-05
   ewald-rtol-lj                  = 0.001
   lj-pme-comb-rule               = Geometric
   ewald-geometry                 = 0
   epsilon-surface                = 0
   implicit-solvent               = No
   gb-algorithm                   = Still
   nstgbradii                     = 1
   rgbradii                       = 1
   gb-epsilon-solvent             = 80
   gb-saltconc                    = 0
   gb-obc-alpha                   = 1
   gb-obc-beta                    = 0.8
   gb-obc-gamma                   = 4.85
   gb-dielectric-offset           = 0.009
   sa-algorithm                   = Ace-approximation
   sa-surface-tension             = 2.05016
   tcoupl                         = V-rescale
   nsttcouple                     = 10
   nh-chain-length                = 0
   print-nose-hoover-chain-variables = FALSE
   pcoupl                         = Parrinello-Rahman
   pcoupltype                     = Isotropic
   nstpcouple                     = 10
   tau-p                          = 2
   compressibility (3x3):
      compressibility[    0]={ 4.50000e-05,  0.00000e+00,  0.00000e+00}
      compressibility[    1]={ 0.00000e+00,  4.50000e-05,  0.00000e+00}
      compressibility[    2]={ 0.00000e+00,  0.00000e+00,  4.50000e-05}
   ref-p (3x3):
      ref-p[    0]={ 1.00000e+00,  0.00000e+00,  0.00000e+00}
      ref-p[    1]={ 0.00000e+00,  1.00000e+00,  0.00000e+00}
      ref-p[    2]={ 0.00000e+00,  0.00000e+00,  1.00000e+00}
   refcoord-scaling               = No
   posres-com (3):
      posres-com[0]= 0.00000e+00
      posres-com[1]= 0.00000e+00
      posres-com[2]= 0.00000e+00
   posres-comB (3):
      posres-comB[0]= 0.00000e+00
      posres-comB[1]= 0.00000e+00
      posres-comB[2]= 0.00000e+00
   QMMM                           = FALSE
   QMconstraints                  = 0
   QMMMscheme                     = 0
   MMChargeScaleFactor            = 1
qm-opts:
   ngQM                           = 0
   constraint-algorithm           = Lincs
   continuation                   = TRUE
   Shake-SOR                      = FALSE
   shake-tol                      = 0.0001
   lincs-order                    = 4
   lincs-iter                     = 1
   lincs-warnangle                = 30
   nwall                          = 0
   wall-type                      = 9-3
   wall-r-linpot                  = -1
   wall-atomtype[0]               = -1
   wall-atomtype[1]               = -1
   wall-density[0]                = 0
   wall-density[1]                = 0
   wall-ewald-zfac                = 3
   pull                           = FALSE
   rotation                       = FALSE
   interactiveMD                  = FALSE
   disre                          = No
   disre-weighting                = Conservative
   disre-mixed                    = FALSE
   dr-fc                          = 1000
   dr-tau                         = 0
   nstdisreout                    = 100
   orire-fc                       = 0
   orire-tau                      = 0
   nstorireout                    = 100
   free-energy                    = no
   cos-acceleration               = 0
   deform (3x3):
      deform[    0]={ 0.00000e+00,  0.00000e+00,  0.00000e+00}
      deform[    1]={ 0.00000e+00,  0.00000e+00,  0.00000e+00}
      deform[    2]={ 0.00000e+00,  0.00000e+00,  0.00000e+00}
   simulated-tempering            = FALSE
   E-x:
      n = 0
   E-xt:
      n = 0
   E-y:
      n = 0
   E-yt:
      n = 0
   E-z:
      n = 0
   E-zt:
      n = 0
   swapcoords                     = no
   adress                         = FALSE
   userint1                       = 0
   userint2                       = 0
   userint3                       = 0
   userint4                       = 0
   userreal1                      = 0
   userreal2                      = 0
   userreal3                      = 0
   userreal4                      = 0
grpopts:
   nrdf:     4920.79     63837.2
   ref-t:         300         300
   tau-t:         0.1         0.1
annealing:          No          No
annealing-npoints:           0           0
   acc:	           0           0           0
   nfreeze:           N           N           N
   energygrp-flags[  0]: 0


Initializing Domain Decomposition on 8 ranks
Dynamic load balancing: auto
Will sort the charge groups at every domain (re)decomposition
Initial maximum inter charge-group distances:
    two-body bonded interactions: 0.444 nm, LJ-14, atoms 1156 1405
  multi-body bonded interactions: 0.444 nm, Ryckaert-Bell., atoms 1156 1405
Minimum cell size due to bonded interactions: 0.489 nm
Maximum distance for 5 constraints, at 120 deg. angles, all-trans: 0.218 nm
Estimated maximum distance required for P-LINCS: 0.218 nm
Using 0 separate PME ranks, per user request
Scaling the initial minimum size with 1/0.8 (option -dds) = 1.25
Optimizing the DD grid for 8 cells with a minimum initial size of 0.611 nm
The maximum allowed number of cells is: X 11 Y 11 Z 11
Domain decomposition grid 4 x 2 x 1, separate PME ranks 0
PME domain decomposition: 4 x 2 x 1
Domain decomposition rank 0, coordinates 0 0 0

Using 8 MPI threads
Using 6 OpenMP threads per tMPI thread

2 compatible GPUs are present, with IDs 0,1
2 GPUs auto-selected for this run.
Mapping of GPU IDs to the 8 PP ranks in this node: 0,0,0,0,1,1,1,1

Will do PME sum in reciprocal space for electrostatic interactions.

++++ PLEASE READ AND CITE THE FOLLOWING REFERENCE ++++
U. Essmann, L. Perera, M. L. Berkowitz, T. Darden, H. Lee and L. G. Pedersen 
A smooth particle mesh Ewald method
J. Chem. Phys. 103 (1995) pp. 8577-8592
-------- -------- --- Thank You --- -------- --------

Will do ordinary reciprocal space Ewald sum.
Using a Gaussian width (1/beta) of 0.320163 nm for Ewald
Cut-off's:   NS: 1.098   Coulomb: 1   LJ: 1
Long Range LJ corr.: <C6> 3.1923e-04
System total charge: -0.000
Generated table with 1049 data points for Ewald.
Tabscale = 500 points/nm
Generated table with 1049 data points for LJ6.
Tabscale = 500 points/nm
Generated table with 1049 data points for LJ12.
Tabscale = 500 points/nm
Generated table with 1049 data points for 1-4 COUL.
Tabscale = 500 points/nm
Generated table with 1049 data points for 1-4 LJ6.
Tabscale = 500 points/nm
Generated table with 1049 data points for 1-4 LJ12.
Tabscale = 500 points/nm
Potential shift: LJ r^-12: -1.000e+00 r^-6: -1.000e+00, Ewald -1.000e-05
Initialized non-bonded Ewald correction tables, spacing: 9.33e-04 size: 1073


Using GPU 8x8 non-bonded kernels

Pinning threads with an auto-selected logical core stride of 1

Initializing Parallel LINear Constraint Solver

++++ PLEASE READ AND CITE THE FOLLOWING REFERENCE ++++
B. Hess
P-LINCS: A Parallel Linear Constraint Solver for molecular simulation
J. Chem. Theory Comput. 4 (2008) pp. 116-122
-------- -------- --- Thank You --- -------- --------

The number of constraints is 959
There are inter charge-group constraints,
will communicate selected coordinates each lincs iteration

++++ PLEASE READ AND CITE THE FOLLOWING REFERENCE ++++
S. Miyamoto and P. A. Kollman
SETTLE: An Analytical Version of the SHAKE and RATTLE Algorithms for Rigid
Water Models
J. Comp. Chem. 13 (1992) pp. 952-962
-------- -------- --- Thank You --- -------- --------


Linking all bonded interactions to atoms

The initial number of communication pulses is: X 1 Y 1
The initial domain decomposition cell size is: X 1.74 nm Y 3.48 nm

The maximum allowed distance for charge groups involved in interactions is:
                 non-bonded interactions           1.098 nm
(the following are initial values, they could change due to box deformation)
            two-body bonded interactions  (-rdd)   1.098 nm
          multi-body bonded interactions  (-rdd)   1.098 nm
  atoms separated by up to 5 constraints  (-rcon)  1.738 nm

When dynamic load balancing gets turned on, these settings will change to:
The maximum number of communication pulses is: X 1 Y 1
The minimum size for domain decomposition cells is 1.098 nm
The requested allowed shrink of DD cells (option -dds) is: 0.80
The allowed shrink of domain decomposition cells is: X 0.63 Y 0.32
The maximum allowed distance for charge groups involved in interactions is:
                 non-bonded interactions           1.098 nm
            two-body bonded interactions  (-rdd)   1.098 nm
          multi-body bonded interactions  (-rdd)   1.098 nm
  atoms separated by up to 5 constraints  (-rcon)  1.098 nm


Making 2D domain decomposition grid 4 x 2 x 1, home cell index 0 0 0

Center of mass motion removal mode is Linear
We have the following groups for center of mass motion removal:
  0:  rest

++++ PLEASE READ AND CITE THE FOLLOWING REFERENCE ++++
G. Bussi, D. Donadio and M. Parrinello
Canonical sampling through velocity rescaling
J. Chem. Phys. 126 (2007) pp. 014101
-------- -------- --- Thank You --- -------- --------

There are: 33876 Atoms
Atom distribution over 8 domains: av 4234 stddev 78 min 4155 max 4297

NOTE: DLB will not turn on during the first phase of PME tuning

Initial temperature: 300.474 K

Started mdrun on rank 0 Tue May 17 18:31:14 2022
           Step           Time         Lambda
              0        0.00000        0.00000

   Energies (kJ/mol)
           Bond          Angle    Proper Dih. Ryckaert-Bell.          LJ-14
    1.52032e+03    3.66784e+03    2.42428e+02    1.77779e+03    2.71959e+03
     Coulomb-14        LJ (SR)  Disper. corr.   Coulomb (SR)   Coul. recip.
    7.74022e+03    9.46638e+04   -4.56565e+03   -6.35918e+05    2.94426e+03
      Potential    Kinetic En.   Total Energy    Temperature Pres. DC (bar)
   -5.25208e+05    8.57575e+04   -4.39450e+05    3.00016e+02   -2.26101e+02
 Pressure (bar)   Constr. rmsd
    1.84907e+02    2.61904e-06

DD  step 39 load imb.: force 31.7%

step   80: timed with pme grid 44 44 44, coulomb cutoff 1.000: 560.6 M-cycles
step  160: timed with pme grid 40 40 40, coulomb cutoff 1.086: 358.6 M-cycles
step  240: timed with pme grid 36 36 36, coulomb cutoff 1.207: 461.2 M-cycles
step  320: timed with pme grid 40 40 40, coulomb cutoff 1.086: 447.1 M-cycles
step  400: timed with pme grid 42 42 42, coulomb cutoff 1.034: 354.3 M-cycles
              optimal pme grid 42 42 42, coulomb cutoff 1.034

NOTE: DLB can now turn on, when beneficial

At step 4000 the performance loss due to force load imbalance is 3.5 %

NOTE: Turning on dynamic load balancing

DD  load balancing is limited by minimum cell size in dimension X
DD  step 4999  vol min/aver 0.534! load imb.: force 49.0%

           Step           Time         Lambda
           5000       10.00000        0.00000

   Energies (kJ/mol)
           Bond          Angle    Proper Dih. Ryckaert-Bell.          LJ-14
    1.41133e+03    3.91195e+03    2.47842e+02    1.78710e+03    2.65456e+03
     Coulomb-14        LJ (SR)  Disper. corr.   Coulomb (SR)   Coul. recip.
    7.84340e+03    9.46085e+04   -4.55918e+03   -6.36567e+05    2.58332e+03
      Potential    Kinetic En.   Total Energy    Temperature Pres. DC (bar)
   -5.26078e+05    8.55445e+04   -4.40533e+05    2.99271e+02   -2.25462e+02
 Pressure (bar)   Constr. rmsd
    1.48512e+01    2.62679e-06

DD  load balancing is limited by minimum cell size in dimension X
DD  step 9999  vol min/aver 0.538! load imb.: force 168.3%

           Step           Time         Lambda
          10000       20.00000        0.00000

   Energies (kJ/mol)
           Bond          Angle    Proper Dih. Ryckaert-Bell.          LJ-14
    1.57775e+03    3.80773e+03    2.46340e+02    1.80992e+03    2.62344e+03
     Coulomb-14        LJ (SR)  Disper. corr.   Coulomb (SR)   Coul. recip.
    7.65172e+03    9.44214e+04   -4.56592e+03   -6.35621e+05    2.67591e+03
      Potential    Kinetic En.   Total Energy    Temperature Pres. DC (bar)
   -5.25372e+05    8.53778e+04   -4.39995e+05    2.98688e+02   -2.26128e+02
 Pressure (bar)   Constr. rmsd
   -5.21174e+01    2.74483e-06

DD  load balancing is limited by minimum cell size in dimension X
DD  step 14999  vol min/aver 0.517! load imb.: force 33.8%

           Step           Time         Lambda
          15000       30.00000        0.00000

   Energies (kJ/mol)
           Bond          Angle    Proper Dih. Ryckaert-Bell.          LJ-14
    1.45302e+03    3.76333e+03    2.19489e+02    1.77029e+03    2.61243e+03
     Coulomb-14        LJ (SR)  Disper. corr.   Coulomb (SR)   Coul. recip.
    7.79932e+03    9.28020e+04   -4.56483e+03   -6.32835e+05    2.54376e+03
      Potential    Kinetic En.   Total Energy    Temperature Pres. DC (bar)
   -5.24436e+05    8.55902e+04   -4.38846e+05    2.99431e+02   -2.26020e+02
 Pressure (bar)   Constr. rmsd
   -1.05812e+02    2.99425e-06

DD  load balancing is limited by minimum cell size in dimension X
DD  step 19999  vol min/aver 0.621! load imb.: force 100.4%

           Step           Time         Lambda
          20000       40.00000        0.00000

   Energies (kJ/mol)
           Bond          Angle    Proper Dih. Ryckaert-Bell.          LJ-14
    1.37825e+03    3.85105e+03    2.87742e+02    1.80170e+03    2.60672e+03
     Coulomb-14        LJ (SR)  Disper. corr.   Coulomb (SR)   Coul. recip.
    7.76367e+03    9.34456e+04   -4.55814e+03   -6.34924e+05    2.66000e+03
      Potential    Kinetic En.   Total Energy    Temperature Pres. DC (bar)
   -5.25688e+05    8.54186e+04   -4.40269e+05    2.98831e+02   -2.25359e+02
 Pressure (bar)   Constr. rmsd
   -6.21315e+01    2.73630e-06

DD  step 24999  vol min/aver 0.606  load imb.: force 39.6%

           Step           Time         Lambda
          25000       50.00000        0.00000

   Energies (kJ/mol)
           Bond          Angle    Proper Dih. Ryckaert-Bell.          LJ-14
    1.43511e+03    3.67053e+03    3.05772e+02    1.81255e+03    2.67915e+03
     Coulomb-14        LJ (SR)  Disper. corr.   Coulomb (SR)   Coul. recip.
    7.80650e+03    9.32726e+04   -4.54851e+03   -6.33861e+05    2.66648e+03
      Potential    Kinetic En.   Total Energy    Temperature Pres. DC (bar)
   -5.24761e+05    8.50343e+04   -4.39727e+05    2.97486e+02   -2.24409e+02
 Pressure (bar)   Constr. rmsd
   -4.86992e+01    2.91740e-06

DD  load balancing is limited by minimum cell size in dimension X
DD  step 29999  vol min/aver 0.590! load imb.: force 51.3%

           Step           Time         Lambda
          30000       60.00000        0.00000

   Energies (kJ/mol)
           Bond          Angle    Proper Dih. Ryckaert-Bell.          LJ-14
    1.48179e+03    3.77791e+03    2.63085e+02    1.84278e+03    2.60630e+03
     Coulomb-14        LJ (SR)  Disper. corr.   Coulomb (SR)   Coul. recip.
    7.79512e+03    9.38072e+04   -4.56008e+03   -6.34370e+05    2.59365e+03
      Potential    Kinetic En.   Total Energy    Temperature Pres. DC (bar)
   -5.24762e+05    8.55228e+04   -4.39239e+05    2.99195e+02   -2.25551e+02
 Pressure (bar)   Constr. rmsd
    1.31659e+01    2.90914e-06

DD  load balancing is limited by minimum cell size in dimension X
DD  step 34999  vol min/aver 0.569! load imb.: force 21.2%

           Step           Time         Lambda
          35000       70.00000        0.00000

   Energies (kJ/mol)
           Bond          Angle    Proper Dih. Ryckaert-Bell.          LJ-14
    1.61609e+03    3.73450e+03    2.09873e+02    1.82547e+03    2.64853e+03
     Coulomb-14        LJ (SR)  Disper. corr.   Coulomb (SR)   Coul. recip.
    7.76914e+03    9.33090e+04   -4.56538e+03   -6.34557e+05    2.59166e+03
      Potential    Kinetic En.   Total Energy    Temperature Pres. DC (bar)
   -5.25418e+05    8.65420e+04   -4.38876e+05    3.02761e+02   -2.26075e+02
 Pressure (bar)   Constr. rmsd
   -1.51169e+02    3.04415e-06

DD  load balancing is limited by minimum cell size in dimension X
DD  step 39999  vol min/aver 0.483! load imb.: force 48.5%

           Step           Time         Lambda
          40000       80.00000        0.00000

   Energies (kJ/mol)
           Bond          Angle    Proper Dih. Ryckaert-Bell.          LJ-14
    1.36276e+03    3.88917e+03    2.38799e+02    1.87026e+03    2.59687e+03
     Coulomb-14        LJ (SR)  Disper. corr.   Coulomb (SR)   Coul. recip.
    7.76453e+03    9.18086e+04   -4.56628e+03   -6.31639e+05    2.62855e+03
      Potential    Kinetic En.   Total Energy    Temperature Pres. DC (bar)
   -5.24046e+05    8.57755e+04   -4.38270e+05    3.00079e+02   -2.26164e+02
 Pressure (bar)   Constr. rmsd
   -1.90837e+02    3.25364e-06

DD  load balancing is limited by minimum cell size in dimension X
DD  step 44999  vol min/aver 0.587! load imb.: force 55.3%

           Step           Time         Lambda
          45000       90.00000        0.00000

   Energies (kJ/mol)
           Bond          Angle    Proper Dih. Ryckaert-Bell.          LJ-14
    1.52081e+03    3.88657e+03    2.53478e+02    1.86756e+03    2.70324e+03
     Coulomb-14        LJ (SR)  Disper. corr.   Coulomb (SR)   Coul. recip.
    7.84281e+03    9.41330e+04   -4.54947e+03   -6.34959e+05    2.57257e+03
      Potential    Kinetic En.   Total Energy    Temperature Pres. DC (bar)
   -5.24729e+05    8.56300e+04   -4.39099e+05    2.99570e+02   -2.24504e+02
 Pressure (bar)   Constr. rmsd
    6.78391e+01    2.89642e-06

DD  load balancing is limited by minimum cell size in dimension X
DD  step 49999  vol min/aver 0.626! load imb.: force 125.2%

           Step           Time         Lambda
          50000      100.00000        0.00000

   Energies (kJ/mol)
           Bond          Angle    Proper Dih. Ryckaert-Bell.          LJ-14
    1.42749e+03    3.72164e+03    2.38310e+02    1.91674e+03    2.60108e+03
     Coulomb-14        LJ (SR)  Disper. corr.   Coulomb (SR)   Coul. recip.
    7.83225e+03    9.27125e+04   -4.56064e+03   -6.33038e+05    2.60789e+03
      Potential    Kinetic En.   Total Energy    Temperature Pres. DC (bar)
   -5.24540e+05    8.56762e+04   -4.38864e+05    2.99732e+02   -2.25606e+02
 Pressure (bar)   Constr. rmsd
   -6.56372e+01    2.65718e-06

DD  load balancing is limited by minimum cell size in dimension X
DD  step 54999  vol min/aver 0.536! load imb.: force 23.7%

           Step           Time         Lambda
          55000      110.00000        0.00000

   Energies (kJ/mol)
           Bond          Angle    Proper Dih. Ryckaert-Bell.          LJ-14
    1.54213e+03    3.77015e+03    2.48979e+02    1.85014e+03    2.60333e+03
     Coulomb-14        LJ (SR)  Disper. corr.   Coulomb (SR)   Coul. recip.
    7.76153e+03    9.23242e+04   -4.56995e+03   -6.32786e+05    2.53963e+03
      Potential    Kinetic En.   Total Energy    Temperature Pres. DC (bar)
   -5.24716e+05    8.64438e+04   -4.38272e+05    3.02417e+02   -2.26527e+02
 Pressure (bar)   Constr. rmsd
   -1.57251e+02    2.77523e-06

DD  step 59999  vol min/aver 0.589  load imb.: force 23.3%

           Step           Time         Lambda
          60000      120.00000        0.00000

   Energies (kJ/mol)
           Bond          Angle    Proper Dih. Ryckaert-Bell.          LJ-14
    1.49354e+03    3.72929e+03    2.40781e+02    1.88559e+03    2.63859e+03
     Coulomb-14        LJ (SR)  Disper. corr.   Coulomb (SR)   Coul. recip.
    7.80098e+03    9.17852e+04   -4.53721e+03   -6.32407e+05    2.65210e+03
      Potential    Kinetic En.   Total Energy    Temperature Pres. DC (bar)
   -5.24718e+05    8.63243e+04   -4.38394e+05    3.01999e+02   -2.23297e+02
 Pressure (bar)   Constr. rmsd
   -3.25567e+02    3.35078e-06

DD  load balancing is limited by minimum cell size in dimension X
DD  step 64999  vol min/aver 0.558! load imb.: force 270.1%

           Step           Time         Lambda
          65000      130.00000        0.00000

   Energies (kJ/mol)
           Bond          Angle    Proper Dih. Ryckaert-Bell.          LJ-14
    1.51225e+03    3.88903e+03    2.44572e+02    1.81433e+03    2.70691e+03
     Coulomb-14        LJ (SR)  Disper. corr.   Coulomb (SR)   Coul. recip.
    7.76120e+03    9.26868e+04   -4.57265e+03   -6.32460e+05    2.54775e+03
      Potential    Kinetic En.   Total Energy    Temperature Pres. DC (bar)
   -5.23869e+05    8.62424e+04   -4.37627e+05    3.01713e+02   -2.26795e+02
 Pressure (bar)   Constr. rmsd
   -4.97527e+01    2.56173e-06

DD  load balancing is limited by minimum cell size in dimension X
DD  step 69999  vol min/aver 0.494! load imb.: force 23.6%

           Step           Time         Lambda
          70000      140.00000        0.00000

   Energies (kJ/mol)
           Bond          Angle    Proper Dih. Ryckaert-Bell.          LJ-14
    1.44834e+03    3.65333e+03    2.12673e+02    1.85008e+03    2.66539e+03
     Coulomb-14        LJ (SR)  Disper. corr.   Coulomb (SR)   Coul. recip.
    7.72761e+03    9.45087e+04   -4.54628e+03   -6.35405e+05    2.60079e+03
      Potential    Kinetic En.   Total Energy    Temperature Pres. DC (bar)
   -5.25284e+05    8.60788e+04   -4.39206e+05    3.01140e+02   -2.24189e+02
 Pressure (bar)   Constr. rmsd
    1.81203e+02    3.11412e-06

DD  load balancing is limited by minimum cell size in dimension X
DD  step 74999  vol min/aver 0.544! load imb.: force 89.1%

           Step           Time         Lambda
          75000      150.00000        0.00000

   Energies (kJ/mol)
           Bond          Angle    Proper Dih. Ryckaert-Bell.          LJ-14
    1.50126e+03    3.57221e+03    2.69699e+02    1.88642e+03    2.72029e+03
     Coulomb-14        LJ (SR)  Disper. corr.   Coulomb (SR)   Coul. recip.
    7.81169e+03    9.22223e+04   -4.54829e+03   -6.33321e+05    2.53156e+03
      Potential    Kinetic En.   Total Energy    Temperature Pres. DC (bar)
   -5.25354e+05    8.56124e+04   -4.39742e+05    2.99509e+02   -2.24387e+02
 Pressure (bar)   Constr. rmsd
   -2.02576e+02    2.76550e-06

DD  load balancing is limited by minimum cell size in dimension X
DD  step 79999  vol min/aver 0.578! load imb.: force 19.8%

           Step           Time         Lambda
          80000      160.00000        0.00000

   Energies (kJ/mol)
           Bond          Angle    Proper Dih. Ryckaert-Bell.          LJ-14
    1.38188e+03    3.84397e+03    2.66985e+02    1.83781e+03    2.65387e+03
     Coulomb-14        LJ (SR)  Disper. corr.   Coulomb (SR)   Coul. recip.
    7.87561e+03    9.40803e+04   -4.55691e+03   -6.35195e+05    2.60136e+03
      Potential    Kinetic En.   Total Energy    Temperature Pres. DC (bar)
   -5.25210e+05    8.53915e+04   -4.39819e+05    2.98736e+02   -2.25238e+02
 Pressure (bar)   Constr. rmsd
    1.32854e+02    2.77165e-06

DD  load balancing is limited by minimum cell size in dimension X
DD  step 84999  vol min/aver 0.581! load imb.: force 39.3%

           Step           Time         Lambda
          85000      170.00000        0.00000

   Energies (kJ/mol)
           Bond          Angle    Proper Dih. Ryckaert-Bell.          LJ-14
    1.44338e+03    3.82841e+03    2.36503e+02    1.83248e+03    2.67436e+03
     Coulomb-14        LJ (SR)  Disper. corr.   Coulomb (SR)   Coul. recip.
    7.82306e+03    9.41901e+04   -4.55329e+03   -6.35939e+05    2.55412e+03
      Potential    Kinetic En.   Total Energy    Temperature Pres. DC (bar)
   -5.25910e+05    8.59887e+04   -4.39921e+05    3.00825e+02   -2.24880e+02
 Pressure (bar)   Constr. rmsd
   -1.56221e+01    2.46968e-06

DD  step 89999  vol min/aver 0.599  load imb.: force 75.1%

           Step           Time         Lambda
          90000      180.00000        0.00000

   Energies (kJ/mol)
           Bond          Angle    Proper Dih. Ryckaert-Bell.          LJ-14
    1.38295e+03    3.72779e+03    2.44537e+02    1.74317e+03    2.66368e+03
     Coulomb-14        LJ (SR)  Disper. corr.   Coulomb (SR)   Coul. recip.
    7.91105e+03    9.33725e+04   -4.54510e+03   -6.34272e+05    2.52562e+03
      Potential    Kinetic En.   Total Energy    Temperature Pres. DC (bar)
   -5.25246e+05    8.61689e+04   -4.39077e+05    3.01455e+02   -2.24073e+02
 Pressure (bar)   Constr. rmsd
   -6.35303e+01    3.02162e-06

DD  load balancing is limited by minimum cell size in dimension X
DD  step 94999  vol min/aver 0.543! load imb.: force 34.4%

           Step           Time         Lambda
          95000      190.00000        0.00000

   Energies (kJ/mol)
           Bond          Angle    Proper Dih. Ryckaert-Bell.          LJ-14
    1.40419e+03    3.63907e+03    2.66524e+02    1.86032e+03    2.71252e+03
     Coulomb-14        LJ (SR)  Disper. corr.   Coulomb (SR)   Coul. recip.
    7.89370e+03    9.51072e+04   -4.55760e+03   -6.36356e+05    2.58468e+03
      Potential    Kinetic En.   Total Energy    Temperature Pres. DC (bar)
   -5.25445e+05    8.57361e+04   -4.39709e+05    2.99941e+02   -2.25306e+02
 Pressure (bar)   Constr. rmsd
    2.84598e+02    2.77307e-06

DD  load balancing is limited by minimum cell size in dimension X
DD  step 99999  vol min/aver 0.586! load imb.: force 16.1%

           Step           Time         Lambda
         100000      200.00000        0.00000

   Energies (kJ/mol)
           Bond          Angle    Proper Dih. Ryckaert-Bell.          LJ-14
    1.43843e+03    3.91154e+03    2.47358e+02    1.82837e+03    2.60852e+03
     Coulomb-14        LJ (SR)  Disper. corr.   Coulomb (SR)   Coul. recip.
    7.87604e+03    9.43232e+04   -4.53850e+03   -6.36002e+05    2.63294e+03
      Potential    Kinetic En.   Total Energy    Temperature Pres. DC (bar)
   -5.25674e+05    8.54708e+04   -4.40204e+05    2.99013e+02   -2.23424e+02
 Pressure (bar)   Constr. rmsd
   -1.08273e+02    2.97186e-06

DD  load balancing is limited by minimum cell size in dimension X
DD  step 104999  vol min/aver 0.578! load imb.: force 55.5%

           Step           Time         Lambda
         105000      210.00000        0.00000

   Energies (kJ/mol)
           Bond          Angle    Proper Dih. Ryckaert-Bell.          LJ-14
    1.39127e+03    3.92981e+03    2.27914e+02    1.66245e+03    2.65105e+03
     Coulomb-14        LJ (SR)  Disper. corr.   Coulomb (SR)   Coul. recip.
    7.84969e+03    9.31517e+04   -4.54405e+03   -6.33149e+05    2.57250e+03
      Potential    Kinetic En.   Total Energy    Temperature Pres. DC (bar)
   -5.24257e+05    8.53627e+04   -4.38894e+05    2.98635e+02   -2.23970e+02
 Pressure (bar)   Constr. rmsd
   -2.46140e+01    2.78258e-06

DD  load balancing is limited by minimum cell size in dimension X
DD  step 109999  vol min/aver 0.563! load imb.: force 46.0%

           Step           Time         Lambda
         110000      220.00000        0.00000

   Energies (kJ/mol)
           Bond          Angle    Proper Dih. Ryckaert-Bell.          LJ-14
    1.41693e+03    3.76128e+03    2.44136e+02    1.84009e+03    2.66800e+03
     Coulomb-14        LJ (SR)  Disper. corr.   Coulomb (SR)   Coul. recip.
    7.79851e+03    9.41302e+04   -4.56984e+03   -6.35498e+05    2.66211e+03
      Potential    Kinetic En.   Total Energy    Temperature Pres. DC (bar)
   -5.25547e+05    8.53736e+04   -4.40173e+05    2.98673e+02   -2.26517e+02
 Pressure (bar)   Constr. rmsd
   -1.57099e+01    2.91977e-06

DD  load balancing is limited by minimum cell size in dimension X
DD  step 114999  vol min/aver 0.602! load imb.: force 36.0%

           Step           Time         Lambda
         115000      230.00000        0.00000

   Energies (kJ/mol)
           Bond          Angle    Proper Dih. Ryckaert-Bell.          LJ-14
    1.46454e+03    3.72155e+03    2.24921e+02    1.72428e+03    2.62646e+03
     Coulomb-14        LJ (SR)  Disper. corr.   Coulomb (SR)   Coul. recip.
    7.76585e+03    9.38442e+04   -4.54686e+03   -6.34686e+05    2.64831e+03
      Potential    Kinetic En.   Total Energy    Temperature Pres. DC (bar)
   -5.25212e+05    8.43793e+04   -4.40833e+05    2.95195e+02   -2.24247e+02
 Pressure (bar)   Constr. rmsd
   -4.91593e+01    2.59223e-06

DD  load balancing is limited by minimum cell size in dimension X
DD  step 119999  vol min/aver 0.497! load imb.: force 39.9%

           Step           Time         Lambda
         120000      240.00000        0.00000

   Energies (kJ/mol)
           Bond          Angle    Proper Dih. Ryckaert-Bell.          LJ-14
    1.46100e+03    3.87596e+03    2.61979e+02    1.82202e+03    2.62528e+03
     Coulomb-14        LJ (SR)  Disper. corr.   Coulomb (SR)   Coul. recip.
    7.87313e+03    9.35300e+04   -4.54080e+03   -6.34671e+05    2.64985e+03
      Potential    Kinetic En.   Total Energy    Temperature Pres. DC (bar)
   -5.25113e+05    8.61785e+04   -4.38934e+05    3.01489e+02   -2.23650e+02
 Pressure (bar)   Constr. rmsd
   -5.37708e+01    2.82429e-06

DD  load balancing is limited by minimum cell size in dimension X
DD  step 124999  vol min/aver 0.594! load imb.: force 42.9%

           Step           Time         Lambda
         125000      250.00000        0.00000

   Energies (kJ/mol)
           Bond          Angle    Proper Dih. Ryckaert-Bell.          LJ-14
    1.43043e+03    3.75379e+03    2.44375e+02    1.73108e+03    2.69078e+03
     Coulomb-14        LJ (SR)  Disper. corr.   Coulomb (SR)   Coul. recip.
    7.80006e+03    9.34828e+04   -4.55796e+03   -6.33792e+05    2.67169e+03
      Potential    Kinetic En.   Total Energy    Temperature Pres. DC (bar)
   -5.24545e+05    8.49454e+04   -4.39600e+05    2.97175e+02   -2.25342e+02
 Pressure (bar)   Constr. rmsd
    2.29148e+01    2.73016e-06

DD  load balancing is limited by minimum cell size in dimension X
DD  step 129999  vol min/aver 0.563! load imb.: force 30.4%

           Step           Time         Lambda
         130000      260.00000        0.00000

   Energies (kJ/mol)
           Bond          Angle    Proper Dih. Ryckaert-Bell.          LJ-14
    1.37907e+03    3.70400e+03    2.36937e+02    1.69323e+03    2.75255e+03
     Coulomb-14        LJ (SR)  Disper. corr.   Coulomb (SR)   Coul. recip.
    7.79299e+03    9.59467e+04   -4.55604e+03   -6.37367e+05    2.63892e+03
      Potential    Kinetic En.   Total Energy    Temperature Pres. DC (bar)
   -5.25778e+05    8.63722e+04   -4.39406e+05    3.02167e+02   -2.25152e+02
 Pressure (bar)   Constr. rmsd
    3.16012e+02    2.75412e-06

DD  step 134999  vol min/aver 0.613  load imb.: force 111.0%

           Step           Time         Lambda
         135000      270.00000        0.00000

   Energies (kJ/mol)
           Bond          Angle    Proper Dih. Ryckaert-Bell.          LJ-14
    1.48120e+03    3.78001e+03    2.80882e+02    1.75679e+03    2.66112e+03
     Coulomb-14        LJ (SR)  Disper. corr.   Coulomb (SR)   Coul. recip.
    7.90118e+03    9.25276e+04   -4.54734e+03   -6.33032e+05    2.67065e+03
      Potential    Kinetic En.   Total Energy    Temperature Pres. DC (bar)
   -5.24520e+05    8.51187e+04   -4.39402e+05    2.97781e+02   -2.24293e+02
 Pressure (bar)   Constr. rmsd
   -1.27866e+02    2.81175e-06

DD  load balancing is limited by minimum cell size in dimension X
DD  step 139999  vol min/aver 0.548! load imb.: force 124.7%

           Step           Time         Lambda
         140000      280.00000        0.00000

   Energies (kJ/mol)
           Bond          Angle    Proper Dih. Ryckaert-Bell.          LJ-14
    1.54509e+03    3.97420e+03    2.26044e+02    1.79694e+03    2.64122e+03
     Coulomb-14        LJ (SR)  Disper. corr.   Coulomb (SR)   Coul. recip.
    7.77804e+03    9.29293e+04   -4.57843e+03   -6.32230e+05    2.66404e+03
      Potential    Kinetic En.   Total Energy    Temperature Pres. DC (bar)
   -5.23254e+05    8.66487e+04   -4.36605e+05    3.03134e+02   -2.27368e+02
 Pressure (bar)   Constr. rmsd
    4.82925e+01    3.11731e-06

DD  load balancing is limited by minimum cell size in dimension X
DD  step 144999  vol min/aver 0.582! load imb.: force 33.2%

           Step           Time         Lambda
         145000      290.00000        0.00000

   Energies (kJ/mol)
           Bond          Angle    Proper Dih. Ryckaert-Bell.          LJ-14
    1.47063e+03    3.90387e+03    2.63183e+02    1.84792e+03    2.64065e+03
     Coulomb-14        LJ (SR)  Disper. corr.   Coulomb (SR)   Coul. recip.
    7.86443e+03    9.30221e+04   -4.55710e+03   -6.34191e+05    2.63103e+03
      Potential    Kinetic En.   Total Energy    Temperature Pres. DC (bar)
   -5.25105e+05    8.64013e+04   -4.38703e+05    3.02269e+02   -2.25256e+02
 Pressure (bar)   Constr. rmsd
   -2.38435e+02    2.60445e-06

DD  load balancing is limited by minimum cell size in dimension X
DD  step 149999  vol min/aver 0.600! load imb.: force 96.9%

           Step           Time         Lambda
         150000      300.00000        0.00000

   Energies (kJ/mol)
           Bond          Angle    Proper Dih. Ryckaert-Bell.          LJ-14
    1.52129e+03    3.80228e+03    2.62057e+02    1.82045e+03    2.66781e+03
     Coulomb-14        LJ (SR)  Disper. corr.   Coulomb (SR)   Coul. recip.
    7.79067e+03    9.24374e+04   -4.56596e+03   -6.33255e+05    2.63283e+03
      Potential    Kinetic En.   Total Energy    Temperature Pres. DC (bar)
   -5.24886e+05    8.52007e+04   -4.39685e+05    2.98068e+02   -2.26132e+02
 Pressure (bar)   Constr. rmsd
   -1.33527e+02    2.79443e-06

DD  load balancing is limited by minimum cell size in dimension X
DD  step 154999  vol min/aver 0.536! load imb.: force 40.9%

           Step           Time         Lambda
         155000      310.00000        0.00000

   Energies (kJ/mol)
           Bond          Angle    Proper Dih. Ryckaert-Bell.          LJ-14
    1.52680e+03    3.66819e+03    2.74537e+02    1.76993e+03    2.66049e+03
     Coulomb-14        LJ (SR)  Disper. corr.   Coulomb (SR)   Coul. recip.
    7.86528e+03    9.30259e+04   -4.55666e+03   -6.33719e+05    2.60453e+03
      Potential    Kinetic En.   Total Energy    Temperature Pres. DC (bar)
   -5.24880e+05    8.58846e+04   -4.38995e+05    3.00461e+02   -2.25213e+02
 Pressure (bar)   Constr. rmsd
   -1.79610e+02    3.30529e-06

DD  load balancing is limited by minimum cell size in dimension X
DD  step 159999  vol min/aver 0.564! load imb.: force 48.6%

           Step           Time         Lambda
         160000      320.00000        0.00000

   Energies (kJ/mol)
           Bond          Angle    Proper Dih. Ryckaert-Bell.          LJ-14
    1.53603e+03    3.74907e+03    2.43914e+02    1.74234e+03    2.65919e+03
     Coulomb-14        LJ (SR)  Disper. corr.   Coulomb (SR)   Coul. recip.
    7.82740e+03    9.49003e+04   -4.55408e+03   -6.36551e+05    2.60987e+03
      Potential    Kinetic En.   Total Energy    Temperature Pres. DC (bar)
   -5.25837e+05    8.58849e+04   -4.39952e+05    3.00462e+02   -2.24959e+02
 Pressure (bar)   Constr. rmsd
    9.66880e+01    2.97301e-06

DD  load balancing is limited by minimum cell size in dimension X
DD  step 164999  vol min/aver 0.572! load imb.: force 91.8%

           Step           Time         Lambda
         165000      330.00000        0.00000

   Energies (kJ/mol)
           Bond          Angle    Proper Dih. Ryckaert-Bell.          LJ-14
    1.45502e+03    3.82262e+03    2.36597e+02    1.81186e+03    2.65098e+03
     Coulomb-14        LJ (SR)  Disper. corr.   Coulomb (SR)   Coul. recip.
    7.82285e+03    9.42475e+04   -4.56900e+03   -6.35429e+05    2.64390e+03
      Potential    Kinetic En.   Total Energy    Temperature Pres. DC (bar)
   -5.25307e+05    8.56901e+04   -4.39617e+05    2.99780e+02   -2.26433e+02
 Pressure (bar)   Constr. rmsd
    2.57240e+01    2.61694e-06

Writing checkpoint, step 169960 at Tue May 17 18:46:15 2022


DD  load balancing is limited by minimum cell size in dimension X
DD  step 169999  vol min/aver 0.512! load imb.: force 156.8%

           Step           Time         Lambda
         170000      340.00000        0.00000

   Energies (kJ/mol)
           Bond          Angle    Proper Dih. Ryckaert-Bell.          LJ-14
    1.42028e+03    3.82482e+03    2.52630e+02    1.70609e+03    2.66106e+03
     Coulomb-14        LJ (SR)  Disper. corr.   Coulomb (SR)   Coul. recip.
    7.80100e+03    9.42827e+04   -4.55113e+03   -6.35307e+05    2.63442e+03
      Potential    Kinetic En.   Total Energy    Temperature Pres. DC (bar)
   -5.25275e+05    8.56225e+04   -4.39652e+05    2.99544e+02   -2.24668e+02
 Pressure (bar)   Constr. rmsd
    2.94054e+01    2.83955e-06

DD  load balancing is limited by minimum cell size in dimension X
DD  step 174999  vol min/aver 0.570! load imb.: force 31.3%

           Step           Time         Lambda
         175000      350.00000        0.00000

   Energies (kJ/mol)
           Bond          Angle    Proper Dih. Ryckaert-Bell.          LJ-14
    1.55710e+03    3.71109e+03    2.20122e+02    1.74037e+03    2.63142e+03
     Coulomb-14        LJ (SR)  Disper. corr.   Coulomb (SR)   Coul. recip.
    7.86251e+03    9.36757e+04   -4.57267e+03   -6.34593e+05    2.56074e+03
      Potential    Kinetic En.   Total Energy    Temperature Pres. DC (bar)
   -5.25207e+05    8.59777e+04   -4.39229e+05    3.00786e+02   -2.26797e+02
 Pressure (bar)   Constr. rmsd
    6.02045e+00    2.62810e-06

DD  load balancing is limited by minimum cell size in dimension X
DD  step 179999  vol min/aver 0.529! load imb.: force 144.3%

           Step           Time         Lambda
         180000      360.00000        0.00000

   Energies (kJ/mol)
           Bond          Angle    Proper Dih. Ryckaert-Bell.          LJ-14
    1.39634e+03    3.85211e+03    2.28595e+02    1.78664e+03    2.61951e+03
     Coulomb-14        LJ (SR)  Disper. corr.   Coulomb (SR)   Coul. recip.
    7.79768e+03    9.36399e+04   -4.55431e+03   -6.34136e+05    2.58243e+03
      Potential    Kinetic En.   Total Energy    Temperature Pres. DC (bar)
   -5.24787e+05    8.73219e+04   -4.37465e+05    3.05489e+02   -2.24981e+02
 Pressure (bar)   Constr. rmsd
    8.24692e+01    2.80745e-06

DD  load balancing is limited by minimum cell size in dimension X
DD  step 184999  vol min/aver 0.513! load imb.: force 39.4%

           Step           Time         Lambda
         185000      370.00000        0.00000

   Energies (kJ/mol)
           Bond          Angle    Proper Dih. Ryckaert-Bell.          LJ-14
    1.51883e+03    3.76433e+03    2.30706e+02    1.80859e+03    2.72676e+03
     Coulomb-14        LJ (SR)  Disper. corr.   Coulomb (SR)   Coul. recip.
    7.85049e+03    9.55726e+04   -4.58630e+03   -6.37249e+05    2.58103e+03
      Potential    Kinetic En.   Total Energy    Temperature Pres. DC (bar)
   -5.25782e+05    8.74461e+04   -4.38335e+05    3.05924e+02   -2.28149e+02
 Pressure (bar)   Constr. rmsd
    3.16651e+02    2.81686e-06

DD  step 189999  vol min/aver 0.508  load imb.: force 16.5%

           Step           Time         Lambda
         190000      380.00000        0.00000

   Energies (kJ/mol)
           Bond          Angle    Proper Dih. Ryckaert-Bell.          LJ-14
    1.38279e+03    3.84116e+03    2.32954e+02    1.71054e+03    2.68502e+03
     Coulomb-14        LJ (SR)  Disper. corr.   Coulomb (SR)   Coul. recip.
    7.82976e+03    9.26207e+04   -4.54423e+03   -6.32302e+05    2.63215e+03
      Potential    Kinetic En.   Total Energy    Temperature Pres. DC (bar)
   -5.23911e+05    8.52922e+04   -4.38619e+05    2.98388e+02   -2.23988e+02
 Pressure (bar)   Constr. rmsd
   -1.32180e+02    2.62229e-06

DD  load balancing is limited by minimum cell size in dimension X
DD  step 194999  vol min/aver 0.504! load imb.: force 109.9%

           Step           Time         Lambda
         195000      390.00000        0.00000

   Energies (kJ/mol)
           Bond          Angle    Proper Dih. Ryckaert-Bell.          LJ-14
    1.63234e+03    3.80460e+03    2.60409e+02    1.74952e+03    2.61237e+03
     Coulomb-14        LJ (SR)  Disper. corr.   Coulomb (SR)   Coul. recip.
    7.82744e+03    9.38830e+04   -4.53764e+03   -6.34220e+05    2.56976e+03
      Potential    Kinetic En.   Total Energy    Temperature Pres. DC (bar)
   -5.24418e+05    8.58780e+04   -4.38540e+05    3.00438e+02   -2.23339e+02
 Pressure (bar)   Constr. rmsd
   -1.73283e+02    2.68197e-06

DD  load balancing is limited by minimum cell size in dimension X
DD  step 199999  vol min/aver 0.574! load imb.: force 80.7%

           Step           Time         Lambda
         200000      400.00000        0.00000

   Energies (kJ/mol)
           Bond          Angle    Proper Dih. Ryckaert-Bell.          LJ-14
    1.48252e+03    3.83457e+03    2.96635e+02    1.87545e+03    2.71682e+03
     Coulomb-14        LJ (SR)  Disper. corr.   Coulomb (SR)   Coul. recip.
    7.78979e+03    9.46079e+04   -4.55547e+03   -6.35260e+05    2.56102e+03
      Potential    Kinetic En.   Total Energy    Temperature Pres. DC (bar)
   -5.24651e+05    8.61186e+04   -4.38532e+05    3.01280e+02   -2.25095e+02
 Pressure (bar)   Constr. rmsd
    1.84603e+02    3.20707e-06

DD  load balancing is limited by minimum cell size in dimension X
DD  step 204999  vol min/aver 0.430! load imb.: force 48.8%

           Step           Time         Lambda
         205000      410.00000        0.00000

   Energies (kJ/mol)
           Bond          Angle    Proper Dih. Ryckaert-Bell.          LJ-14
    1.52073e+03    3.77866e+03    2.44794e+02    1.84525e+03    2.62626e+03
     Coulomb-14        LJ (SR)  Disper. corr.   Coulomb (SR)   Coul. recip.
    7.87116e+03    9.32692e+04   -4.54010e+03   -6.33254e+05    2.62460e+03
      Potential    Kinetic En.   Total Energy    Temperature Pres. DC (bar)
   -5.24014e+05    8.64738e+04   -4.37540e+05    3.02522e+02   -2.23581e+02
 Pressure (bar)   Constr. rmsd
   -8.61797e+01    2.81440e-06

DD  load balancing is limited by minimum cell size in dimension X Y
DD  step 209999  vol min/aver 0.479! load imb.: force 30.2%

           Step           Time         Lambda
         210000      420.00000        0.00000

   Energies (kJ/mol)
           Bond          Angle    Proper Dih. Ryckaert-Bell.          LJ-14
    1.53276e+03    3.84484e+03    2.29111e+02    1.76784e+03    2.70368e+03
     Coulomb-14        LJ (SR)  Disper. corr.   Coulomb (SR)   Coul. recip.
    7.86130e+03    9.20811e+04   -4.54469e+03   -6.31220e+05    2.64203e+03
      Potential    Kinetic En.   Total Energy    Temperature Pres. DC (bar)
   -5.23102e+05    8.62253e+04   -4.36877e+05    3.01653e+02   -2.24033e+02
 Pressure (bar)   Constr. rmsd
   -1.26401e+02    2.78764e-06

DD  load balancing is limited by minimum cell size in dimension X
DD  step 214999  vol min/aver 0.606! load imb.: force 51.4%

           Step           Time         Lambda
         215000      430.00000        0.00000

   Energies (kJ/mol)
           Bond          Angle    Proper Dih. Ryckaert-Bell.          LJ-14
    1.51711e+03    3.78211e+03    2.80268e+02    1.76361e+03    2.74668e+03
     Coulomb-14        LJ (SR)  Disper. corr.   Coulomb (SR)   Coul. recip.
    7.82281e+03    9.38872e+04   -4.58099e+03   -6.34908e+05    2.58260e+03
      Potential    Kinetic En.   Total Energy    Temperature Pres. DC (bar)
   -5.25106e+05    8.60128e+04   -4.39094e+05    3.00909e+02   -2.27622e+02
 Pressure (bar)   Constr. rmsd
    7.70743e+01    2.66446e-06

DD  load balancing is limited by minimum cell size in dimension X
DD  step 219999  vol min/aver 0.461! load imb.: force 32.6%

           Step           Time         Lambda
         220000      440.00000        0.00000

   Energies (kJ/mol)
           Bond          Angle    Proper Dih. Ryckaert-Bell.          LJ-14
    1.34915e+03    3.65500e+03    2.25029e+02    1.71005e+03    2.68770e+03
     Coulomb-14        LJ (SR)  Disper. corr.   Coulomb (SR)   Coul. recip.
    7.82049e+03    9.34879e+04   -4.57006e+03   -6.34902e+05    2.69617e+03
      Potential    Kinetic En.   Total Energy    Temperature Pres. DC (bar)
   -5.25840e+05    8.56542e+04   -4.40186e+05    2.99655e+02   -2.26538e+02
 Pressure (bar)   Constr. rmsd
   -3.01999e+01    2.86722e-06

DD  step 224999  vol min/aver 0.579  load imb.: force 172.5%

           Step           Time         Lambda
         225000      450.00000        0.00000

   Energies (kJ/mol)
           Bond          Angle    Proper Dih. Ryckaert-Bell.          LJ-14
    1.42500e+03    3.70755e+03    2.65740e+02    1.69212e+03    2.65480e+03
     Coulomb-14        LJ (SR)  Disper. corr.   Coulomb (SR)   Coul. recip.
    7.71446e+03    9.49575e+04   -4.57047e+03   -6.36424e+05    2.59153e+03
      Potential    Kinetic En.   Total Energy    Temperature Pres. DC (bar)
   -5.25986e+05    8.64438e+04   -4.39542e+05    3.02417e+02   -2.26578e+02
 Pressure (bar)   Constr. rmsd
    1.60375e+02    3.27889e-06

DD  load balancing is limited by minimum cell size in dimension X
DD  step 229999  vol min/aver 0.599! load imb.: force 94.2%

           Step           Time         Lambda
         230000      460.00000        0.00000

   Energies (kJ/mol)
           Bond          Angle    Proper Dih. Ryckaert-Bell.          LJ-14
    1.49897e+03    3.86408e+03    2.19706e+02    1.80513e+03    2.63054e+03
     Coulomb-14        LJ (SR)  Disper. corr.   Coulomb (SR)   Coul. recip.
    7.83377e+03    9.28964e+04   -4.55717e+03   -6.32970e+05    2.65199e+03
      Potential    Kinetic En.   Total Energy    Temperature Pres. DC (bar)
   -5.24127e+05    8.54872e+04   -4.38639e+05    2.99070e+02   -2.25263e+02
 Pressure (bar)   Constr. rmsd
   -6.73561e+01    3.02408e-06

DD  load balancing is limited by minimum cell size in dimension X
DD  step 234999  vol min/aver 0.515! load imb.: force 116.2%

           Step           Time         Lambda
         235000      470.00000        0.00000

   Energies (kJ/mol)
           Bond          Angle    Proper Dih. Ryckaert-Bell.          LJ-14
    1.49251e+03    3.75726e+03    2.07982e+02    1.77264e+03    2.63491e+03
     Coulomb-14        LJ (SR)  Disper. corr.   Coulomb (SR)   Coul. recip.
    7.83521e+03    9.42546e+04   -4.54899e+03   -6.34383e+05    2.62924e+03
      Potential    Kinetic En.   Total Energy    Temperature Pres. DC (bar)
   -5.24347e+05    8.66837e+04   -4.37664e+05    3.03256e+02   -2.24457e+02
 Pressure (bar)   Constr. rmsd
    1.48383e+02    3.28747e-06

DD  step 239999  vol min/aver 0.506  load imb.: force 193.5%

           Step           Time         Lambda
         240000      480.00000        0.00000

   Energies (kJ/mol)
           Bond          Angle    Proper Dih. Ryckaert-Bell.          LJ-14
    1.49373e+03    3.90208e+03    2.53255e+02    1.73389e+03    2.65418e+03
     Coulomb-14        LJ (SR)  Disper. corr.   Coulomb (SR)   Coul. recip.
    7.84338e+03    9.40799e+04   -4.56248e+03   -6.35330e+05    2.64906e+03
      Potential    Kinetic En.   Total Energy    Temperature Pres. DC (bar)
   -5.25283e+05    8.64914e+04   -4.38792e+05    3.02584e+02   -2.25788e+02
 Pressure (bar)   Constr. rmsd
    1.13626e+02    2.69541e-06

DD  load balancing is limited by minimum cell size in dimension X
DD  step 244999  vol min/aver 0.420! load imb.: force 33.2%

           Step           Time         Lambda
         245000      490.00000        0.00000

   Energies (kJ/mol)
           Bond          Angle    Proper Dih. Ryckaert-Bell.          LJ-14
    1.57009e+03    3.72350e+03    2.37212e+02    1.78600e+03    2.64385e+03
     Coulomb-14        LJ (SR)  Disper. corr.   Coulomb (SR)   Coul. recip.
    7.75990e+03    9.34776e+04   -4.57337e+03   -6.34603e+05    2.58310e+03
      Potential    Kinetic En.   Total Energy    Temperature Pres. DC (bar)
   -5.25396e+05    8.58732e+04   -4.39522e+05    3.00421e+02   -2.26866e+02
 Pressure (bar)   Constr. rmsd
   -7.97274e+01    2.80228e-06

DD  load balancing is limited by minimum cell size in dimension X
DD  step 249999  vol min/aver 0.541! load imb.: force 81.3%

           Step           Time         Lambda
         250000      500.00000        0.00000

   Energies (kJ/mol)
           Bond          Angle    Proper Dih. Ryckaert-Bell.          LJ-14
    1.42322e+03    3.65259e+03    2.49926e+02    1.81822e+03    2.75173e+03
     Coulomb-14        LJ (SR)  Disper. corr.   Coulomb (SR)   Coul. recip.
    7.85545e+03    9.40298e+04   -4.55726e+03   -6.35752e+05    2.61099e+03
      Potential    Kinetic En.   Total Energy    Temperature Pres. DC (bar)
   -5.25918e+05    8.57480e+04   -4.40170e+05    2.99983e+02   -2.25272e+02
 Pressure (bar)   Constr. rmsd
    4.32175e+01    2.70647e-06

DD  load balancing is limited by minimum cell size in dimension X
DD  step 254999  vol min/aver 0.438! load imb.: force 61.7%

           Step           Time         Lambda
         255000      510.00000        0.00000

   Energies (kJ/mol)
           Bond          Angle    Proper Dih. Ryckaert-Bell.          LJ-14
    1.48237e+03    3.61468e+03    2.36212e+02    1.81497e+03    2.69123e+03
     Coulomb-14        LJ (SR)  Disper. corr.   Coulomb (SR)   Coul. recip.
    7.82223e+03    9.29145e+04   -4.55710e+03   -6.34164e+05    2.57286e+03
      Potential    Kinetic En.   Total Energy    Temperature Pres. DC (bar)
   -5.25572e+05    8.57366e+04   -4.39835e+05    2.99943e+02   -2.25257e+02
 Pressure (bar)   Constr. rmsd
   -7.76566e+01    3.31483e-06

DD  load balancing is limited by minimum cell size in dimension X
DD  step 259999  vol min/aver 0.360! load imb.: force 254.8%

           Step           Time         Lambda
         260000      520.00000        0.00000

   Energies (kJ/mol)
           Bond          Angle    Proper Dih. Ryckaert-Bell.          LJ-14
    1.44694e+03    3.91834e+03    2.68668e+02    1.75653e+03    2.70768e+03
     Coulomb-14        LJ (SR)  Disper. corr.   Coulomb (SR)   Coul. recip.
    7.91175e+03    9.22960e+04   -4.53413e+03   -6.32811e+05    2.55473e+03
      Potential    Kinetic En.   Total Energy    Temperature Pres. DC (bar)
   -5.24485e+05    8.59063e+04   -4.38578e+05    3.00537e+02   -2.22994e+02
 Pressure (bar)   Constr. rmsd
   -2.36321e+02    2.85232e-06

DD  load balancing is limited by minimum cell size in dimension X
DD  step 264999  vol min/aver 0.513! load imb.: force 146.1%

           Step           Time         Lambda
         265000      530.00000        0.00000

   Energies (kJ/mol)
           Bond          Angle    Proper Dih. Ryckaert-Bell.          LJ-14
    1.53188e+03    3.72746e+03    2.61781e+02    1.79979e+03    2.64961e+03
     Coulomb-14        LJ (SR)  Disper. corr.   Coulomb (SR)   Coul. recip.
    7.71681e+03    9.38396e+04   -4.55351e+03   -6.34919e+05    2.57672e+03
      Potential    Kinetic En.   Total Energy    Temperature Pres. DC (bar)
   -5.25369e+05    8.55924e+04   -4.39776e+05    2.99439e+02   -2.24902e+02
 Pressure (bar)   Constr. rmsd
   -2.37486e+01    2.86610e-06

DD  load balancing is limited by minimum cell size in dimension X
DD  step 269999  vol min/aver 0.520! load imb.: force 38.0%

           Step           Time         Lambda
         270000      540.00000        0.00000

   Energies (kJ/mol)
           Bond          Angle    Proper Dih. Ryckaert-Bell.          LJ-14
    1.41020e+03    3.68372e+03    2.42731e+02    1.77800e+03    2.74241e+03
     Coulomb-14        LJ (SR)  Disper. corr.   Coulomb (SR)   Coul. recip.
    7.79201e+03    9.55583e+04   -4.56935e+03   -6.36148e+05    2.62702e+03
      Potential    Kinetic En.   Total Energy    Temperature Pres. DC (bar)
   -5.24884e+05    8.58665e+04   -4.39017e+05    3.00397e+02   -2.26467e+02
 Pressure (bar)   Constr. rmsd
    4.56319e+02    2.74961e-06

DD  step 274999  vol min/aver 0.478  load imb.: force 21.8%

           Step           Time         Lambda
         275000      550.00000        0.00000

   Energies (kJ/mol)
           Bond          Angle    Proper Dih. Ryckaert-Bell.          LJ-14
    1.51414e+03    3.66040e+03    2.74718e+02    1.69113e+03    2.65058e+03
     Coulomb-14        LJ (SR)  Disper. corr.   Coulomb (SR)   Coul. recip.
    7.78972e+03    9.42643e+04   -4.55184e+03   -6.34840e+05    2.64243e+03
      Potential    Kinetic En.   Total Energy    Temperature Pres. DC (bar)
   -5.24904e+05    8.55786e+04   -4.39325e+05    2.99391e+02   -2.24737e+02
 Pressure (bar)   Constr. rmsd
    2.94467e+01    2.82097e-06

DD  load balancing is limited by minimum cell size in dimension X
DD  step 279999  vol min/aver 0.533! load imb.: force 114.3%

           Step           Time         Lambda
         280000      560.00000        0.00000

   Energies (kJ/mol)
           Bond          Angle    Proper Dih. Ryckaert-Bell.          LJ-14
    1.41630e+03    3.84653e+03    2.59284e+02    1.72202e+03    2.64065e+03
     Coulomb-14        LJ (SR)  Disper. corr.   Coulomb (SR)   Coul. recip.
    7.84704e+03    9.30930e+04   -4.55683e+03   -6.33674e+05    2.66047e+03
      Potential    Kinetic En.   Total Energy    Temperature Pres. DC (bar)
   -5.24746e+05    8.58478e+04   -4.38898e+05    3.00332e+02   -2.25229e+02
 Pressure (bar)   Constr. rmsd
   -1.04676e+02    3.03510e-06

DD  load balancing is limited by minimum cell size in dimension X
DD  step 284999  vol min/aver 0.513! load imb.: force 36.9%

           Step           Time         Lambda
         285000      570.00000        0.00000

   Energies (kJ/mol)
           Bond          Angle    Proper Dih. Ryckaert-Bell.          LJ-14
    1.67402e+03    3.69391e+03    2.54377e+02    1.79470e+03    2.52356e+03
     Coulomb-14        LJ (SR)  Disper. corr.   Coulomb (SR)   Coul. recip.
    7.66434e+03    9.34941e+04   -4.54822e+03   -6.34357e+05    2.67184e+03
      Potential    Kinetic En.   Total Energy    Temperature Pres. DC (bar)
   -5.25134e+05    8.56865e+04   -4.39448e+05    2.99768e+02   -2.24381e+02
 Pressure (bar)   Constr. rmsd
   -3.41007e+02    2.87058e-06

DD  load balancing is limited by minimum cell size in dimension X
DD  step 289999  vol min/aver 0.503! load imb.: force 27.0%

           Step           Time         Lambda
         290000      580.00000        0.00000

   Energies (kJ/mol)
           Bond          Angle    Proper Dih. Ryckaert-Bell.          LJ-14
    1.54152e+03    3.67136e+03    2.54045e+02    1.64475e+03    2.61710e+03
     Coulomb-14        LJ (SR)  Disper. corr.   Coulomb (SR)   Coul. recip.
    7.83003e+03    9.29158e+04   -4.56102e+03   -6.34361e+05    2.55230e+03
      Potential    Kinetic En.   Total Energy    Temperature Pres. DC (bar)
   -5.25895e+05    8.59123e+04   -4.39983e+05    3.00558e+02   -2.25644e+02
 Pressure (bar)   Constr. rmsd
   -2.92452e+02    2.39007e-06

DD  step 294999  vol min/aver 0.509  load imb.: force 109.9%

           Step           Time         Lambda
         295000      590.00000        0.00000

   Energies (kJ/mol)
           Bond          Angle    Proper Dih. Ryckaert-Bell.          LJ-14
    1.47786e+03    3.67223e+03    2.32219e+02    1.77519e+03    2.65452e+03
     Coulomb-14        LJ (SR)  Disper. corr.   Coulomb (SR)   Coul. recip.
    7.76934e+03    9.41693e+04   -4.57061e+03   -6.34167e+05    2.62228e+03
      Potential    Kinetic En.   Total Energy    Temperature Pres. DC (bar)
   -5.24365e+05    8.59479e+04   -4.38417e+05    3.00682e+02   -2.26592e+02
 Pressure (bar)   Constr. rmsd
    1.02879e+02    2.92988e-06

DD  load balancing is limited by minimum cell size in dimension X
DD  step 299999  vol min/aver 0.494! load imb.: force 88.4%

           Step           Time         Lambda
         300000      600.00000        0.00000

   Energies (kJ/mol)
           Bond          Angle    Proper Dih. Ryckaert-Bell.          LJ-14
    1.49833e+03    3.94059e+03    2.42325e+02    1.70079e+03    2.68134e+03
     Coulomb-14        LJ (SR)  Disper. corr.   Coulomb (SR)   Coul. recip.
    7.87147e+03    9.33835e+04   -4.55605e+03   -6.32508e+05    2.56508e+03
      Potential    Kinetic En.   Total Energy    Temperature Pres. DC (bar)
   -5.23181e+05    8.57931e+04   -4.37388e+05    3.00141e+02   -2.25153e+02
 Pressure (bar)   Constr. rmsd
    1.72465e+02    2.82427e-06

DD  load balancing is limited by minimum cell size in dimension X
DD  step 304999  vol min/aver 0.470! load imb.: force 22.8%

           Step           Time         Lambda
         305000      610.00000        0.00000

   Energies (kJ/mol)
           Bond          Angle    Proper Dih. Ryckaert-Bell.          LJ-14
    1.41862e+03    3.84616e+03    2.40983e+02    1.76504e+03    2.59890e+03
     Coulomb-14        LJ (SR)  Disper. corr.   Coulomb (SR)   Coul. recip.
    7.71430e+03    9.39877e+04   -4.57950e+03   -6.34543e+05    2.53737e+03
      Potential    Kinetic En.   Total Energy    Temperature Pres. DC (bar)
   -5.25014e+05    8.56196e+04   -4.39394e+05    2.99534e+02   -2.27474e+02
 Pressure (bar)   Constr. rmsd
    2.18820e+02    2.63131e-06

DD  load balancing is limited by minimum cell size in dimension X
DD  step 309999  vol min/aver 0.538! load imb.: force 30.1%

           Step           Time         Lambda
         310000      620.00000        0.00000

   Energies (kJ/mol)
           Bond          Angle    Proper Dih. Ryckaert-Bell.          LJ-14
    1.47035e+03    3.90891e+03    2.23449e+02    1.62558e+03    2.50544e+03
     Coulomb-14        LJ (SR)  Disper. corr.   Coulomb (SR)   Coul. recip.
    7.69857e+03    9.33740e+04   -4.56292e+03   -6.35864e+05    2.55150e+03
      Potential    Kinetic En.   Total Energy    Temperature Pres. DC (bar)
   -5.27069e+05    8.59935e+04   -4.41076e+05    3.00842e+02   -2.25832e+02
 Pressure (bar)   Constr. rmsd
   -2.55129e+02    3.07343e-06

DD  load balancing is limited by minimum cell size in dimension X
DD  step 314999  vol min/aver 0.485! load imb.: force 136.1%

           Step           Time         Lambda
         315000      630.00000        0.00000

   Energies (kJ/mol)
           Bond          Angle    Proper Dih. Ryckaert-Bell.          LJ-14
    1.34669e+03    3.77904e+03    2.61305e+02    1.76405e+03    2.66030e+03
     Coulomb-14        LJ (SR)  Disper. corr.   Coulomb (SR)   Coul. recip.
    7.82943e+03    9.32381e+04   -4.55188e+03   -6.34237e+05    2.61347e+03
      Potential    Kinetic En.   Total Energy    Temperature Pres. DC (bar)
   -5.25297e+05    8.57291e+04   -4.39568e+05    2.99917e+02   -2.24742e+02
 Pressure (bar)   Constr. rmsd
   -6.98040e+01    2.70902e-06

DD  load balancing is limited by minimum cell size in dimension X
DD  step 319999  vol min/aver 0.516! load imb.: force 32.3%

           Step           Time         Lambda
         320000      640.00000        0.00000

   Energies (kJ/mol)
           Bond          Angle    Proper Dih. Ryckaert-Bell.          LJ-14
    1.44735e+03    3.72913e+03    2.24434e+02    1.83240e+03    2.64161e+03
     Coulomb-14        LJ (SR)  Disper. corr.   Coulomb (SR)   Coul. recip.
    7.86485e+03    9.33483e+04   -4.57105e+03   -6.35119e+05    2.61209e+03
      Potential    Kinetic En.   Total Energy    Temperature Pres. DC (bar)
   -5.25990e+05    8.55330e+04   -4.40457e+05    2.99231e+02   -2.26636e+02
 Pressure (bar)   Constr. rmsd
   -1.93387e+02    2.86449e-06

DD  load balancing is limited by minimum cell size in dimension X
DD  step 324999  vol min/aver 0.546! load imb.: force 231.4%

           Step           Time         Lambda
         325000      650.00000        0.00000

   Energies (kJ/mol)
           Bond          Angle    Proper Dih. Ryckaert-Bell.          LJ-14
    1.48682e+03    3.95705e+03    2.34340e+02    1.76757e+03    2.62084e+03
     Coulomb-14        LJ (SR)  Disper. corr.   Coulomb (SR)   Coul. recip.
    7.90279e+03    9.36010e+04   -4.55316e+03   -6.33922e+05    2.64181e+03
      Potential    Kinetic En.   Total Energy    Temperature Pres. DC (bar)
   -5.24263e+05    8.56669e+04   -4.38596e+05    2.99699e+02   -2.24868e+02
 Pressure (bar)   Constr. rmsd
   -2.76333e+01    3.19139e-06

DD  step 329999  vol min/aver 0.400  load imb.: force 33.7%

           Step           Time         Lambda
         330000      660.00000        0.00000

   Energies (kJ/mol)
           Bond          Angle    Proper Dih. Ryckaert-Bell.          LJ-14
    1.48477e+03    3.71610e+03    2.71675e+02    1.81141e+03    2.62716e+03
     Coulomb-14        LJ (SR)  Disper. corr.   Coulomb (SR)   Coul. recip.
    7.77346e+03    9.28554e+04   -4.54512e+03   -6.33111e+05    2.70185e+03
      Potential    Kinetic En.   Total Energy    Temperature Pres. DC (bar)
   -5.24414e+05    8.59071e+04   -4.38507e+05    3.00540e+02   -2.24075e+02
 Pressure (bar)   Constr. rmsd
   -1.56396e+02    2.97249e-06

DD  load balancing is limited by minimum cell size in dimension X
DD  step 334999  vol min/aver 0.521! load imb.: force 18.1%

           Step           Time         Lambda
         335000      670.00000        0.00000

   Energies (kJ/mol)
           Bond          Angle    Proper Dih. Ryckaert-Bell.          LJ-14
    1.44213e+03    3.79054e+03    2.76165e+02    1.90104e+03    2.69848e+03
     Coulomb-14        LJ (SR)  Disper. corr.   Coulomb (SR)   Coul. recip.
    7.80337e+03    9.28511e+04   -4.55445e+03   -6.33587e+05    2.59564e+03
      Potential    Kinetic En.   Total Energy    Temperature Pres. DC (bar)
   -5.24783e+05    8.63631e+04   -4.38420e+05    3.02135e+02   -2.24995e+02
 Pressure (bar)   Constr. rmsd
   -7.63413e+01    2.93486e-06

Writing checkpoint, step 338200 at Tue May 17 19:01:15 2022


DD  load balancing is limited by minimum cell size in dimension X
DD  step 339999  vol min/aver 0.483! load imb.: force 57.9%

           Step           Time         Lambda
         340000      680.00000        0.00000

   Energies (kJ/mol)
           Bond          Angle    Proper Dih. Ryckaert-Bell.          LJ-14
    1.42398e+03    3.73244e+03    2.36330e+02    1.69699e+03    2.65081e+03
     Coulomb-14        LJ (SR)  Disper. corr.   Coulomb (SR)   Coul. recip.
    7.80636e+03    9.48570e+04   -4.55220e+03   -6.36462e+05    2.65322e+03
      Potential    Kinetic En.   Total Energy    Temperature Pres. DC (bar)
   -5.25957e+05    8.66267e+04   -4.39330e+05    3.03057e+02   -2.24773e+02
 Pressure (bar)   Constr. rmsd
    3.42006e+01    2.73724e-06

DD  step 344999  vol min/aver 0.437  load imb.: force 53.0%

           Step           Time         Lambda
         345000      690.00000        0.00000

   Energies (kJ/mol)
           Bond          Angle    Proper Dih. Ryckaert-Bell.          LJ-14
    1.41829e+03    3.69196e+03    2.53394e+02    1.76095e+03    2.62598e+03
     Coulomb-14        LJ (SR)  Disper. corr.   Coulomb (SR)   Coul. recip.
    7.79186e+03    9.25330e+04   -4.56330e+03   -6.32974e+05    2.63969e+03
      Potential    Kinetic En.   Total Energy    Temperature Pres. DC (bar)
   -5.24823e+05    8.61621e+04   -4.38660e+05    3.01432e+02   -2.25869e+02
 Pressure (bar)   Constr. rmsd
   -1.33377e+02    2.81100e-06

DD  load balancing is limited by minimum cell size in dimension X
DD  step 349999  vol min/aver 0.543! load imb.: force 71.4%

           Step           Time         Lambda
         350000      700.00000        0.00000

   Energies (kJ/mol)
           Bond          Angle    Proper Dih. Ryckaert-Bell.          LJ-14
    1.50378e+03    3.75993e+03    2.57529e+02    1.69573e+03    2.66953e+03
     Coulomb-14        LJ (SR)  Disper. corr.   Coulomb (SR)   Coul. recip.
    7.77747e+03    9.50144e+04   -4.56556e+03   -6.35682e+05    2.57735e+03
      Potential    Kinetic En.   Total Energy    Temperature Pres. DC (bar)
   -5.24992e+05    8.56190e+04   -4.39373e+05    2.99532e+02   -2.26093e+02
 Pressure (bar)   Constr. rmsd
    2.22095e+02    2.69772e-06

DD  load balancing is limited by minimum cell size in dimension X
DD  step 354999  vol min/aver 0.596! load imb.: force 96.4%

           Step           Time         Lambda
         355000      710.00000        0.00000

   Energies (kJ/mol)
           Bond          Angle    Proper Dih. Ryckaert-Bell.          LJ-14
    1.50996e+03    3.85887e+03    2.68202e+02    1.71973e+03    2.62128e+03
     Coulomb-14        LJ (SR)  Disper. corr.   Coulomb (SR)   Coul. recip.
    7.85483e+03    9.36772e+04   -4.55100e+03   -6.34053e+05    2.58572e+03
      Potential    Kinetic En.   Total Energy    Temperature Pres. DC (bar)
   -5.24508e+05    8.54975e+04   -4.39011e+05    2.99107e+02   -2.24655e+02
 Pressure (bar)   Constr. rmsd
   -1.27742e+02    2.82455e-06

DD  load balancing is limited by minimum cell size in dimension X
DD  step 359999  vol min/aver 0.410! load imb.: force 22.3%

           Step           Time         Lambda
         360000      720.00000        0.00000

   Energies (kJ/mol)
           Bond          Angle    Proper Dih. Ryckaert-Bell.          LJ-14
    1.42380e+03    3.74286e+03    2.57903e+02    1.80007e+03    2.69626e+03
     Coulomb-14        LJ (SR)  Disper. corr.   Coulomb (SR)   Coul. recip.
    7.90735e+03    9.29707e+04   -4.53400e+03   -6.33866e+05    2.67379e+03
      Potential    Kinetic En.   Total Energy    Temperature Pres. DC (bar)
   -5.24927e+05    8.52266e+04   -4.39700e+05    2.98159e+02   -2.22981e+02
 Pressure (bar)   Constr. rmsd
   -2.10083e+02    2.94975e-06

DD  load balancing is limited by minimum cell size in dimension X
DD  step 364999  vol min/aver 0.558! load imb.: force 28.2%

           Step           Time         Lambda
         365000      730.00000        0.00000

   Energies (kJ/mol)
           Bond          Angle    Proper Dih. Ryckaert-Bell.          LJ-14
    1.52132e+03    3.76913e+03    2.27306e+02    1.78409e+03    2.55682e+03
     Coulomb-14        LJ (SR)  Disper. corr.   Coulomb (SR)   Coul. recip.
    7.71238e+03    9.50486e+04   -4.57316e+03   -6.36858e+05    2.57152e+03
      Potential    Kinetic En.   Total Energy    Temperature Pres. DC (bar)
   -5.26240e+05    8.64109e+04   -4.39829e+05    3.02302e+02   -2.26845e+02
 Pressure (bar)   Constr. rmsd
    1.91072e+02    3.12949e-06

DD  load balancing is limited by minimum cell size in dimension X
DD  step 369999  vol min/aver 0.508! load imb.: force 168.3%

           Step           Time         Lambda
         370000      740.00000        0.00000

   Energies (kJ/mol)
           Bond          Angle    Proper Dih. Ryckaert-Bell.          LJ-14
    1.45905e+03    3.81764e+03    2.18633e+02    1.72355e+03    2.67860e+03
     Coulomb-14        LJ (SR)  Disper. corr.   Coulomb (SR)   Coul. recip.
    7.77955e+03    9.42993e+04   -4.55232e+03   -6.35628e+05    2.53259e+03
      Potential    Kinetic En.   Total Energy    Temperature Pres. DC (bar)
   -5.25671e+05    8.52735e+04   -4.40398e+05    2.98323e+02   -2.24785e+02
 Pressure (bar)   Constr. rmsd
    1.37570e+02    3.01307e-06

DD  load balancing is limited by minimum cell size in dimension X
DD  step 374999  vol min/aver 0.470! load imb.: force 48.2%

           Step           Time         Lambda
         375000      750.00000        0.00000

   Energies (kJ/mol)
           Bond          Angle    Proper Dih. Ryckaert-Bell.          LJ-14
    1.46749e+03    3.71133e+03    2.39744e+02    1.70162e+03    2.66476e+03
     Coulomb-14        LJ (SR)  Disper. corr.   Coulomb (SR)   Coul. recip.
    7.73785e+03    9.36682e+04   -4.54487e+03   -6.34047e+05    2.58570e+03
      Potential    Kinetic En.   Total Energy    Temperature Pres. DC (bar)
   -5.24815e+05    8.62734e+04   -4.38542e+05    3.01821e+02   -2.24050e+02
 Pressure (bar)   Constr. rmsd
   -6.26491e+01    3.15209e-06

DD  load balancing is limited by minimum cell size in dimension X
DD  step 379999  vol min/aver 0.415! load imb.: force 92.1%

           Step           Time         Lambda
         380000      760.00000        0.00000

   Energies (kJ/mol)
           Bond          Angle    Proper Dih. Ryckaert-Bell.          LJ-14
    1.51029e+03    3.82892e+03    2.25058e+02    1.74482e+03    2.61966e+03
     Coulomb-14        LJ (SR)  Disper. corr.   Coulomb (SR)   Coul. recip.
    7.74325e+03    9.23898e+04   -4.54643e+03   -6.33382e+05    2.57095e+03
      Potential    Kinetic En.   Total Energy    Temperature Pres. DC (bar)
   -5.25296e+05    8.51212e+04   -4.40175e+05    2.97790e+02   -2.24205e+02
 Pressure (bar)   Constr. rmsd
   -2.42126e+02    2.64533e-06

DD  load balancing is limited by minimum cell size in dimension X
DD  step 384999  vol min/aver 0.501! load imb.: force 51.5%

           Step           Time         Lambda
         385000      770.00000        0.00000

   Energies (kJ/mol)
           Bond          Angle    Proper Dih. Ryckaert-Bell.          LJ-14
    1.53165e+03    3.74643e+03    1.93308e+02    1.71896e+03    2.72453e+03
     Coulomb-14        LJ (SR)  Disper. corr.   Coulomb (SR)   Coul. recip.
    7.83964e+03    9.36837e+04   -4.55818e+03   -6.34543e+05    2.64892e+03
      Potential    Kinetic En.   Total Energy    Temperature Pres. DC (bar)
   -5.25014e+05    8.61762e+04   -4.38838e+05    3.01481e+02   -2.25363e+02
 Pressure (bar)   Constr. rmsd
    1.37190e+02    2.64070e-06

DD  step 389999  vol min/aver 0.447  load imb.: force 45.4%

           Step           Time         Lambda
         390000      780.00000        0.00000

   Energies (kJ/mol)
           Bond          Angle    Proper Dih. Ryckaert-Bell.          LJ-14
    1.52397e+03    3.77713e+03    2.49048e+02    1.73154e+03    2.62157e+03
     Coulomb-14        LJ (SR)  Disper. corr.   Coulomb (SR)   Coul. recip.
    7.74317e+03    9.57455e+04   -4.56661e+03   -6.36984e+05    2.55058e+03
      Potential    Kinetic En.   Total Energy    Temperature Pres. DC (bar)
   -5.25608e+05    8.54911e+04   -4.40117e+05    2.99084e+02   -2.26197e+02
 Pressure (bar)   Constr. rmsd
    2.49874e+02    3.05734e-06

DD  load balancing is limited by minimum cell size in dimension X
DD  step 394999  vol min/aver 0.478! load imb.: force 26.2%

           Step           Time         Lambda
         395000      790.00000        0.00000

   Energies (kJ/mol)
           Bond          Angle    Proper Dih. Ryckaert-Bell.          LJ-14
    1.54735e+03    3.70176e+03    2.68227e+02    1.73676e+03    2.64128e+03
     Coulomb-14        LJ (SR)  Disper. corr.   Coulomb (SR)   Coul. recip.
    7.88415e+03    9.36237e+04   -4.56878e+03   -6.35280e+05    2.65809e+03
      Potential    Kinetic En.   Total Energy    Temperature Pres. DC (bar)
   -5.25787e+05    8.59542e+04   -4.39833e+05    3.00704e+02   -2.26411e+02
 Pressure (bar)   Constr. rmsd
   -5.95291e+01    2.92428e-06

