Log file opened on Tue May 17 18:17:26 2022
Host: jupiter.sbs.ntu.edu.sg  pid: 27001  rank ID: 0  number of ranks:  1
                   :-) GROMACS - gmx mdrun, VERSION 5.1.2 (-:

                            GROMACS is written by:
     Emile Apol      Rossen Apostolov  Herman J.C. Berendsen    Par Bjelkmar   
 Aldert van Buuren   Rudi van Drunen     Anton Feenstra   Sebastian Fritsch 
  Gerrit Groenhof   Christoph Junghans   Anca Hamuraru    Vincent Hindriksen
 Dimitrios Karkoulis    Peter Kasson        Jiri Kraus      Carsten Kutzner  
    Per Larsson      Justin A. Lemkul   Magnus Lundborg   Pieter Meulenhoff 
   Erik Marklund      Teemu Murtola       Szilard Pall       Sander Pronk   
   Roland Schulz     Alexey Shvetsov     Michael Shirts     Alfons Sijbers  
   Peter Tieleman    Teemu Virolainen  Christian Wennberg    Maarten Wolf   
                           and the project leaders:
        Mark Abraham, Berk Hess, Erik Lindahl, and David van der Spoel

Copyright (c) 1991-2000, University of Groningen, The Netherlands.
Copyright (c) 2001-2015, The GROMACS development team at
Uppsala University, Stockholm University and
the Royal Institute of Technology, Sweden.
check out http://www.gromacs.org for more information.

GROMACS is free software; you can redistribute it and/or modify it
under the terms of the GNU Lesser General Public License
as published by the Free Software Foundation; either version 2.1
of the License, or (at your option) any later version.

GROMACS:      gmx mdrun, VERSION 5.1.2
Executable:   /apps/gromacs/5.1.2/threadmpi_cuda7.5/bin/gmx
Data prefix:  /apps/gromacs/5.1.2/threadmpi_cuda7.5
Command line:
  gmx mdrun -deffnm npt

GROMACS version:    VERSION 5.1.2
Precision:          single
Memory model:       64 bit
MPI library:        thread_mpi
OpenMP support:     enabled (GMX_OPENMP_MAX_THREADS = 32)
GPU support:        enabled
OpenCL support:     disabled
invsqrt routine:    gmx_software_invsqrt(x)
SIMD instructions:  AVX2_256
FFT library:        fftw-3.3.4-sse2-avx
RDTSCP usage:       enabled
C++11 compilation:  disabled
TNG support:        enabled
Tracing support:    disabled
Built on:           Wed Apr  3 21:14:53 +08 2019
Built by:           lzheng002@jupiter.sbs.ntu.edu.sg [CMAKE]
Build OS/arch:      Linux 3.10.0-957.10.1.el7.x86_64 x86_64
Build CPU vendor:   GenuineIntel
Build CPU brand:    Intel(R) Xeon(R) Silver 4116 CPU @ 2.10GHz
Build CPU family:   6   Model: 85   Stepping: 4
Build CPU features: aes apic avx avx2 avx512f avx512cd clfsh cmov cx8 cx16 f16c fma htt lahf_lm mmx msr nonstop_tsc pcid pclmuldq pdcm pdpe1gb popcnt pse rdrnd rdtscp sse2 sse3 sse4.1 sse4.2 ssse3 tdt x2apic
C compiler:         /usr/bin/cc GNU 4.8.5
C compiler flags:    -march=core-avx2    -Wextra -Wno-missing-field-initializers -Wno-sign-compare -Wpointer-arith -Wall -Wno-unused -Wunused-value -Wunused-parameter  -O3 -DNDEBUG -funroll-all-loops -fexcess-precision=fast  -Wno-array-bounds 
C++ compiler:       /usr/bin/c++ GNU 4.8.5
C++ compiler flags:  -march=core-avx2    -Wextra -Wno-missing-field-initializers -Wpointer-arith -Wall -Wno-unused-function  -O3 -DNDEBUG -funroll-all-loops -fexcess-precision=fast  -Wno-array-bounds 
Boost version:      1.53.0 (external)
CUDA compiler:      /usr/local/cuda-7.5/bin/nvcc nvcc: NVIDIA (R) Cuda compiler driver;Copyright (c) 2005-2015 NVIDIA Corporation;Built on Tue_Aug_11_14:27:32_CDT_2015;Cuda compilation tools, release 7.5, V7.5.17
CUDA compiler flags:-gencode;arch=compute_20,code=sm_20;-gencode;arch=compute_30,code=sm_30;-gencode;arch=compute_35,code=sm_35;-gencode;arch=compute_37,code=sm_37;-gencode;arch=compute_50,code=sm_50;-gencode;arch=compute_52,code=sm_52;-gencode;arch=compute_52,code=compute_52;-use_fast_math;; ;-march=core-avx2;-Wextra;-Wno-missing-field-initializers;-Wpointer-arith;-Wall;-Wno-unused-function;-O3;-DNDEBUG;-funroll-all-loops;-fexcess-precision=fast;-Wno-array-bounds;
CUDA driver:        11.60
CUDA runtime:       7.50


Running on 1 node with total 24 cores, 48 logical cores, 2 compatible GPUs
Hardware detected:
  CPU info:
    Vendor: GenuineIntel
    Brand:  Intel(R) Xeon(R) Silver 4116 CPU @ 2.10GHz
    Family:  6  model: 85  stepping:  4
    CPU features: aes apic avx avx2 avx512f avx512cd clfsh cmov cx8 cx16 f16c fma htt lahf_lm mmx msr nonstop_tsc pcid pclmuldq pdcm pdpe1gb popcnt pse rdrnd rdtscp sse2 sse3 sse4.1 sse4.2 ssse3 tdt x2apic
    SIMD instructions most likely to fit this hardware: AVX2_256
    SIMD instructions selected at GROMACS compile time: AVX2_256
  GPU info:
    Number of GPUs detected: 2
    #0: NVIDIA NVIDIA GeForce GTX 1080 Ti, compute cap.: 6.1, ECC:  no, stat: compatible
    #1: NVIDIA NVIDIA GeForce GTX 1080 Ti, compute cap.: 6.1, ECC:  no, stat: compatible


++++ PLEASE READ AND CITE THE FOLLOWING REFERENCE ++++
M. J. Abraham, T. Murtola, R. Schulz, S. Páll, J. C. Smith, B. Hess, E.
Lindahl
GROMACS: High performance molecular simulations through multi-level
parallelism from laptops to supercomputers
SoftwareX 1 (2015) pp. 19-25
-------- -------- --- Thank You --- -------- --------


++++ PLEASE READ AND CITE THE FOLLOWING REFERENCE ++++
S. Páll, M. J. Abraham, C. Kutzner, B. Hess, E. Lindahl
Tackling Exascale Software Challenges in Molecular Dynamics Simulations with
GROMACS
In S. Markidis & E. Laure (Eds.), Solving Software Challenges for Exascale 8759 (2015) pp. 3-27
-------- -------- --- Thank You --- -------- --------


++++ PLEASE READ AND CITE THE FOLLOWING REFERENCE ++++
S. Pronk, S. Páll, R. Schulz, P. Larsson, P. Bjelkmar, R. Apostolov, M. R.
Shirts, J. C. Smith, P. M. Kasson, D. van der Spoel, B. Hess, and E. Lindahl
GROMACS 4.5: a high-throughput and highly parallel open source molecular
simulation toolkit
Bioinformatics 29 (2013) pp. 845-54
-------- -------- --- Thank You --- -------- --------


++++ PLEASE READ AND CITE THE FOLLOWING REFERENCE ++++
B. Hess and C. Kutzner and D. van der Spoel and E. Lindahl
GROMACS 4: Algorithms for highly efficient, load-balanced, and scalable
molecular simulation
J. Chem. Theory Comput. 4 (2008) pp. 435-447
-------- -------- --- Thank You --- -------- --------


++++ PLEASE READ AND CITE THE FOLLOWING REFERENCE ++++
D. van der Spoel, E. Lindahl, B. Hess, G. Groenhof, A. E. Mark and H. J. C.
Berendsen
GROMACS: Fast, Flexible and Free
J. Comp. Chem. 26 (2005) pp. 1701-1719
-------- -------- --- Thank You --- -------- --------


++++ PLEASE READ AND CITE THE FOLLOWING REFERENCE ++++
E. Lindahl and B. Hess and D. van der Spoel
GROMACS 3.0: A package for molecular simulation and trajectory analysis
J. Mol. Mod. 7 (2001) pp. 306-317
-------- -------- --- Thank You --- -------- --------


++++ PLEASE READ AND CITE THE FOLLOWING REFERENCE ++++
H. J. C. Berendsen, D. van der Spoel and R. van Drunen
GROMACS: A message-passing parallel molecular dynamics implementation
Comp. Phys. Comm. 91 (1995) pp. 43-56
-------- -------- --- Thank You --- -------- --------


For optimal performance with a GPU nstlist (now 10) should be larger.
The optimum depends on your CPU and GPU resources.
You might want to try several nstlist values.
Changing nstlist from 10 to 40, rlist from 1 to 1.097

Input Parameters:
   integrator                     = md
   tinit                          = 0
   dt                             = 0.002
   nsteps                         = 50000
   init-step                      = 0
   simulation-part                = 1
   comm-mode                      = Linear
   nstcomm                        = 100
   bd-fric                        = 0
   ld-seed                        = 1591053454
   emtol                          = 10
   emstep                         = 0.01
   niter                          = 20
   fcstep                         = 0
   nstcgsteep                     = 1000
   nbfgscorr                      = 10
   rtpi                           = 0.05
   nstxout                        = 500
   nstvout                        = 500
   nstfout                        = 0
   nstlog                         = 500
   nstcalcenergy                  = 100
   nstenergy                      = 500
   nstxout-compressed             = 0
   compressed-x-precision         = 1000
   cutoff-scheme                  = Verlet
   nstlist                        = 40
   ns-type                        = Grid
   pbc                            = xyz
   periodic-molecules             = FALSE
   verlet-buffer-tolerance        = 0.005
   rlist                          = 1.097
   rlistlong                      = 1.097
   nstcalclr                      = 10
   coulombtype                    = PME
   coulomb-modifier               = Potential-shift
   rcoulomb-switch                = 0
   rcoulomb                       = 1
   epsilon-r                      = 1
   epsilon-rf                     = inf
   vdw-type                       = Cut-off
   vdw-modifier                   = Potential-shift
   rvdw-switch                    = 0
   rvdw                           = 1
   DispCorr                       = EnerPres
   table-extension                = 1
   fourierspacing                 = 0.16
   fourier-nx                     = 44
   fourier-ny                     = 44
   fourier-nz                     = 44
   pme-order                      = 4
   ewald-rtol                     = 1e-05
   ewald-rtol-lj                  = 0.001
   lj-pme-comb-rule               = Geometric
   ewald-geometry                 = 0
   epsilon-surface                = 0
   implicit-solvent               = No
   gb-algorithm                   = Still
   nstgbradii                     = 1
   rgbradii                       = 1
   gb-epsilon-solvent             = 80
   gb-saltconc                    = 0
   gb-obc-alpha                   = 1
   gb-obc-beta                    = 0.8
   gb-obc-gamma                   = 4.85
   gb-dielectric-offset           = 0.009
   sa-algorithm                   = Ace-approximation
   sa-surface-tension             = 2.05016
   tcoupl                         = V-rescale
   nsttcouple                     = 10
   nh-chain-length                = 0
   print-nose-hoover-chain-variables = FALSE
   pcoupl                         = Parrinello-Rahman
   pcoupltype                     = Isotropic
   nstpcouple                     = 10
   tau-p                          = 2
   compressibility (3x3):
      compressibility[    0]={ 4.50000e-05,  0.00000e+00,  0.00000e+00}
      compressibility[    1]={ 0.00000e+00,  4.50000e-05,  0.00000e+00}
      compressibility[    2]={ 0.00000e+00,  0.00000e+00,  4.50000e-05}
   ref-p (3x3):
      ref-p[    0]={ 1.00000e+00,  0.00000e+00,  0.00000e+00}
      ref-p[    1]={ 0.00000e+00,  1.00000e+00,  0.00000e+00}
      ref-p[    2]={ 0.00000e+00,  0.00000e+00,  1.00000e+00}
   refcoord-scaling               = COM
   posres-com (3):
      posres-com[0]= 4.97334e-01
      posres-com[1]= 5.02215e-01
      posres-com[2]= 4.99743e-01
   posres-comB (3):
      posres-comB[0]= 4.97334e-01
      posres-comB[1]= 5.02215e-01
      posres-comB[2]= 4.99743e-01
   QMMM                           = FALSE
   QMconstraints                  = 0
   QMMMscheme                     = 0
   MMChargeScaleFactor            = 1
qm-opts:
   ngQM                           = 0
   constraint-algorithm           = Lincs
   continuation                   = TRUE
   Shake-SOR                      = FALSE
   shake-tol                      = 0.0001
   lincs-order                    = 4
   lincs-iter                     = 1
   lincs-warnangle                = 30
   nwall                          = 0
   wall-type                      = 9-3
   wall-r-linpot                  = -1
   wall-atomtype[0]               = -1
   wall-atomtype[1]               = -1
   wall-density[0]                = 0
   wall-density[1]                = 0
   wall-ewald-zfac                = 3
   pull                           = FALSE
   rotation                       = FALSE
   interactiveMD                  = FALSE
   disre                          = No
   disre-weighting                = Conservative
   disre-mixed                    = FALSE
   dr-fc                          = 1000
   dr-tau                         = 0
   nstdisreout                    = 100
   orire-fc                       = 0
   orire-tau                      = 0
   nstorireout                    = 100
   free-energy                    = no
   cos-acceleration               = 0
   deform (3x3):
      deform[    0]={ 0.00000e+00,  0.00000e+00,  0.00000e+00}
      deform[    1]={ 0.00000e+00,  0.00000e+00,  0.00000e+00}
      deform[    2]={ 0.00000e+00,  0.00000e+00,  0.00000e+00}
   simulated-tempering            = FALSE
   E-x:
      n = 0
   E-xt:
      n = 0
   E-y:
      n = 0
   E-yt:
      n = 0
   E-z:
      n = 0
   E-zt:
      n = 0
   swapcoords                     = no
   adress                         = FALSE
   userint1                       = 0
   userint2                       = 0
   userint3                       = 0
   userint4                       = 0
   userreal1                      = 0
   userreal2                      = 0
   userreal3                      = 0
   userreal4                      = 0
grpopts:
   nrdf:     4920.79     63837.2
   ref-t:         300         300
   tau-t:         0.1         0.1
annealing:          No          No
annealing-npoints:           0           0
   acc:	           0           0           0
   nfreeze:           N           N           N
   energygrp-flags[  0]: 0


Initializing Domain Decomposition on 8 ranks
Dynamic load balancing: auto
Will sort the charge groups at every domain (re)decomposition
Initial maximum inter charge-group distances:
    two-body bonded interactions: 0.442 nm, LJ-14, atoms 1156 1405
  multi-body bonded interactions: 0.442 nm, Ryckaert-Bell., atoms 1156 1405
Minimum cell size due to bonded interactions: 0.486 nm
Maximum distance for 5 constraints, at 120 deg. angles, all-trans: 0.218 nm
Estimated maximum distance required for P-LINCS: 0.218 nm
Using 0 separate PME ranks, per user request
Scaling the initial minimum size with 1/0.8 (option -dds) = 1.25
Optimizing the DD grid for 8 cells with a minimum initial size of 0.608 nm
The maximum allowed number of cells is: X 11 Y 11 Z 11
Domain decomposition grid 4 x 2 x 1, separate PME ranks 0
PME domain decomposition: 4 x 2 x 1
Domain decomposition rank 0, coordinates 0 0 0

Using 8 MPI threads
Using 6 OpenMP threads per tMPI thread

2 compatible GPUs are present, with IDs 0,1
2 GPUs auto-selected for this run.
Mapping of GPU IDs to the 8 PP ranks in this node: 0,0,0,0,1,1,1,1

Will do PME sum in reciprocal space for electrostatic interactions.

++++ PLEASE READ AND CITE THE FOLLOWING REFERENCE ++++
U. Essmann, L. Perera, M. L. Berkowitz, T. Darden, H. Lee and L. G. Pedersen 
A smooth particle mesh Ewald method
J. Chem. Phys. 103 (1995) pp. 8577-8592
-------- -------- --- Thank You --- -------- --------

Will do ordinary reciprocal space Ewald sum.
Using a Gaussian width (1/beta) of 0.320163 nm for Ewald
Cut-off's:   NS: 1.097   Coulomb: 1   LJ: 1
Long Range LJ corr.: <C6> 3.1923e-04
System total charge: -0.000
Generated table with 1048 data points for Ewald.
Tabscale = 500 points/nm
Generated table with 1048 data points for LJ6.
Tabscale = 500 points/nm
Generated table with 1048 data points for LJ12.
Tabscale = 500 points/nm
Generated table with 1048 data points for 1-4 COUL.
Tabscale = 500 points/nm
Generated table with 1048 data points for 1-4 LJ6.
Tabscale = 500 points/nm
Generated table with 1048 data points for 1-4 LJ12.
Tabscale = 500 points/nm
Potential shift: LJ r^-12: -1.000e+00 r^-6: -1.000e+00, Ewald -1.000e-05
Initialized non-bonded Ewald correction tables, spacing: 9.33e-04 size: 1073


Using GPU 8x8 non-bonded kernels

Pinning threads with an auto-selected logical core stride of 1

Initializing Parallel LINear Constraint Solver

++++ PLEASE READ AND CITE THE FOLLOWING REFERENCE ++++
B. Hess
P-LINCS: A Parallel Linear Constraint Solver for molecular simulation
J. Chem. Theory Comput. 4 (2008) pp. 116-122
-------- -------- --- Thank You --- -------- --------

The number of constraints is 959
There are inter charge-group constraints,
will communicate selected coordinates each lincs iteration

++++ PLEASE READ AND CITE THE FOLLOWING REFERENCE ++++
S. Miyamoto and P. A. Kollman
SETTLE: An Analytical Version of the SHAKE and RATTLE Algorithms for Rigid
Water Models
J. Comp. Chem. 13 (1992) pp. 952-962
-------- -------- --- Thank You --- -------- --------


Linking all bonded interactions to atoms

The initial number of communication pulses is: X 1 Y 1
The initial domain decomposition cell size is: X 1.75 nm Y 3.51 nm

The maximum allowed distance for charge groups involved in interactions is:
                 non-bonded interactions           1.097 nm
(the following are initial values, they could change due to box deformation)
            two-body bonded interactions  (-rdd)   1.097 nm
          multi-body bonded interactions  (-rdd)   1.097 nm
  atoms separated by up to 5 constraints  (-rcon)  1.753 nm

When dynamic load balancing gets turned on, these settings will change to:
The maximum number of communication pulses is: X 1 Y 1
The minimum size for domain decomposition cells is 1.097 nm
The requested allowed shrink of DD cells (option -dds) is: 0.80
The allowed shrink of domain decomposition cells is: X 0.63 Y 0.31
The maximum allowed distance for charge groups involved in interactions is:
                 non-bonded interactions           1.097 nm
            two-body bonded interactions  (-rdd)   1.097 nm
          multi-body bonded interactions  (-rdd)   1.097 nm
  atoms separated by up to 5 constraints  (-rcon)  1.097 nm


Making 2D domain decomposition grid 4 x 2 x 1, home cell index 0 0 0

Center of mass motion removal mode is Linear
We have the following groups for center of mass motion removal:
  0:  rest

++++ PLEASE READ AND CITE THE FOLLOWING REFERENCE ++++
G. Bussi, D. Donadio and M. Parrinello
Canonical sampling through velocity rescaling
J. Chem. Phys. 126 (2007) pp. 014101
-------- -------- --- Thank You --- -------- --------

There are: 33876 Atoms
Atom distribution over 8 domains: av 4234 stddev 83 min 4171 max 4325

NOTE: DLB will not turn on during the first phase of PME tuning

Initial temperature: 301.587 K

Started mdrun on rank 0 Tue May 17 18:17:28 2022
           Step           Time         Lambda
              0        0.00000        0.00000

   Energies (kJ/mol)
           Bond          Angle    Proper Dih. Ryckaert-Bell.          LJ-14
    1.51417e+03    3.72287e+03    2.59174e+02    1.77832e+03    2.68275e+03
     Coulomb-14        LJ (SR)  Disper. corr.   Coulomb (SR)   Coul. recip.
    7.68038e+03    9.40885e+04   -4.44920e+03   -6.33778e+05    3.03082e+03
 Position Rest.      Potential    Kinetic En.   Total Energy    Temperature
    1.23086e-01   -5.23470e+05    8.62458e+04   -4.37224e+05    3.01725e+02
 Pres. DC (bar) Pressure (bar)   Constr. rmsd
   -2.14729e+02   -7.19437e+01    2.93576e-06

DD  step 39 load imb.: force 55.0%

step   80: timed with pme grid 44 44 44, coulomb cutoff 1.000: 657.1 M-cycles
step  160: timed with pme grid 40 40 40, coulomb cutoff 1.095: 458.8 M-cycles
step  240: timed with pme grid 36 36 36, coulomb cutoff 1.217: 732.1 M-cycles
step  320: timed with pme grid 40 40 40, coulomb cutoff 1.095: 464.3 M-cycles
step  400: timed with pme grid 42 42 42, coulomb cutoff 1.043: 460.9 M-cycles
              optimal pme grid 40 40 40, coulomb cutoff 1.095

NOTE: DLB can now turn on, when beneficial

At step 440 the performance loss due to force load imbalance is 3.1 %

NOTE: Turning on dynamic load balancing

           Step           Time         Lambda
            500        1.00000        0.00000

   Energies (kJ/mol)
           Bond          Angle    Proper Dih. Ryckaert-Bell.          LJ-14
    1.33670e+03    3.79100e+03    2.57737e+02    1.86686e+03    2.73727e+03
     Coulomb-14        LJ (SR)  Disper. corr.   Coulomb (SR)   Coul. recip.
    7.78407e+03    9.42825e+04   -4.56473e+03   -6.35382e+05    2.10298e+03
 Position Rest.      Potential    Kinetic En.   Total Energy    Temperature
    4.27256e+02   -5.25360e+05    8.65601e+04   -4.38800e+05    3.02824e+02
 Pres. DC (bar) Pressure (bar)   Constr. rmsd
   -2.26010e+02    1.91850e+02    2.91086e-06

DD  load balancing is limited by minimum cell size in dimension X
DD  step 999  vol min/aver 0.630! load imb.: force 28.5%

           Step           Time         Lambda
           1000        2.00000        0.00000

   Energies (kJ/mol)
           Bond          Angle    Proper Dih. Ryckaert-Bell.          LJ-14
    1.43859e+03    3.78822e+03    2.64968e+02    1.85225e+03    2.63662e+03
     Coulomb-14        LJ (SR)  Disper. corr.   Coulomb (SR)   Coul. recip.
    7.75745e+03    9.43031e+04   -4.55502e+03   -6.34145e+05    2.21167e+03
 Position Rest.      Potential    Kinetic En.   Total Energy    Temperature
    4.88609e+02   -5.23958e+05    8.51413e+04   -4.38817e+05    2.97861e+02
 Pres. DC (bar) Pressure (bar)   Constr. rmsd
   -2.25051e+02    3.63585e+00    3.15072e-06

           Step           Time         Lambda
           1500        3.00000        0.00000

   Energies (kJ/mol)
           Bond          Angle    Proper Dih. Ryckaert-Bell.          LJ-14
    1.47533e+03    3.68573e+03    2.48069e+02    1.82165e+03    2.61621e+03
     Coulomb-14        LJ (SR)  Disper. corr.   Coulomb (SR)   Coul. recip.
    7.62563e+03    9.14475e+04   -4.56122e+03   -6.30521e+05    2.20557e+03
 Position Rest.      Potential    Kinetic En.   Total Energy    Temperature
    4.27908e+02   -5.23529e+05    8.52802e+04   -4.38249e+05    2.98347e+02
 Pres. DC (bar) Pressure (bar)   Constr. rmsd
   -2.25664e+02   -3.56800e+02    3.13130e-06

DD  step 1999  vol min/aver 0.620  load imb.: force 31.1%

           Step           Time         Lambda
           2000        4.00000        0.00000

   Energies (kJ/mol)
           Bond          Angle    Proper Dih. Ryckaert-Bell.          LJ-14
    1.39873e+03    3.76357e+03    2.60971e+02    1.80111e+03    2.67645e+03
     Coulomb-14        LJ (SR)  Disper. corr.   Coulomb (SR)   Coul. recip.
    7.78425e+03    9.48518e+04   -4.56576e+03   -6.34684e+05    2.15352e+03
 Position Rest.      Potential    Kinetic En.   Total Energy    Temperature
    4.52002e+02   -5.24107e+05    8.65851e+04   -4.37522e+05    3.02912e+02
 Pres. DC (bar) Pressure (bar)   Constr. rmsd
   -2.26112e+02    1.87266e+02    3.10322e-06

           Step           Time         Lambda
           2500        5.00000        0.00000

   Energies (kJ/mol)
           Bond          Angle    Proper Dih. Ryckaert-Bell.          LJ-14
    1.45492e+03    3.83662e+03    2.88475e+02    1.85972e+03    2.61747e+03
     Coulomb-14        LJ (SR)  Disper. corr.   Coulomb (SR)   Coul. recip.
    7.70915e+03    9.32664e+04   -4.55438e+03   -6.33404e+05    2.14119e+03
 Position Rest.      Potential    Kinetic En.   Total Energy    Temperature
    4.34770e+02   -5.24350e+05    8.49092e+04   -4.39441e+05    2.97048e+02
 Pres. DC (bar) Pressure (bar)   Constr. rmsd
   -2.24988e+02   -1.35681e+02    2.80822e-06

DD  load balancing is limited by minimum cell size in dimension X
DD  step 2999  vol min/aver 0.634! load imb.: force 162.0%

           Step           Time         Lambda
           3000        6.00000        0.00000

   Energies (kJ/mol)
           Bond          Angle    Proper Dih. Ryckaert-Bell.          LJ-14
    1.30621e+03    3.84370e+03    2.68219e+02    1.81205e+03    2.69188e+03
     Coulomb-14        LJ (SR)  Disper. corr.   Coulomb (SR)   Coul. recip.
    7.74248e+03    9.33209e+04   -4.56000e+03   -6.33490e+05    2.17973e+03
 Position Rest.      Potential    Kinetic En.   Total Energy    Temperature
    4.58665e+02   -5.24426e+05    8.59437e+04   -4.38483e+05    3.00668e+02
 Pres. DC (bar) Pressure (bar)   Constr. rmsd
   -2.25543e+02    2.09524e+01    2.92120e-06

           Step           Time         Lambda
           3500        7.00000        0.00000

   Energies (kJ/mol)
           Bond          Angle    Proper Dih. Ryckaert-Bell.          LJ-14
    1.34438e+03    3.99642e+03    2.27742e+02    1.85887e+03    2.68937e+03
     Coulomb-14        LJ (SR)  Disper. corr.   Coulomb (SR)   Coul. recip.
    7.84358e+03    9.23546e+04   -4.55502e+03   -6.32687e+05    2.19107e+03
 Position Rest.      Potential    Kinetic En.   Total Energy    Temperature
    4.52187e+02   -5.24284e+05    8.46608e+04   -4.39623e+05    2.96179e+02
 Pres. DC (bar) Pressure (bar)   Constr. rmsd
   -2.25051e+02   -2.07218e+02    2.57317e-06

DD  load balancing is limited by minimum cell size in dimension X
DD  step 3999  vol min/aver 0.663! load imb.: force 115.4%

           Step           Time         Lambda
           4000        8.00000        0.00000

   Energies (kJ/mol)
           Bond          Angle    Proper Dih. Ryckaert-Bell.          LJ-14
    1.36456e+03    3.65742e+03    2.46418e+02    1.80448e+03    2.75028e+03
     Coulomb-14        LJ (SR)  Disper. corr.   Coulomb (SR)   Coul. recip.
    7.77588e+03    9.40187e+04   -4.56950e+03   -6.35181e+05    2.21737e+03
 Position Rest.      Potential    Kinetic En.   Total Energy    Temperature
    4.57756e+02   -5.25458e+05    8.53680e+04   -4.40090e+05    2.98653e+02
 Pres. DC (bar) Pressure (bar)   Constr. rmsd
   -2.26483e+02    1.12961e+02    2.68965e-06

           Step           Time         Lambda
           4500        9.00000        0.00000

   Energies (kJ/mol)
           Bond          Angle    Proper Dih. Ryckaert-Bell.          LJ-14
    1.42898e+03    3.66821e+03    2.40146e+02    1.81430e+03    2.71813e+03
     Coulomb-14        LJ (SR)  Disper. corr.   Coulomb (SR)   Coul. recip.
    7.65865e+03    9.29784e+04   -4.54774e+03   -6.33109e+05    2.10320e+03
 Position Rest.      Potential    Kinetic En.   Total Energy    Temperature
    4.44102e+02   -5.24603e+05    8.63388e+04   -4.38264e+05    3.02050e+02
 Pres. DC (bar) Pressure (bar)   Constr. rmsd
   -2.24333e+02   -2.66498e+02    2.82823e-06

DD  load balancing is limited by minimum cell size in dimension X
DD  step 4999  vol min/aver 0.620! load imb.: force 183.5%

           Step           Time         Lambda
           5000       10.00000        0.00000

   Energies (kJ/mol)
           Bond          Angle    Proper Dih. Ryckaert-Bell.          LJ-14
    1.38831e+03    3.75732e+03    2.64685e+02    1.75876e+03    2.70820e+03
     Coulomb-14        LJ (SR)  Disper. corr.   Coulomb (SR)   Coul. recip.
    7.76213e+03    9.29080e+04   -4.55237e+03   -6.33653e+05    2.18813e+03
 Position Rest.      Potential    Kinetic En.   Total Energy    Temperature
    4.44952e+02   -5.25025e+05    8.66287e+04   -4.38397e+05    3.03064e+02
 Pres. DC (bar) Pressure (bar)   Constr. rmsd
   -2.24790e+02   -3.14582e+01    3.11605e-06

           Step           Time         Lambda
           5500       11.00000        0.00000

   Energies (kJ/mol)
           Bond          Angle    Proper Dih. Ryckaert-Bell.          LJ-14
    1.43721e+03    3.74476e+03    2.55381e+02    1.80430e+03    2.70711e+03
     Coulomb-14        LJ (SR)  Disper. corr.   Coulomb (SR)   Coul. recip.
    7.64177e+03    9.41469e+04   -4.55806e+03   -6.33564e+05    2.12403e+03
 Position Rest.      Potential    Kinetic En.   Total Energy    Temperature
    4.54294e+02   -5.23806e+05    8.63587e+04   -4.37447e+05    3.02119e+02
 Pres. DC (bar) Pressure (bar)   Constr. rmsd
   -2.25352e+02    2.16738e+02    3.17112e-06

DD  load balancing is limited by minimum cell size in dimension X
DD  step 5999  vol min/aver 0.628! load imb.: force 118.1%

           Step           Time         Lambda
           6000       12.00000        0.00000

   Energies (kJ/mol)
           Bond          Angle    Proper Dih. Ryckaert-Bell.          LJ-14
    1.53899e+03    3.76326e+03    2.77339e+02    1.82796e+03    2.56950e+03
     Coulomb-14        LJ (SR)  Disper. corr.   Coulomb (SR)   Coul. recip.
    7.69020e+03    9.32498e+04   -4.55593e+03   -6.32542e+05    2.16514e+03
 Position Rest.      Potential    Kinetic En.   Total Energy    Temperature
    4.50979e+02   -5.23565e+05    8.56879e+04   -4.37877e+05    2.99773e+02
 Pres. DC (bar) Pressure (bar)   Constr. rmsd
   -2.25141e+02   -2.61939e+02    2.86926e-06

           Step           Time         Lambda
           6500       13.00000        0.00000

   Energies (kJ/mol)
           Bond          Angle    Proper Dih. Ryckaert-Bell.          LJ-14
    1.53703e+03    3.69439e+03    2.30763e+02    1.80722e+03    2.63486e+03
     Coulomb-14        LJ (SR)  Disper. corr.   Coulomb (SR)   Coul. recip.
    7.74052e+03    9.29664e+04   -4.56460e+03   -6.33669e+05    2.17556e+03
 Position Rest.      Potential    Kinetic En.   Total Energy    Temperature
    4.85836e+02   -5.24961e+05    8.53421e+04   -4.39619e+05    2.98563e+02
 Pres. DC (bar) Pressure (bar)   Constr. rmsd
   -2.25998e+02   -1.74037e+02    2.59977e-06

DD  load balancing is limited by minimum cell size in dimension X
DD  step 6999  vol min/aver 0.607! load imb.: force 47.4%

           Step           Time         Lambda
           7000       14.00000        0.00000

   Energies (kJ/mol)
           Bond          Angle    Proper Dih. Ryckaert-Bell.          LJ-14
    1.46328e+03    4.04271e+03    2.72114e+02    1.80189e+03    2.66840e+03
     Coulomb-14        LJ (SR)  Disper. corr.   Coulomb (SR)   Coul. recip.
    7.76923e+03    9.26755e+04   -4.54184e+03   -6.32364e+05    2.15216e+03
 Position Rest.      Potential    Kinetic En.   Total Energy    Temperature
    4.55099e+02   -5.23605e+05    8.65026e+04   -4.37103e+05    3.02623e+02
 Pres. DC (bar) Pressure (bar)   Constr. rmsd
   -2.23752e+02   -1.14825e+02    3.04237e-06

           Step           Time         Lambda
           7500       15.00000        0.00000

   Energies (kJ/mol)
           Bond          Angle    Proper Dih. Ryckaert-Bell.          LJ-14
    1.51465e+03    3.70294e+03    2.42146e+02    1.69047e+03    2.59547e+03
     Coulomb-14        LJ (SR)  Disper. corr.   Coulomb (SR)   Coul. recip.
    7.74110e+03    9.37797e+04   -4.56199e+03   -6.34552e+05    2.07125e+03
 Position Rest.      Potential    Kinetic En.   Total Energy    Temperature
    4.09659e+02   -5.25366e+05    8.54574e+04   -4.39909e+05    2.98966e+02
 Pres. DC (bar) Pressure (bar)   Constr. rmsd
   -2.25740e+02   -1.43352e+02    3.21053e-06

DD  load balancing is limited by minimum cell size in dimension X
DD  step 7999  vol min/aver 0.600! load imb.: force 203.3%

           Step           Time         Lambda
           8000       16.00000        0.00000

   Energies (kJ/mol)
           Bond          Angle    Proper Dih. Ryckaert-Bell.          LJ-14
    1.43483e+03    3.77627e+03    2.36966e+02    1.79465e+03    2.67157e+03
     Coulomb-14        LJ (SR)  Disper. corr.   Coulomb (SR)   Coul. recip.
    7.76183e+03    9.42704e+04   -4.55750e+03   -6.34112e+05    2.14597e+03
 Position Rest.      Potential    Kinetic En.   Total Energy    Temperature
    4.15491e+02   -5.24162e+05    8.58859e+04   -4.38276e+05    3.00466e+02
 Pres. DC (bar) Pressure (bar)   Constr. rmsd
   -2.25296e+02    2.22409e+02    2.86283e-06

           Step           Time         Lambda
           8500       17.00000        0.00000

   Energies (kJ/mol)
           Bond          Angle    Proper Dih. Ryckaert-Bell.          LJ-14
    1.64013e+03    3.81533e+03    2.50228e+02    1.76914e+03    2.66852e+03
     Coulomb-14        LJ (SR)  Disper. corr.   Coulomb (SR)   Coul. recip.
    7.76909e+03    9.53558e+04   -4.57151e+03   -6.36560e+05    2.12694e+03
 Position Rest.      Potential    Kinetic En.   Total Energy    Temperature
    4.46949e+02   -5.25289e+05    8.68067e+04   -4.38483e+05    3.03687e+02
 Pres. DC (bar) Pressure (bar)   Constr. rmsd
   -2.26681e+02    1.56165e+02    3.04576e-06

DD  load balancing is limited by minimum cell size in dimension Y
DD  step 8999  vol min/aver 0.465! load imb.: force 43.0%

           Step           Time         Lambda
           9000       18.00000        0.00000

   Energies (kJ/mol)
           Bond          Angle    Proper Dih. Ryckaert-Bell.          LJ-14
    1.44760e+03    3.81096e+03    2.35820e+02    1.77621e+03    2.64928e+03
     Coulomb-14        LJ (SR)  Disper. corr.   Coulomb (SR)   Coul. recip.
    7.71090e+03    9.21370e+04   -4.57169e+03   -6.32085e+05    2.13524e+03
 Position Rest.      Potential    Kinetic En.   Total Energy    Temperature
    4.84137e+02   -5.24269e+05    8.56424e+04   -4.38627e+05    2.99614e+02
 Pres. DC (bar) Pressure (bar)   Constr. rmsd
   -2.26700e+02   -1.97866e+02    2.93226e-06

           Step           Time         Lambda
           9500       19.00000        0.00000

   Energies (kJ/mol)
           Bond          Angle    Proper Dih. Ryckaert-Bell.          LJ-14
    1.43996e+03    3.66856e+03    2.52779e+02    1.78699e+03    2.67616e+03
     Coulomb-14        LJ (SR)  Disper. corr.   Coulomb (SR)   Coul. recip.
    7.76004e+03    9.32034e+04   -4.56292e+03   -6.32479e+05    2.21820e+03
 Position Rest.      Potential    Kinetic En.   Total Energy    Temperature
    4.25762e+02   -5.23610e+05    8.56097e+04   -4.38001e+05    2.99499e+02
 Pres. DC (bar) Pressure (bar)   Constr. rmsd
   -2.25832e+02   -3.19441e+01    2.98656e-06

DD  load balancing is limited by minimum cell size in dimension X
DD  step 9999  vol min/aver 0.572! load imb.: force 188.6%

           Step           Time         Lambda
          10000       20.00000        0.00000

   Energies (kJ/mol)
           Bond          Angle    Proper Dih. Ryckaert-Bell.          LJ-14
    1.49756e+03    3.85676e+03    2.55017e+02    1.76193e+03    2.60877e+03
     Coulomb-14        LJ (SR)  Disper. corr.   Coulomb (SR)   Coul. recip.
    7.74557e+03    9.27305e+04   -4.57671e+03   -6.32511e+05    2.19658e+03
 Position Rest.      Potential    Kinetic En.   Total Energy    Temperature
    4.90054e+02   -5.23945e+05    8.65770e+04   -4.37368e+05    3.02883e+02
 Pres. DC (bar) Pressure (bar)   Constr. rmsd
   -2.27197e+02   -4.81740e+01    3.01868e-06

           Step           Time         Lambda
          10500       21.00000        0.00000

   Energies (kJ/mol)
           Bond          Angle    Proper Dih. Ryckaert-Bell.          LJ-14
    1.35162e+03    3.78254e+03    2.49284e+02    1.81578e+03    2.73302e+03
     Coulomb-14        LJ (SR)  Disper. corr.   Coulomb (SR)   Coul. recip.
    7.87419e+03    9.30091e+04   -4.56638e+03   -6.33766e+05    2.12470e+03
 Position Rest.      Potential    Kinetic En.   Total Energy    Temperature
    4.53703e+02   -5.24938e+05    8.53460e+04   -4.39592e+05    2.98576e+02
 Pres. DC (bar) Pressure (bar)   Constr. rmsd
   -2.26174e+02   -1.48635e+01    2.74869e-06

DD  step 10999  vol min/aver 0.625  load imb.: force 30.7%

           Step           Time         Lambda
          11000       22.00000        0.00000

   Energies (kJ/mol)
           Bond          Angle    Proper Dih. Ryckaert-Bell.          LJ-14
    1.44876e+03    3.74950e+03    2.18405e+02    1.80792e+03    2.67123e+03
     Coulomb-14        LJ (SR)  Disper. corr.   Coulomb (SR)   Coul. recip.
    7.69413e+03    9.43173e+04   -4.56331e+03   -6.34577e+05    2.16526e+03
 Position Rest.      Potential    Kinetic En.   Total Energy    Temperature
    4.36971e+02   -5.24630e+05    8.61957e+04   -4.38435e+05    3.01549e+02
 Pres. DC (bar) Pressure (bar)   Constr. rmsd
   -2.25870e+02    1.73014e+02    2.90184e-06

           Step           Time         Lambda
          11500       23.00000        0.00000

   Energies (kJ/mol)
           Bond          Angle    Proper Dih. Ryckaert-Bell.          LJ-14
    1.38745e+03    3.84246e+03    2.12803e+02    1.83850e+03    2.62515e+03
     Coulomb-14        LJ (SR)  Disper. corr.   Coulomb (SR)   Coul. recip.
    7.65721e+03    9.30008e+04   -4.56842e+03   -6.32666e+05    2.16133e+03
 Position Rest.      Potential    Kinetic En.   Total Energy    Temperature
    4.92507e+02   -5.24016e+05    8.56480e+04   -4.38368e+05    2.99633e+02
 Pres. DC (bar) Pressure (bar)   Constr. rmsd
   -2.26376e+02   -1.20300e+02    2.78608e-06

DD  load balancing is limited by minimum cell size in dimension X
DD  step 11999  vol min/aver 0.449! load imb.: force 36.9%

           Step           Time         Lambda
          12000       24.00000        0.00000

   Energies (kJ/mol)
           Bond          Angle    Proper Dih. Ryckaert-Bell.          LJ-14
    1.49773e+03    3.73881e+03    2.67401e+02    1.82854e+03    2.66033e+03
     Coulomb-14        LJ (SR)  Disper. corr.   Coulomb (SR)   Coul. recip.
    7.86576e+03    9.50956e+04   -4.55659e+03   -6.34871e+05    2.19803e+03
 Position Rest.      Potential    Kinetic En.   Total Energy    Temperature
    4.76942e+02   -5.23799e+05    8.57622e+04   -4.38036e+05    3.00033e+02
 Pres. DC (bar) Pressure (bar)   Constr. rmsd
   -2.25207e+02    1.14686e+02    3.16381e-06

           Step           Time         Lambda
          12500       25.00000        0.00000

   Energies (kJ/mol)
           Bond          Angle    Proper Dih. Ryckaert-Bell.          LJ-14
    1.43305e+03    3.57390e+03    2.38666e+02    1.88635e+03    2.65020e+03
     Coulomb-14        LJ (SR)  Disper. corr.   Coulomb (SR)   Coul. recip.
    7.81182e+03    9.28895e+04   -4.56012e+03   -6.33020e+05    2.14904e+03
 Position Rest.      Potential    Kinetic En.   Total Energy    Temperature
    4.29277e+02   -5.24518e+05    8.51775e+04   -4.39340e+05    2.97987e+02
 Pres. DC (bar) Pressure (bar)   Constr. rmsd
   -2.25555e+02   -2.08675e+02    2.89402e-06

DD  load balancing is limited by minimum cell size in dimension X
DD  step 12999  vol min/aver 0.533! load imb.: force 124.9%

           Step           Time         Lambda
          13000       26.00000        0.00000

   Energies (kJ/mol)
           Bond          Angle    Proper Dih. Ryckaert-Bell.          LJ-14
    1.42895e+03    3.74887e+03    2.43467e+02    1.75527e+03    2.61769e+03
     Coulomb-14        LJ (SR)  Disper. corr.   Coulomb (SR)   Coul. recip.
    7.77611e+03    9.40253e+04   -4.56557e+03   -6.34369e+05    2.13865e+03
 Position Rest.      Potential    Kinetic En.   Total Energy    Temperature
    4.51939e+02   -5.24748e+05    8.52827e+04   -4.39465e+05    2.98355e+02
 Pres. DC (bar) Pressure (bar)   Constr. rmsd
   -2.26094e+02    1.37120e+02    2.88259e-06

           Step           Time         Lambda
          13500       27.00000        0.00000

   Energies (kJ/mol)
           Bond          Angle    Proper Dih. Ryckaert-Bell.          LJ-14
    1.54484e+03    3.85508e+03    2.51198e+02    1.86986e+03    2.69410e+03
     Coulomb-14        LJ (SR)  Disper. corr.   Coulomb (SR)   Coul. recip.
    7.80173e+03    9.16121e+04   -4.54681e+03   -6.31418e+05    2.12920e+03
 Position Rest.      Potential    Kinetic En.   Total Energy    Temperature
    4.53469e+02   -5.23753e+05    8.61756e+04   -4.37577e+05    3.01479e+02
 Pres. DC (bar) Pressure (bar)   Constr. rmsd
   -2.24242e+02   -2.64887e+02    2.71873e-06

DD  load balancing is limited by minimum cell size in dimension X
DD  step 13999  vol min/aver 0.636! load imb.: force 44.3%

           Step           Time         Lambda
          14000       28.00000        0.00000

   Energies (kJ/mol)
           Bond          Angle    Proper Dih. Ryckaert-Bell.          LJ-14
    1.52929e+03    3.67379e+03    2.55163e+02    1.73181e+03    2.67100e+03
     Coulomb-14        LJ (SR)  Disper. corr.   Coulomb (SR)   Coul. recip.
    7.73754e+03    9.41274e+04   -4.56999e+03   -6.34653e+05    2.18206e+03
 Position Rest.      Potential    Kinetic En.   Total Energy    Temperature
    4.36731e+02   -5.24878e+05    8.56317e+04   -4.39246e+05    2.99576e+02
 Pres. DC (bar) Pressure (bar)   Constr. rmsd
   -2.26531e+02    6.94578e+01    3.02119e-06

           Step           Time         Lambda
          14500       29.00000        0.00000

   Energies (kJ/mol)
           Bond          Angle    Proper Dih. Ryckaert-Bell.          LJ-14
    1.37080e+03    3.81772e+03    2.50722e+02    1.78368e+03    2.73785e+03
     Coulomb-14        LJ (SR)  Disper. corr.   Coulomb (SR)   Coul. recip.
    7.81341e+03    9.38795e+04   -4.57092e+03   -6.34841e+05    2.13343e+03
 Position Rest.      Potential    Kinetic En.   Total Energy    Temperature
    5.23617e+02   -5.25101e+05    8.56887e+04   -4.39413e+05    2.99775e+02
 Pres. DC (bar) Pressure (bar)   Constr. rmsd
   -2.26623e+02    5.04224e+01    2.79731e-06

DD  load balancing is limited by minimum cell size in dimension X
DD  step 14999  vol min/aver 0.633! load imb.: force 35.4%

           Step           Time         Lambda
          15000       30.00000        0.00000

   Energies (kJ/mol)
           Bond          Angle    Proper Dih. Ryckaert-Bell.          LJ-14
    1.38542e+03    3.57370e+03    2.40689e+02    1.83615e+03    2.71610e+03
     Coulomb-14        LJ (SR)  Disper. corr.   Coulomb (SR)   Coul. recip.
    7.80770e+03    9.31175e+04   -4.57622e+03   -6.33246e+05    2.10162e+03
 Position Rest.      Potential    Kinetic En.   Total Energy    Temperature
    4.95947e+02   -5.24547e+05    8.45384e+04   -4.40009e+05    2.95751e+02
 Pres. DC (bar) Pressure (bar)   Constr. rmsd
   -2.27148e+02   -6.16782e+00    2.97897e-06

           Step           Time         Lambda
          15500       31.00000        0.00000

   Energies (kJ/mol)
           Bond          Angle    Proper Dih. Ryckaert-Bell.          LJ-14
    1.53687e+03    3.62494e+03    2.64711e+02    1.83872e+03    2.62770e+03
     Coulomb-14        LJ (SR)  Disper. corr.   Coulomb (SR)   Coul. recip.
    7.68519e+03    9.31011e+04   -4.57655e+03   -6.33782e+05    2.13975e+03
 Position Rest.      Potential    Kinetic En.   Total Energy    Temperature
    5.04671e+02   -5.25035e+05    8.56337e+04   -4.39401e+05    2.99583e+02
 Pres. DC (bar) Pressure (bar)   Constr. rmsd
   -2.27182e+02   -5.48965e+01    2.92454e-06

DD  load balancing is limited by minimum cell size in dimension X
DD  step 15999  vol min/aver 0.597! load imb.: force 218.5%

           Step           Time         Lambda
          16000       32.00000        0.00000

   Energies (kJ/mol)
           Bond          Angle    Proper Dih. Ryckaert-Bell.          LJ-14
    1.50562e+03    3.70977e+03    2.51579e+02    1.79133e+03    2.66079e+03
     Coulomb-14        LJ (SR)  Disper. corr.   Coulomb (SR)   Coul. recip.
    7.70746e+03    9.32340e+04   -4.56562e+03   -6.34184e+05    2.14620e+03
 Position Rest.      Potential    Kinetic En.   Total Energy    Temperature
    4.46173e+02   -5.25297e+05    8.53690e+04   -4.39928e+05    2.98657e+02
 Pres. DC (bar) Pressure (bar)   Constr. rmsd
   -2.26099e+02   -1.03087e+02    2.86264e-06

           Step           Time         Lambda
          16500       33.00000        0.00000

   Energies (kJ/mol)
           Bond          Angle    Proper Dih. Ryckaert-Bell.          LJ-14
    1.57434e+03    3.64180e+03    2.64150e+02    1.88541e+03    2.60224e+03
     Coulomb-14        LJ (SR)  Disper. corr.   Coulomb (SR)   Coul. recip.
    7.71051e+03    9.34483e+04   -4.57059e+03   -6.34375e+05    2.18905e+03
 Position Rest.      Potential    Kinetic En.   Total Energy    Temperature
    4.66868e+02   -5.25163e+05    8.57794e+04   -4.39383e+05    3.00093e+02
 Pres. DC (bar) Pressure (bar)   Constr. rmsd
   -2.26590e+02   -1.47361e+02    2.69577e-06

DD  load balancing is limited by minimum cell size in dimension X
DD  step 16999  vol min/aver 0.577! load imb.: force 134.3%

           Step           Time         Lambda
          17000       34.00000        0.00000

   Energies (kJ/mol)
           Bond          Angle    Proper Dih. Ryckaert-Bell.          LJ-14
    1.47932e+03    3.69657e+03    2.63199e+02    1.80143e+03    2.71024e+03
     Coulomb-14        LJ (SR)  Disper. corr.   Coulomb (SR)   Coul. recip.
    7.78570e+03    9.28112e+04   -4.57123e+03   -6.32894e+05    2.13105e+03
 Position Rest.      Potential    Kinetic En.   Total Energy    Temperature
    5.15294e+02   -5.24272e+05    8.62369e+04   -4.38035e+05    3.01693e+02
 Pres. DC (bar) Pressure (bar)   Constr. rmsd
   -2.26654e+02   -6.63868e+01    2.69133e-06

           Step           Time         Lambda
          17500       35.00000        0.00000

   Energies (kJ/mol)
           Bond          Angle    Proper Dih. Ryckaert-Bell.          LJ-14
    1.62390e+03    3.82332e+03    2.31534e+02    1.81193e+03    2.63856e+03
     Coulomb-14        LJ (SR)  Disper. corr.   Coulomb (SR)   Coul. recip.
    7.74324e+03    9.25052e+04   -4.54600e+03   -6.32037e+05    2.14883e+03
 Position Rest.      Potential    Kinetic En.   Total Energy    Temperature
    4.80657e+02   -5.23575e+05    8.53238e+04   -4.38252e+05    2.98499e+02
 Pres. DC (bar) Pressure (bar)   Constr. rmsd
   -2.24162e+02   -3.41063e+02    3.05466e-06

DD  load balancing is limited by minimum cell size in dimension X
DD  step 17999  vol min/aver 0.581! load imb.: force 35.5%

           Step           Time         Lambda
          18000       36.00000        0.00000

   Energies (kJ/mol)
           Bond          Angle    Proper Dih. Ryckaert-Bell.          LJ-14
    1.56631e+03    3.64906e+03    2.73564e+02    1.80029e+03    2.65183e+03
     Coulomb-14        LJ (SR)  Disper. corr.   Coulomb (SR)   Coul. recip.
    7.79066e+03    9.26864e+04   -4.55896e+03   -6.32776e+05    2.18466e+03
 Position Rest.      Potential    Kinetic En.   Total Energy    Temperature
    4.48349e+02   -5.24284e+05    8.57924e+04   -4.38492e+05    3.00138e+02
 Pres. DC (bar) Pressure (bar)   Constr. rmsd
   -2.25441e+02   -3.43762e+02    3.05805e-06

           Step           Time         Lambda
          18500       37.00000        0.00000

   Energies (kJ/mol)
           Bond          Angle    Proper Dih. Ryckaert-Bell.          LJ-14
    1.48164e+03    3.55420e+03    2.58815e+02    1.72236e+03    2.65138e+03
     Coulomb-14        LJ (SR)  Disper. corr.   Coulomb (SR)   Coul. recip.
    7.73956e+03    9.28703e+04   -4.56553e+03   -6.33600e+05    2.08274e+03
 Position Rest.      Potential    Kinetic En.   Total Energy    Temperature
    4.64554e+02   -5.25340e+05    8.53340e+04   -4.40006e+05    2.98535e+02
 Pres. DC (bar) Pressure (bar)   Constr. rmsd
   -2.26090e+02   -2.32191e+02    3.57237e-06

DD  load balancing is limited by minimum cell size in dimension X
DD  step 18999  vol min/aver 0.644! load imb.: force 144.9%

           Step           Time         Lambda
          19000       38.00000        0.00000

   Energies (kJ/mol)
           Bond          Angle    Proper Dih. Ryckaert-Bell.          LJ-14
    1.44296e+03    3.72263e+03    2.36177e+02    1.76743e+03    2.68744e+03
     Coulomb-14        LJ (SR)  Disper. corr.   Coulomb (SR)   Coul. recip.
    7.76342e+03    9.37820e+04   -4.56954e+03   -6.35517e+05    2.13637e+03
 Position Rest.      Potential    Kinetic En.   Total Energy    Temperature
    4.36625e+02   -5.26112e+05    8.52943e+04   -4.40817e+05    2.98396e+02
 Pres. DC (bar) Pressure (bar)   Constr. rmsd
   -2.26487e+02    1.05480e+02    2.79846e-06

           Step           Time         Lambda
          19500       39.00000        0.00000

   Energies (kJ/mol)
           Bond          Angle    Proper Dih. Ryckaert-Bell.          LJ-14
    1.43320e+03    3.71343e+03    2.49364e+02    1.75135e+03    2.73599e+03
     Coulomb-14        LJ (SR)  Disper. corr.   Coulomb (SR)   Coul. recip.
    7.76026e+03    9.40024e+04   -4.57987e+03   -6.34703e+05    2.09240e+03
 Position Rest.      Potential    Kinetic En.   Total Energy    Temperature
    4.61817e+02   -5.25082e+05    8.63793e+04   -4.38703e+05    3.02191e+02
 Pres. DC (bar) Pressure (bar)   Constr. rmsd
   -2.27511e+02   -1.76344e+01    2.80299e-06

DD  load balancing is limited by minimum cell size in dimension X
DD  step 19999  vol min/aver 0.637! load imb.: force 58.0%

           Step           Time         Lambda
          20000       40.00000        0.00000

   Energies (kJ/mol)
           Bond          Angle    Proper Dih. Ryckaert-Bell.          LJ-14
    1.45033e+03    3.73522e+03    2.43076e+02    1.76060e+03    2.64645e+03
     Coulomb-14        LJ (SR)  Disper. corr.   Coulomb (SR)   Coul. recip.
    7.83653e+03    9.44161e+04   -4.56049e+03   -6.35319e+05    2.16340e+03
 Position Rest.      Potential    Kinetic En.   Total Energy    Temperature
    4.45988e+02   -5.25182e+05    8.57383e+04   -4.39444e+05    2.99949e+02
 Pres. DC (bar) Pressure (bar)   Constr. rmsd
   -2.25592e+02   -5.21205e+00    2.81352e-06

           Step           Time         Lambda
          20500       41.00000        0.00000

   Energies (kJ/mol)
           Bond          Angle    Proper Dih. Ryckaert-Bell.          LJ-14
    1.52542e+03    3.60485e+03    2.59063e+02    1.75929e+03    2.66637e+03
     Coulomb-14        LJ (SR)  Disper. corr.   Coulomb (SR)   Coul. recip.
    7.76177e+03    9.49613e+04   -4.56042e+03   -6.35518e+05    2.14277e+03
 Position Rest.      Potential    Kinetic En.   Total Energy    Temperature
    4.75212e+02   -5.24923e+05    8.55855e+04   -4.39337e+05    2.99414e+02
 Pres. DC (bar) Pressure (bar)   Constr. rmsd
   -2.25585e+02    1.15189e+02    2.98177e-06

DD  load balancing is limited by minimum cell size in dimension X
DD  step 20999  vol min/aver 0.599! load imb.: force 137.1%

           Step           Time         Lambda
          21000       42.00000        0.00000

   Energies (kJ/mol)
           Bond          Angle    Proper Dih. Ryckaert-Bell.          LJ-14
    1.47508e+03    3.70904e+03    2.06813e+02    1.82008e+03    2.65839e+03
     Coulomb-14        LJ (SR)  Disper. corr.   Coulomb (SR)   Coul. recip.
    7.73114e+03    9.39248e+04   -4.56924e+03   -6.34555e+05    2.12872e+03
 Position Rest.      Potential    Kinetic En.   Total Energy    Temperature
    4.37344e+02   -5.25033e+05    8.61781e+04   -4.38855e+05    3.01488e+02
 Pres. DC (bar) Pressure (bar)   Constr. rmsd
   -2.26457e+02   -1.06772e+01    3.07758e-06

           Step           Time         Lambda
          21500       43.00000        0.00000

   Energies (kJ/mol)
           Bond          Angle    Proper Dih. Ryckaert-Bell.          LJ-14
    1.49463e+03    3.69692e+03    2.31774e+02    1.85439e+03    2.68075e+03
     Coulomb-14        LJ (SR)  Disper. corr.   Coulomb (SR)   Coul. recip.
    7.67072e+03    9.22983e+04   -4.55679e+03   -6.31867e+05    2.21405e+03
 Position Rest.      Potential    Kinetic En.   Total Energy    Temperature
    4.89072e+02   -5.23793e+05    8.56352e+04   -4.38158e+05    2.99589e+02
 Pres. DC (bar) Pressure (bar)   Constr. rmsd
   -2.25226e+02   -2.01937e+02    3.07354e-06

DD  load balancing is limited by minimum cell size in dimension X
DD  step 21999  vol min/aver 0.605! load imb.: force 29.8%

           Step           Time         Lambda
          22000       44.00000        0.00000

   Energies (kJ/mol)
           Bond          Angle    Proper Dih. Ryckaert-Bell.          LJ-14
    1.44665e+03    3.74283e+03    2.57286e+02    1.74823e+03    2.63784e+03
     Coulomb-14        LJ (SR)  Disper. corr.   Coulomb (SR)   Coul. recip.
    7.67833e+03    9.35056e+04   -4.57591e+03   -6.34816e+05    2.24625e+03
 Position Rest.      Potential    Kinetic En.   Total Energy    Temperature
    4.78346e+02   -5.25650e+05    8.57145e+04   -4.39936e+05    2.99866e+02
 Pres. DC (bar) Pressure (bar)   Constr. rmsd
   -2.27117e+02    2.70322e+01    3.09676e-06

           Step           Time         Lambda
          22500       45.00000        0.00000

   Energies (kJ/mol)
           Bond          Angle    Proper Dih. Ryckaert-Bell.          LJ-14
    1.42898e+03    3.80172e+03    2.42574e+02    1.83673e+03    2.70281e+03
     Coulomb-14        LJ (SR)  Disper. corr.   Coulomb (SR)   Coul. recip.
    7.82784e+03    9.37915e+04   -4.56258e+03   -6.34470e+05    2.16113e+03
 Position Rest.      Potential    Kinetic En.   Total Energy    Temperature
    4.47530e+02   -5.24792e+05    8.62122e+04   -4.38580e+05    3.01607e+02
 Pres. DC (bar) Pressure (bar)   Constr. rmsd
   -2.25798e+02    1.01339e+02    2.71793e-06

DD  load balancing is limited by minimum cell size in dimension X
DD  step 22999  vol min/aver 0.634! load imb.: force 32.6%

           Step           Time         Lambda
          23000       46.00000        0.00000

   Energies (kJ/mol)
           Bond          Angle    Proper Dih. Ryckaert-Bell.          LJ-14
    1.49382e+03    3.69120e+03    2.41376e+02    1.88421e+03    2.63076e+03
     Coulomb-14        LJ (SR)  Disper. corr.   Coulomb (SR)   Coul. recip.
    7.73478e+03    9.27598e+04   -4.55703e+03   -6.32540e+05    2.17700e+03
 Position Rest.      Potential    Kinetic En.   Total Energy    Temperature
    4.50955e+02   -5.24033e+05    8.57987e+04   -4.38234e+05    3.00160e+02
 Pres. DC (bar) Pressure (bar)   Constr. rmsd
   -2.25249e+02   -1.32560e+02    2.90731e-06

           Step           Time         Lambda
          23500       47.00000        0.00000

   Energies (kJ/mol)
           Bond          Angle    Proper Dih. Ryckaert-Bell.          LJ-14
    1.50425e+03    3.76735e+03    2.57537e+02    1.82578e+03    2.65467e+03
     Coulomb-14        LJ (SR)  Disper. corr.   Coulomb (SR)   Coul. recip.
    7.66110e+03    9.23479e+04   -4.56280e+03   -6.32694e+05    2.04150e+03
 Position Rest.      Potential    Kinetic En.   Total Energy    Temperature
    4.75982e+02   -5.24721e+05    8.54358e+04   -4.39285e+05    2.98891e+02
 Pres. DC (bar) Pressure (bar)   Constr. rmsd
   -2.25819e+02   -3.28915e+02    3.21625e-06

DD  load balancing is limited by minimum cell size in dimension X
DD  step 23999  vol min/aver 0.565! load imb.: force 52.5%

           Step           Time         Lambda
          24000       48.00000        0.00000

   Energies (kJ/mol)
           Bond          Angle    Proper Dih. Ryckaert-Bell.          LJ-14
    1.39893e+03    3.74504e+03    2.56870e+02    1.82822e+03    2.67921e+03
     Coulomb-14        LJ (SR)  Disper. corr.   Coulomb (SR)   Coul. recip.
    7.77269e+03    9.29000e+04   -4.55990e+03   -6.32354e+05    2.09593e+03
 Position Rest.      Potential    Kinetic En.   Total Energy    Temperature
    5.10009e+02   -5.23726e+05    8.59604e+04   -4.37766e+05    3.00726e+02
 Pres. DC (bar) Pressure (bar)   Constr. rmsd
   -2.25533e+02    1.19973e+01    3.51655e-06

           Step           Time         Lambda
          24500       49.00000        0.00000

   Energies (kJ/mol)
           Bond          Angle    Proper Dih. Ryckaert-Bell.          LJ-14
    1.40863e+03    3.75766e+03    2.49310e+02    1.84709e+03    2.69668e+03
     Coulomb-14        LJ (SR)  Disper. corr.   Coulomb (SR)   Coul. recip.
    7.75476e+03    9.35992e+04   -4.56317e+03   -6.32551e+05    2.14491e+03
 Position Rest.      Potential    Kinetic En.   Total Energy    Temperature
    4.19737e+02   -5.23236e+05    8.49358e+04   -4.38300e+05    2.97141e+02
 Pres. DC (bar) Pressure (bar)   Constr. rmsd
   -2.25857e+02    1.02966e+02    2.82473e-06

DD  load balancing is limited by minimum cell size in dimension X
DD  step 24999  vol min/aver 0.642! load imb.: force 80.5%

           Step           Time         Lambda
          25000       50.00000        0.00000

   Energies (kJ/mol)
           Bond          Angle    Proper Dih. Ryckaert-Bell.          LJ-14
    1.46822e+03    3.70227e+03    2.16260e+02    1.83207e+03    2.72536e+03
     Coulomb-14        LJ (SR)  Disper. corr.   Coulomb (SR)   Coul. recip.
    7.69017e+03    9.46838e+04   -4.54891e+03   -6.34569e+05    2.09529e+03
 Position Rest.      Potential    Kinetic En.   Total Energy    Temperature
    4.66665e+02   -5.24238e+05    8.58719e+04   -4.38366e+05    3.00416e+02
 Pres. DC (bar) Pressure (bar)   Constr. rmsd
   -2.24449e+02    1.38500e+02    2.82812e-06

           Step           Time         Lambda
          25500       51.00000        0.00000

   Energies (kJ/mol)
           Bond          Angle    Proper Dih. Ryckaert-Bell.          LJ-14
    1.58701e+03    3.76845e+03    2.54118e+02    1.87350e+03    2.66421e+03
     Coulomb-14        LJ (SR)  Disper. corr.   Coulomb (SR)   Coul. recip.
    7.76630e+03    9.36662e+04   -4.57929e+03   -6.34244e+05    2.09899e+03
 Position Rest.      Potential    Kinetic En.   Total Energy    Temperature
    4.67547e+02   -5.24676e+05    8.51875e+04   -4.39489e+05    2.98022e+02
 Pres. DC (bar) Pressure (bar)   Constr. rmsd
   -2.27453e+02    9.30688e+01    2.87906e-06

DD  load balancing is limited by minimum cell size in dimension X
DD  step 25999  vol min/aver 0.638! load imb.: force 58.5%

           Step           Time         Lambda
          26000       52.00000        0.00000

   Energies (kJ/mol)
           Bond          Angle    Proper Dih. Ryckaert-Bell.          LJ-14
    1.49625e+03    3.75834e+03    2.70794e+02    1.81183e+03    2.65393e+03
     Coulomb-14        LJ (SR)  Disper. corr.   Coulomb (SR)   Coul. recip.
    7.65728e+03    9.34080e+04   -4.56154e+03   -6.33328e+05    2.13379e+03
 Position Rest.      Potential    Kinetic En.   Total Energy    Temperature
    4.82840e+02   -5.24216e+05    8.45260e+04   -4.39690e+05    2.95708e+02
 Pres. DC (bar) Pressure (bar)   Constr. rmsd
   -2.25695e+02   -4.48131e+01    3.05936e-06

           Step           Time         Lambda
          26500       53.00000        0.00000

   Energies (kJ/mol)
           Bond          Angle    Proper Dih. Ryckaert-Bell.          LJ-14
    1.53794e+03    3.64953e+03    2.32324e+02    1.79128e+03    2.70556e+03
     Coulomb-14        LJ (SR)  Disper. corr.   Coulomb (SR)   Coul. recip.
    7.85299e+03    9.25726e+04   -4.55273e+03   -6.33145e+05    2.18100e+03
 Position Rest.      Potential    Kinetic En.   Total Energy    Temperature
    4.75811e+02   -5.24699e+05    8.57840e+04   -4.38915e+05    3.00109e+02
 Pres. DC (bar) Pressure (bar)   Constr. rmsd
   -2.24825e+02   -2.40546e+02    2.99803e-06

DD  load balancing is limited by minimum cell size in dimension X
DD  step 26999  vol min/aver 0.586! load imb.: force 89.8%

           Step           Time         Lambda
          27000       54.00000        0.00000

   Energies (kJ/mol)
           Bond          Angle    Proper Dih. Ryckaert-Bell.          LJ-14
    1.53350e+03    3.80584e+03    2.76400e+02    1.78819e+03    2.66248e+03
     Coulomb-14        LJ (SR)  Disper. corr.   Coulomb (SR)   Coul. recip.
    7.70876e+03    9.39994e+04   -4.57394e+03   -6.34526e+05    2.16368e+03
 Position Rest.      Potential    Kinetic En.   Total Energy    Temperature
    4.86565e+02   -5.24675e+05    8.67941e+04   -4.37881e+05    3.03643e+02
 Pres. DC (bar) Pressure (bar)   Constr. rmsd
   -2.26923e+02    1.50833e+02    2.63988e-06

           Step           Time         Lambda
          27500       55.00000        0.00000

   Energies (kJ/mol)
           Bond          Angle    Proper Dih. Ryckaert-Bell.          LJ-14
    1.50783e+03    3.65141e+03    2.53621e+02    1.90971e+03    2.59506e+03
     Coulomb-14        LJ (SR)  Disper. corr.   Coulomb (SR)   Coul. recip.
    7.82094e+03    9.42772e+04   -4.55906e+03   -6.34390e+05    2.15343e+03
 Position Rest.      Potential    Kinetic En.   Total Energy    Temperature
    4.52600e+02   -5.24327e+05    8.57760e+04   -4.38551e+05    3.00081e+02
 Pres. DC (bar) Pressure (bar)   Constr. rmsd
   -2.25450e+02   -3.63598e+01    2.60676e-06

DD  load balancing is limited by minimum cell size in dimension X
DD  step 27999  vol min/aver 0.535! load imb.: force 49.6%

           Step           Time         Lambda
          28000       56.00000        0.00000

   Energies (kJ/mol)
           Bond          Angle    Proper Dih. Ryckaert-Bell.          LJ-14
    1.40929e+03    3.91557e+03    2.18358e+02    1.93475e+03    2.64912e+03
     Coulomb-14        LJ (SR)  Disper. corr.   Coulomb (SR)   Coul. recip.
    7.82644e+03    9.24673e+04   -4.57060e+03   -6.32354e+05    2.12017e+03
 Position Rest.      Potential    Kinetic En.   Total Energy    Temperature
    4.43389e+02   -5.23940e+05    8.57310e+04   -4.38209e+05    2.99923e+02
 Pres. DC (bar) Pressure (bar)   Constr. rmsd
   -2.26591e+02   -6.16920e+00    2.52631e-06

           Step           Time         Lambda
          28500       57.00000        0.00000

   Energies (kJ/mol)
           Bond          Angle    Proper Dih. Ryckaert-Bell.          LJ-14
    1.39509e+03    3.98099e+03    2.06093e+02    1.77352e+03    2.70365e+03
     Coulomb-14        LJ (SR)  Disper. corr.   Coulomb (SR)   Coul. recip.
    7.78405e+03    9.34379e+04   -4.56914e+03   -6.32746e+05    2.17937e+03
 Position Rest.      Potential    Kinetic En.   Total Energy    Temperature
    4.37323e+02   -5.23417e+05    8.49915e+04   -4.38426e+05    2.97336e+02
 Pres. DC (bar) Pressure (bar)   Constr. rmsd
   -2.26447e+02    1.90100e+02    2.95122e-06

DD  load balancing is limited by minimum cell size in dimension X
DD  step 28999  vol min/aver 0.584! load imb.: force 106.9%

           Step           Time         Lambda
          29000       58.00000        0.00000

   Energies (kJ/mol)
           Bond          Angle    Proper Dih. Ryckaert-Bell.          LJ-14
    1.53822e+03    3.87422e+03    2.59570e+02    1.85711e+03    2.63472e+03
     Coulomb-14        LJ (SR)  Disper. corr.   Coulomb (SR)   Coul. recip.
    7.72241e+03    9.28034e+04   -4.55349e+03   -6.32337e+05    2.13279e+03
 Position Rest.      Potential    Kinetic En.   Total Energy    Temperature
    4.74913e+02   -5.23594e+05    8.60111e+04   -4.37582e+05    3.00903e+02
 Pres. DC (bar) Pressure (bar)   Constr. rmsd
   -2.24900e+02   -2.11529e+02    2.65612e-06

           Step           Time         Lambda
          29500       59.00000        0.00000

   Energies (kJ/mol)
           Bond          Angle    Proper Dih. Ryckaert-Bell.          LJ-14
    1.36891e+03    3.80736e+03    2.37957e+02    1.80531e+03    2.65240e+03
     Coulomb-14        LJ (SR)  Disper. corr.   Coulomb (SR)   Coul. recip.
    7.81965e+03    9.29332e+04   -4.56842e+03   -6.33133e+05    2.13667e+03
 Position Rest.      Potential    Kinetic En.   Total Energy    Temperature
    4.80692e+02   -5.24459e+05    8.59593e+04   -4.38500e+05    3.00722e+02
 Pres. DC (bar) Pressure (bar)   Constr. rmsd
   -2.26376e+02   -4.03110e+01    2.96594e-06

DD  load balancing is limited by minimum cell size in dimension X
DD  step 29999  vol min/aver 0.621! load imb.: force 283.5%

           Step           Time         Lambda
          30000       60.00000        0.00000

   Energies (kJ/mol)
           Bond          Angle    Proper Dih. Ryckaert-Bell.          LJ-14
    1.51131e+03    3.74484e+03    2.26854e+02    1.71633e+03    2.67443e+03
     Coulomb-14        LJ (SR)  Disper. corr.   Coulomb (SR)   Coul. recip.
    7.75152e+03    9.45582e+04   -4.55896e+03   -6.34890e+05    2.17183e+03
 Position Rest.      Potential    Kinetic En.   Total Energy    Temperature
    4.36850e+02   -5.24657e+05    8.58427e+04   -4.38814e+05    3.00314e+02
 Pres. DC (bar) Pressure (bar)   Constr. rmsd
   -2.25441e+02    2.15684e+01    2.97820e-06

           Step           Time         Lambda
          30500       61.00000        0.00000

   Energies (kJ/mol)
           Bond          Angle    Proper Dih. Ryckaert-Bell.          LJ-14
    1.38635e+03    3.71861e+03    2.47773e+02    1.82122e+03    2.75053e+03
     Coulomb-14        LJ (SR)  Disper. corr.   Coulomb (SR)   Coul. recip.
    7.84044e+03    9.37943e+04   -4.56455e+03   -6.34662e+05    2.16397e+03
 Position Rest.      Potential    Kinetic En.   Total Energy    Temperature
    4.65519e+02   -5.25037e+05    8.49209e+04   -4.40117e+05    2.97089e+02
 Pres. DC (bar) Pressure (bar)   Constr. rmsd
   -2.25993e+02    1.06789e+02    2.52416e-06

DD  load balancing is limited by minimum cell size in dimension X
DD  step 30999  vol min/aver 0.650! load imb.: force 42.0%

           Step           Time         Lambda
          31000       62.00000        0.00000

   Energies (kJ/mol)
           Bond          Angle    Proper Dih. Ryckaert-Bell.          LJ-14
    1.44515e+03    3.81002e+03    2.61910e+02    1.75817e+03    2.70362e+03
     Coulomb-14        LJ (SR)  Disper. corr.   Coulomb (SR)   Coul. recip.
    7.78475e+03    9.36787e+04   -4.55808e+03   -6.34495e+05    2.15176e+03
 Position Rest.      Potential    Kinetic En.   Total Energy    Temperature
    4.71369e+02   -5.24987e+05    8.58344e+04   -4.39153e+05    3.00285e+02
 Pres. DC (bar) Pressure (bar)   Constr. rmsd
   -2.25354e+02    5.62696e+01    2.98494e-06

           Step           Time         Lambda
          31500       63.00000        0.00000

   Energies (kJ/mol)
           Bond          Angle    Proper Dih. Ryckaert-Bell.          LJ-14
    1.49796e+03    3.66447e+03    2.78565e+02    1.83544e+03    2.68724e+03
     Coulomb-14        LJ (SR)  Disper. corr.   Coulomb (SR)   Coul. recip.
    7.83093e+03    9.32006e+04   -4.56750e+03   -6.34505e+05    2.14561e+03
 Position Rest.      Potential    Kinetic En.   Total Energy    Temperature
    5.22141e+02   -5.25410e+05    8.62481e+04   -4.39162e+05    3.01733e+02
 Pres. DC (bar) Pressure (bar)   Constr. rmsd
   -2.26285e+02   -1.66773e+02    2.73487e-06

DD  load balancing is limited by minimum cell size in dimension X
DD  step 31999  vol min/aver 0.592! load imb.: force 36.6%

           Step           Time         Lambda
          32000       64.00000        0.00000

   Energies (kJ/mol)
           Bond          Angle    Proper Dih. Ryckaert-Bell.          LJ-14
    1.49356e+03    3.66094e+03    2.68215e+02    1.80649e+03    2.68540e+03
     Coulomb-14        LJ (SR)  Disper. corr.   Coulomb (SR)   Coul. recip.
    7.80064e+03    9.31062e+04   -4.57239e+03   -6.32827e+05    2.05280e+03
 Position Rest.      Potential    Kinetic En.   Total Energy    Temperature
    4.81363e+02   -5.24044e+05    8.58556e+04   -4.38188e+05    3.00359e+02
 Pres. DC (bar) Pressure (bar)   Constr. rmsd
   -2.26769e+02   -1.35112e+02    2.96043e-06

           Step           Time         Lambda
          32500       65.00000        0.00000

   Energies (kJ/mol)
           Bond          Angle    Proper Dih. Ryckaert-Bell.          LJ-14
    1.48921e+03    3.82972e+03    2.51526e+02    1.83238e+03    2.67703e+03
     Coulomb-14        LJ (SR)  Disper. corr.   Coulomb (SR)   Coul. recip.
    7.73537e+03    9.27218e+04   -4.56830e+03   -6.32645e+05    2.17574e+03
 Position Rest.      Potential    Kinetic En.   Total Energy    Temperature
    4.85641e+02   -5.24015e+05    8.56541e+04   -4.38361e+05    2.99654e+02
 Pres. DC (bar) Pressure (bar)   Constr. rmsd
   -2.26364e+02   -1.32662e+02    2.63992e-06

DD  load balancing is limited by minimum cell size in dimension X
DD  step 32999  vol min/aver 0.516! load imb.: force 67.6%

           Step           Time         Lambda
          33000       66.00000        0.00000

   Energies (kJ/mol)
           Bond          Angle    Proper Dih. Ryckaert-Bell.          LJ-14
    1.46034e+03    3.71082e+03    2.20927e+02    1.84273e+03    2.63156e+03
     Coulomb-14        LJ (SR)  Disper. corr.   Coulomb (SR)   Coul. recip.
    7.67658e+03    9.19643e+04   -4.54864e+03   -6.32454e+05    2.11261e+03
 Position Rest.      Potential    Kinetic En.   Total Energy    Temperature
    4.75770e+02   -5.24907e+05    8.57736e+04   -4.39134e+05    3.00073e+02
 Pres. DC (bar) Pressure (bar)   Constr. rmsd
   -2.24422e+02   -3.47620e+02    2.83050e-06

           Step           Time         Lambda
          33500       67.00000        0.00000

   Energies (kJ/mol)
           Bond          Angle    Proper Dih. Ryckaert-Bell.          LJ-14
    1.46092e+03    3.78598e+03    2.71326e+02    1.73917e+03    2.65561e+03
     Coulomb-14        LJ (SR)  Disper. corr.   Coulomb (SR)   Coul. recip.
    7.72067e+03    9.32350e+04   -4.57130e+03   -6.34328e+05    2.13489e+03
 Position Rest.      Potential    Kinetic En.   Total Energy    Temperature
    5.33047e+02   -5.25363e+05    8.65474e+04   -4.38815e+05    3.02780e+02
 Pres. DC (bar) Pressure (bar)   Constr. rmsd
   -2.26661e+02   -1.26376e+02    2.97515e-06

DD  load balancing is limited by minimum cell size in dimension X
DD  step 33999  vol min/aver 0.612! load imb.: force 55.5%

           Step           Time         Lambda
          34000       68.00000        0.00000

   Energies (kJ/mol)
           Bond          Angle    Proper Dih. Ryckaert-Bell.          LJ-14
    1.47833e+03    3.68634e+03    2.64766e+02    1.92218e+03    2.60678e+03
     Coulomb-14        LJ (SR)  Disper. corr.   Coulomb (SR)   Coul. recip.
    7.73919e+03    9.49146e+04   -4.55701e+03   -6.35712e+05    2.04663e+03
 Position Rest.      Potential    Kinetic En.   Total Energy    Temperature
    4.70637e+02   -5.25139e+05    8.59511e+04   -4.39188e+05    3.00694e+02
 Pres. DC (bar) Pressure (bar)   Constr. rmsd
   -2.25247e+02    9.06616e+01    2.59832e-06

           Step           Time         Lambda
          34500       69.00000        0.00000

   Energies (kJ/mol)
           Bond          Angle    Proper Dih. Ryckaert-Bell.          LJ-14
    1.46223e+03    3.83916e+03    2.41220e+02    1.83406e+03    2.64602e+03
     Coulomb-14        LJ (SR)  Disper. corr.   Coulomb (SR)   Coul. recip.
    7.77441e+03    9.41951e+04   -4.55615e+03   -6.34629e+05    2.15496e+03
 Position Rest.      Potential    Kinetic En.   Total Energy    Temperature
    4.98219e+02   -5.24539e+05    8.53925e+04   -4.39147e+05    2.98739e+02
 Pres. DC (bar) Pressure (bar)   Constr. rmsd
   -2.25163e+02    2.08041e+02    2.75726e-06

DD  load balancing is limited by minimum cell size in dimension X
DD  step 34999  vol min/aver 0.628! load imb.: force 148.0%

           Step           Time         Lambda
          35000       70.00000        0.00000

   Energies (kJ/mol)
           Bond          Angle    Proper Dih. Ryckaert-Bell.          LJ-14
    1.40085e+03    3.84652e+03    2.59396e+02    1.83362e+03    2.67591e+03
     Coulomb-14        LJ (SR)  Disper. corr.   Coulomb (SR)   Coul. recip.
    7.77175e+03    9.36778e+04   -4.55336e+03   -6.33754e+05    2.11364e+03
 Position Rest.      Potential    Kinetic En.   Total Energy    Temperature
    4.56369e+02   -5.24271e+05    8.57076e+04   -4.38564e+05    2.99842e+02
 Pres. DC (bar) Pressure (bar)   Constr. rmsd
   -2.24887e+02    1.37469e+02    2.96805e-06

           Step           Time         Lambda
          35500       71.00000        0.00000

   Energies (kJ/mol)
           Bond          Angle    Proper Dih. Ryckaert-Bell.          LJ-14
    1.50648e+03    3.54081e+03    2.70437e+02    1.87446e+03    2.64883e+03
     Coulomb-14        LJ (SR)  Disper. corr.   Coulomb (SR)   Coul. recip.
    7.78805e+03    9.50824e+04   -4.57430e+03   -6.34879e+05    2.07069e+03
 Position Rest.      Potential    Kinetic En.   Total Energy    Temperature
    4.58325e+02   -5.24213e+05    8.63568e+04   -4.37856e+05    3.02113e+02
 Pres. DC (bar) Pressure (bar)   Constr. rmsd
   -2.26958e+02    2.37475e+02    2.98727e-06

DD  load balancing is limited by minimum cell size in dimension X
DD  step 35999  vol min/aver 0.576! load imb.: force 100.7%

           Step           Time         Lambda
          36000       72.00000        0.00000

   Energies (kJ/mol)
           Bond          Angle    Proper Dih. Ryckaert-Bell.          LJ-14
    1.52002e+03    3.76467e+03    2.64025e+02    1.86326e+03    2.67637e+03
     Coulomb-14        LJ (SR)  Disper. corr.   Coulomb (SR)   Coul. recip.
    7.82444e+03    9.31752e+04   -4.56206e+03   -6.32876e+05    2.14402e+03
 Position Rest.      Potential    Kinetic En.   Total Energy    Temperature
    4.84322e+02   -5.23722e+05    8.64052e+04   -4.37317e+05    3.02282e+02
 Pres. DC (bar) Pressure (bar)   Constr. rmsd
   -2.25747e+02   -7.54422e+01    2.79693e-06

           Step           Time         Lambda
          36500       73.00000        0.00000

   Energies (kJ/mol)
           Bond          Angle    Proper Dih. Ryckaert-Bell.          LJ-14
    1.45426e+03    3.59995e+03    2.66069e+02    1.80570e+03    2.71367e+03
     Coulomb-14        LJ (SR)  Disper. corr.   Coulomb (SR)   Coul. recip.
    7.85503e+03    9.37235e+04   -4.56662e+03   -6.34976e+05    2.10900e+03
 Position Rest.      Potential    Kinetic En.   Total Energy    Temperature
    4.67844e+02   -5.25547e+05    8.53943e+04   -4.40153e+05    2.98746e+02
 Pres. DC (bar) Pressure (bar)   Constr. rmsd
   -2.26197e+02   -2.08665e+01    2.67978e-06

DD  load balancing is limited by minimum cell size in dimension X
DD  step 36999  vol min/aver 0.651! load imb.: force 128.2%

           Step           Time         Lambda
          37000       74.00000        0.00000

   Energies (kJ/mol)
           Bond          Angle    Proper Dih. Ryckaert-Bell.          LJ-14
    1.51685e+03    3.83258e+03    2.53890e+02    1.83330e+03    2.68051e+03
     Coulomb-14        LJ (SR)  Disper. corr.   Coulomb (SR)   Coul. recip.
    7.79513e+03    9.32921e+04   -4.55991e+03   -6.33004e+05    2.16538e+03
 Position Rest.      Potential    Kinetic En.   Total Energy    Temperature
    5.17308e+02   -5.23676e+05    8.63208e+04   -4.37356e+05    3.01987e+02
 Pres. DC (bar) Pressure (bar)   Constr. rmsd
   -2.25534e+02    1.71016e+00    2.86010e-06

           Step           Time         Lambda
          37500       75.00000        0.00000

   Energies (kJ/mol)
           Bond          Angle    Proper Dih. Ryckaert-Bell.          LJ-14
    1.42078e+03    3.88789e+03    2.40839e+02    1.79585e+03    2.69353e+03
     Coulomb-14        LJ (SR)  Disper. corr.   Coulomb (SR)   Coul. recip.
    7.71715e+03    9.40307e+04   -4.56643e+03   -6.33710e+05    2.13036e+03
 Position Rest.      Potential    Kinetic En.   Total Energy    Temperature
    4.53276e+02   -5.23906e+05    8.56981e+04   -4.38208e+05    2.99808e+02
 Pres. DC (bar) Pressure (bar)   Constr. rmsd
   -2.26179e+02    1.71732e+02    2.55664e-06

DD  load balancing is limited by minimum cell size in dimension X
DD  step 37999  vol min/aver 0.572! load imb.: force 132.6%

           Step           Time         Lambda
          38000       76.00000        0.00000

   Energies (kJ/mol)
           Bond          Angle    Proper Dih. Ryckaert-Bell.          LJ-14
    1.46260e+03    3.61156e+03    2.41725e+02    1.80182e+03    2.72606e+03
     Coulomb-14        LJ (SR)  Disper. corr.   Coulomb (SR)   Coul. recip.
    7.69587e+03    9.45119e+04   -4.57398e+03   -6.35024e+05    2.10702e+03
 Position Rest.      Potential    Kinetic En.   Total Energy    Temperature
    4.74403e+02   -5.24964e+05    8.61341e+04   -4.38830e+05    3.01334e+02
 Pres. DC (bar) Pressure (bar)   Constr. rmsd
   -2.26927e+02    2.59970e+02    2.91885e-06

           Step           Time         Lambda
          38500       77.00000        0.00000

   Energies (kJ/mol)
           Bond          Angle    Proper Dih. Ryckaert-Bell.          LJ-14
    1.46019e+03    3.83324e+03    2.04770e+02    1.81515e+03    2.64116e+03
     Coulomb-14        LJ (SR)  Disper. corr.   Coulomb (SR)   Coul. recip.
    7.78646e+03    9.30032e+04   -4.56114e+03   -6.32591e+05    2.15079e+03
 Position Rest.      Potential    Kinetic En.   Total Energy    Temperature
    4.70739e+02   -5.23787e+05    8.62941e+04   -4.37493e+05    3.01894e+02
 Pres. DC (bar) Pressure (bar)   Constr. rmsd
   -2.25656e+02   -4.11665e+01    3.02064e-06

DD  load balancing is limited by minimum cell size in dimension X
DD  step 38999  vol min/aver 0.567! load imb.: force 24.1%

           Step           Time         Lambda
          39000       78.00000        0.00000

   Energies (kJ/mol)
           Bond          Angle    Proper Dih. Ryckaert-Bell.          LJ-14
    1.45261e+03    3.78749e+03    2.39959e+02    1.75997e+03    2.64022e+03
     Coulomb-14        LJ (SR)  Disper. corr.   Coulomb (SR)   Coul. recip.
    7.75668e+03    9.30100e+04   -4.57010e+03   -6.33405e+05    2.13457e+03
 Position Rest.      Potential    Kinetic En.   Total Energy    Temperature
    4.48795e+02   -5.24745e+05    8.57022e+04   -4.39043e+05    2.99823e+02
 Pres. DC (bar) Pressure (bar)   Constr. rmsd
   -2.26542e+02   -2.09622e+02    2.86885e-06

           Step           Time         Lambda
          39500       79.00000        0.00000

   Energies (kJ/mol)
           Bond          Angle    Proper Dih. Ryckaert-Bell.          LJ-14
    1.39938e+03    3.77074e+03    2.12303e+02    1.84536e+03    2.69933e+03
     Coulomb-14        LJ (SR)  Disper. corr.   Coulomb (SR)   Coul. recip.
    7.76930e+03    9.28773e+04   -4.55762e+03   -6.32587e+05    2.15087e+03
 Position Rest.      Potential    Kinetic En.   Total Energy    Temperature
    4.64382e+02   -5.23955e+05    8.49959e+04   -4.38959e+05    2.97352e+02
 Pres. DC (bar) Pressure (bar)   Constr. rmsd
   -2.25308e+02    1.52172e+01    2.71611e-06

DD  load balancing is limited by minimum cell size in dimension X
DD  step 39999  vol min/aver 0.634! load imb.: force 62.7%

           Step           Time         Lambda
          40000       80.00000        0.00000

   Energies (kJ/mol)
           Bond          Angle    Proper Dih. Ryckaert-Bell.          LJ-14
    1.52186e+03    3.69613e+03    2.53074e+02    1.82988e+03    2.72340e+03
     Coulomb-14        LJ (SR)  Disper. corr.   Coulomb (SR)   Coul. recip.
    7.79631e+03    9.30991e+04   -4.55996e+03   -6.32110e+05    2.16057e+03
 Position Rest.      Potential    Kinetic En.   Total Energy    Temperature
    4.69595e+02   -5.23120e+05    8.63157e+04   -4.36805e+05    3.01969e+02
 Pres. DC (bar) Pressure (bar)   Constr. rmsd
   -2.25539e+02    1.18354e+02    3.18189e-06

           Step           Time         Lambda
          40500       81.00000        0.00000

   Energies (kJ/mol)
           Bond          Angle    Proper Dih. Ryckaert-Bell.          LJ-14
    1.45589e+03    3.90259e+03    2.71125e+02    1.68410e+03    2.68057e+03
     Coulomb-14        LJ (SR)  Disper. corr.   Coulomb (SR)   Coul. recip.
    7.91697e+03    9.29963e+04   -4.56666e+03   -6.33364e+05    2.16533e+03
 Position Rest.      Potential    Kinetic En.   Total Energy    Temperature
    4.61913e+02   -5.24396e+05    8.60831e+04   -4.38313e+05    3.01155e+02
 Pres. DC (bar) Pressure (bar)   Constr. rmsd
   -2.26202e+02   -1.59220e+02    3.01199e-06

DD  load balancing is limited by minimum cell size in dimension X
DD  step 40999  vol min/aver 0.572! load imb.: force 114.2%

           Step           Time         Lambda
          41000       82.00000        0.00000

   Energies (kJ/mol)
           Bond          Angle    Proper Dih. Ryckaert-Bell.          LJ-14
    1.44090e+03    3.72521e+03    2.63791e+02    1.81547e+03    2.68661e+03
     Coulomb-14        LJ (SR)  Disper. corr.   Coulomb (SR)   Coul. recip.
    7.83464e+03    9.26314e+04   -4.55724e+03   -6.32091e+05    2.10650e+03
 Position Rest.      Potential    Kinetic En.   Total Energy    Temperature
    4.69627e+02   -5.23674e+05    8.57142e+04   -4.37960e+05    2.99865e+02
 Pres. DC (bar) Pressure (bar)   Constr. rmsd
   -2.25270e+02   -1.83600e+02    3.02029e-06

           Step           Time         Lambda
          41500       83.00000        0.00000

   Energies (kJ/mol)
           Bond          Angle    Proper Dih. Ryckaert-Bell.          LJ-14
    1.38870e+03    3.83225e+03    2.49433e+02    1.86550e+03    2.63820e+03
     Coulomb-14        LJ (SR)  Disper. corr.   Coulomb (SR)   Coul. recip.
    7.73860e+03    9.35383e+04   -4.58770e+03   -6.33576e+05    2.09942e+03
 Position Rest.      Potential    Kinetic En.   Total Energy    Temperature
    4.84409e+02   -5.24329e+05    8.56608e+04   -4.38669e+05    2.99678e+02
 Pres. DC (bar) Pressure (bar)   Constr. rmsd
   -2.28288e+02    9.55461e+00    2.99341e-06

DD  load balancing is limited by minimum cell size in dimension X
DD  step 41999  vol min/aver 0.507! load imb.: force 42.0%

           Step           Time         Lambda
          42000       84.00000        0.00000

   Energies (kJ/mol)
           Bond          Angle    Proper Dih. Ryckaert-Bell.          LJ-14
    1.39850e+03    3.80125e+03    2.17659e+02    1.83414e+03    2.63934e+03
     Coulomb-14        LJ (SR)  Disper. corr.   Coulomb (SR)   Coul. recip.
    7.72040e+03    9.12673e+04   -4.54007e+03   -6.31480e+05    2.12080e+03
 Position Rest.      Potential    Kinetic En.   Total Energy    Temperature
    4.59821e+02   -5.24561e+05    8.59612e+04   -4.38600e+05    3.00729e+02
 Pres. DC (bar) Pressure (bar)   Constr. rmsd
   -2.23578e+02   -4.09324e+02    2.76079e-06

           Step           Time         Lambda
          42500       85.00000        0.00000

   Energies (kJ/mol)
           Bond          Angle    Proper Dih. Ryckaert-Bell.          LJ-14
    1.49973e+03    3.65908e+03    3.01733e+02    1.79921e+03    2.74957e+03
     Coulomb-14        LJ (SR)  Disper. corr.   Coulomb (SR)   Coul. recip.
    7.82987e+03    9.38673e+04   -4.54599e+03   -6.34178e+05    2.15113e+03
 Position Rest.      Potential    Kinetic En.   Total Energy    Temperature
    4.68045e+02   -5.24399e+05    8.53625e+04   -4.39036e+05    2.98634e+02
 Pres. DC (bar) Pressure (bar)   Constr. rmsd
   -2.24161e+02   -3.13681e+01    2.79044e-06

DD  load balancing is limited by minimum cell size in dimension X
DD  step 42999  vol min/aver 0.568! load imb.: force 158.3%

           Step           Time         Lambda
          43000       86.00000        0.00000

   Energies (kJ/mol)
           Bond          Angle    Proper Dih. Ryckaert-Bell.          LJ-14
    1.45638e+03    3.64018e+03    2.93242e+02    1.90397e+03    2.67191e+03
     Coulomb-14        LJ (SR)  Disper. corr.   Coulomb (SR)   Coul. recip.
    7.78586e+03    9.29145e+04   -4.56887e+03   -6.33720e+05    2.16251e+03
 Position Rest.      Potential    Kinetic En.   Total Energy    Temperature
    4.50189e+02   -5.25010e+05    8.61284e+04   -4.38882e+05    3.01314e+02
 Pres. DC (bar) Pressure (bar)   Constr. rmsd
   -2.26421e+02    3.06543e+00    2.79434e-06

           Step           Time         Lambda
          43500       87.00000        0.00000

   Energies (kJ/mol)
           Bond          Angle    Proper Dih. Ryckaert-Bell.          LJ-14
    1.55906e+03    3.83440e+03    2.27857e+02    1.91311e+03    2.66295e+03
     Coulomb-14        LJ (SR)  Disper. corr.   Coulomb (SR)   Coul. recip.
    7.78371e+03    9.35408e+04   -4.54937e+03   -6.34124e+05    2.12758e+03
 Position Rest.      Potential    Kinetic En.   Total Energy    Temperature
    4.35366e+02   -5.24589e+05    8.61003e+04   -4.38488e+05    3.01215e+02
 Pres. DC (bar) Pressure (bar)   Constr. rmsd
   -2.24494e+02   -3.52013e+01    2.57641e-06

DD  load balancing is limited by minimum cell size in dimension X
DD  step 43999  vol min/aver 0.652! load imb.: force 122.1%

           Step           Time         Lambda
          44000       88.00000        0.00000

   Energies (kJ/mol)
           Bond          Angle    Proper Dih. Ryckaert-Bell.          LJ-14
    1.50794e+03    3.80172e+03    2.55505e+02    1.88372e+03    2.63791e+03
     Coulomb-14        LJ (SR)  Disper. corr.   Coulomb (SR)   Coul. recip.
    7.76874e+03    9.32980e+04   -4.57677e+03   -6.33495e+05    2.03597e+03
 Position Rest.      Potential    Kinetic En.   Total Energy    Temperature
    4.81794e+02   -5.24400e+05    8.60260e+04   -4.38374e+05    3.00956e+02
 Pres. DC (bar) Pressure (bar)   Constr. rmsd
   -2.27203e+02    4.62651e+01    2.62670e-06

           Step           Time         Lambda
          44500       89.00000        0.00000

   Energies (kJ/mol)
           Bond          Angle    Proper Dih. Ryckaert-Bell.          LJ-14
    1.57302e+03    3.62508e+03    2.46002e+02    1.80877e+03    2.67194e+03
     Coulomb-14        LJ (SR)  Disper. corr.   Coulomb (SR)   Coul. recip.
    7.76937e+03    9.29788e+04   -4.56469e+03   -6.34075e+05    2.16248e+03
 Position Rest.      Potential    Kinetic En.   Total Energy    Temperature
    4.57485e+02   -5.25347e+05    8.58929e+04   -4.39454e+05    3.00490e+02
 Pres. DC (bar) Pressure (bar)   Constr. rmsd
   -2.26007e+02   -1.85076e+02    2.46300e-06

DD  step 44999  vol min/aver 0.691  load imb.: force 59.3%

           Step           Time         Lambda
          45000       90.00000        0.00000

   Energies (kJ/mol)
           Bond          Angle    Proper Dih. Ryckaert-Bell.          LJ-14
    1.41080e+03    3.72536e+03    2.34100e+02    1.73612e+03    2.67255e+03
     Coulomb-14        LJ (SR)  Disper. corr.   Coulomb (SR)   Coul. recip.
    7.73813e+03    9.37493e+04   -4.55563e+03   -6.33506e+05    2.15416e+03
 Position Rest.      Potential    Kinetic En.   Total Energy    Temperature
    4.48249e+02   -5.24193e+05    8.56797e+04   -4.38514e+05    2.99744e+02
 Pres. DC (bar) Pressure (bar)   Constr. rmsd
   -2.25112e+02    5.23817e+01    3.09509e-06

           Step           Time         Lambda
          45500       91.00000        0.00000

   Energies (kJ/mol)
           Bond          Angle    Proper Dih. Ryckaert-Bell.          LJ-14
    1.43478e+03    3.63254e+03    2.53606e+02    1.72696e+03    2.70824e+03
     Coulomb-14        LJ (SR)  Disper. corr.   Coulomb (SR)   Coul. recip.
    7.75345e+03    9.36187e+04   -4.55690e+03   -6.33896e+05    2.22988e+03
 Position Rest.      Potential    Kinetic En.   Total Energy    Temperature
    4.50669e+02   -5.24644e+05    8.59983e+04   -4.38645e+05    3.00859e+02
 Pres. DC (bar) Pressure (bar)   Constr. rmsd
   -2.25237e+02    6.53141e+01    3.04287e-06

DD  load balancing is limited by minimum cell size in dimension X
DD  step 45999  vol min/aver 0.487! load imb.: force 24.4%

           Step           Time         Lambda
          46000       92.00000        0.00000

   Energies (kJ/mol)
           Bond          Angle    Proper Dih. Ryckaert-Bell.          LJ-14
    1.47672e+03    3.88759e+03    2.25717e+02    1.73561e+03    2.65616e+03
     Coulomb-14        LJ (SR)  Disper. corr.   Coulomb (SR)   Coul. recip.
    7.70216e+03    9.35860e+04   -4.55486e+03   -6.33685e+05    2.13221e+03
 Position Rest.      Potential    Kinetic En.   Total Energy    Temperature
    4.64613e+02   -5.24373e+05    8.56931e+04   -4.38680e+05    2.99791e+02
 Pres. DC (bar) Pressure (bar)   Constr. rmsd
   -2.25035e+02    9.59159e+01    3.13779e-06

           Step           Time         Lambda
          46500       93.00000        0.00000

   Energies (kJ/mol)
           Bond          Angle    Proper Dih. Ryckaert-Bell.          LJ-14
    1.56285e+03    3.66947e+03    2.27278e+02    1.81939e+03    2.68192e+03
     Coulomb-14        LJ (SR)  Disper. corr.   Coulomb (SR)   Coul. recip.
    7.74835e+03    9.38675e+04   -4.57407e+03   -6.35240e+05    2.11580e+03
 Position Rest.      Potential    Kinetic En.   Total Energy    Temperature
    4.80826e+02   -5.25640e+05    8.46599e+04   -4.40981e+05    2.96176e+02
 Pres. DC (bar) Pressure (bar)   Constr. rmsd
   -2.26935e+02   -7.58805e+01    2.94403e-06

DD  load balancing is limited by minimum cell size in dimension X
DD  step 46999  vol min/aver 0.601! load imb.: force 18.5%

           Step           Time         Lambda
          47000       94.00000        0.00000

   Energies (kJ/mol)
           Bond          Angle    Proper Dih. Ryckaert-Bell.          LJ-14
    1.45728e+03    3.85349e+03    2.15068e+02    1.80435e+03    2.63143e+03
     Coulomb-14        LJ (SR)  Disper. corr.   Coulomb (SR)   Coul. recip.
    7.69381e+03    9.43357e+04   -4.55364e+03   -6.35245e+05    2.09963e+03
 Position Rest.      Potential    Kinetic En.   Total Energy    Temperature
    4.48296e+02   -5.25260e+05    8.61804e+04   -4.39079e+05    3.01496e+02
 Pres. DC (bar) Pressure (bar)   Constr. rmsd
   -2.24915e+02    9.49210e+01    3.03604e-06

           Step           Time         Lambda
          47500       95.00000        0.00000

   Energies (kJ/mol)
           Bond          Angle    Proper Dih. Ryckaert-Bell.          LJ-14
    1.49581e+03    3.73220e+03    2.47905e+02    1.77052e+03    2.62406e+03
     Coulomb-14        LJ (SR)  Disper. corr.   Coulomb (SR)   Coul. recip.
    7.66470e+03    9.45910e+04   -4.57246e+03   -6.36504e+05    2.12749e+03
 Position Rest.      Potential    Kinetic En.   Total Energy    Temperature
    4.63315e+02   -5.26359e+05    8.58244e+04   -4.40535e+05    3.00250e+02
 Pres. DC (bar) Pressure (bar)   Constr. rmsd
   -2.26776e+02    3.14733e+01    2.68295e-06

DD  load balancing is limited by minimum cell size in dimension X
DD  step 47999  vol min/aver 0.641! load imb.: force 54.0%

           Step           Time         Lambda
          48000       96.00000        0.00000

   Energies (kJ/mol)
           Bond          Angle    Proper Dih. Ryckaert-Bell.          LJ-14
    1.51531e+03    3.83098e+03    2.27043e+02    1.85083e+03    2.68318e+03
     Coulomb-14        LJ (SR)  Disper. corr.   Coulomb (SR)   Coul. recip.
    7.82775e+03    9.35410e+04   -4.54589e+03   -6.32682e+05    2.10315e+03
 Position Rest.      Potential    Kinetic En.   Total Energy    Temperature
    5.51191e+02   -5.23098e+05    8.58595e+04   -4.37238e+05    3.00373e+02
 Pres. DC (bar) Pressure (bar)   Constr. rmsd
   -2.24151e+02   -5.61282e+01    2.73233e-06

           Step           Time         Lambda
          48500       97.00000        0.00000

   Energies (kJ/mol)
           Bond          Angle    Proper Dih. Ryckaert-Bell.          LJ-14
    1.38526e+03    3.64112e+03    2.35254e+02    1.82227e+03    2.68870e+03
     Coulomb-14        LJ (SR)  Disper. corr.   Coulomb (SR)   Coul. recip.
    7.78038e+03    9.35500e+04   -4.56477e+03   -6.34154e+05    2.13583e+03
 Position Rest.      Potential    Kinetic En.   Total Energy    Temperature
    4.77495e+02   -5.25002e+05    8.53330e+04   -4.39669e+05    2.98531e+02
 Pres. DC (bar) Pressure (bar)   Constr. rmsd
   -2.26015e+02   -2.31044e+01    2.30084e-06

DD  load balancing is limited by minimum cell size in dimension X
DD  step 48999  vol min/aver 0.598! load imb.: force 47.6%

           Step           Time         Lambda
          49000       98.00000        0.00000

   Energies (kJ/mol)
           Bond          Angle    Proper Dih. Ryckaert-Bell.          LJ-14
    1.47911e+03    3.77264e+03    2.57267e+02    1.84603e+03    2.65673e+03
     Coulomb-14        LJ (SR)  Disper. corr.   Coulomb (SR)   Coul. recip.
    7.69960e+03    9.27029e+04   -4.54921e+03   -6.32052e+05    2.10239e+03
 Position Rest.      Potential    Kinetic En.   Total Energy    Temperature
    4.80251e+02   -5.23604e+05    8.56816e+04   -4.37923e+05    2.99751e+02
 Pres. DC (bar) Pressure (bar)   Constr. rmsd
   -2.24478e+02   -3.04518e+02    2.96549e-06

           Step           Time         Lambda
          49500       99.00000        0.00000

   Energies (kJ/mol)
           Bond          Angle    Proper Dih. Ryckaert-Bell.          LJ-14
    1.57290e+03    3.80555e+03    2.41095e+02    1.79989e+03    2.58426e+03
     Coulomb-14        LJ (SR)  Disper. corr.   Coulomb (SR)   Coul. recip.
    7.71981e+03    9.31298e+04   -4.54873e+03   -6.33806e+05    2.13733e+03
 Position Rest.      Potential    Kinetic En.   Total Energy    Temperature
    4.85959e+02   -5.24879e+05    8.53621e+04   -4.39517e+05    2.98633e+02
 Pres. DC (bar) Pressure (bar)   Constr. rmsd
   -2.24431e+02   -2.65907e+02    2.97990e-06

DD  load balancing is limited by minimum cell size in dimension X
DD  step 49999  vol min/aver 0.621! load imb.: force 98.6%

           Step           Time         Lambda
          50000      100.00000        0.00000

Writing checkpoint, step 50000 at Tue May 17 18:21:59 2022


   Energies (kJ/mol)
           Bond          Angle    Proper Dih. Ryckaert-Bell.          LJ-14
    1.52032e+03    3.66784e+03    2.42428e+02    1.77779e+03    2.71959e+03
     Coulomb-14        LJ (SR)  Disper. corr.   Coulomb (SR)   Coul. recip.
    7.74022e+03    9.46638e+04   -4.56565e+03   -6.35121e+05    2.14777e+03
 Position Rest.      Potential    Kinetic En.   Total Energy    Temperature
    4.98976e+02   -5.24708e+05    8.57578e+04   -4.38950e+05    3.00017e+02
 Pres. DC (bar) Pressure (bar)   Constr. rmsd
   -2.26101e+02    8.34767e+01    2.58452e-06

	<======  ###############  ==>
	<====  A V E R A G E S  ====>
	<==  ###############  ======>

	Statistics over 50001 steps using 501 frames

   Energies (kJ/mol)
           Bond          Angle    Proper Dih. Ryckaert-Bell.          LJ-14
    1.46378e+03    3.73769e+03    2.47029e+02    1.82512e+03    2.67343e+03
     Coulomb-14        LJ (SR)  Disper. corr.   Coulomb (SR)   Coul. recip.
    7.75997e+03    9.35773e+04   -4.56269e+03   -6.33846e+05    2.14061e+03
 Position Rest.      Potential    Kinetic En.   Total Energy    Temperature
    4.67837e+02   -5.24516e+05    8.57329e+04   -4.38783e+05    2.99930e+02
 Pres. DC (bar) Pressure (bar)   Constr. rmsd
   -2.25810e+02    1.67400e+00    0.00000e+00

          Box-X          Box-Y          Box-Z
    6.95155e+00    6.95155e+00    6.95155e+00

   Total Virial (kJ/mol)
    2.86404e+04   -9.83319e+00   -1.30232e+02
   -9.54675e+00    2.85013e+04    2.44404e+02
   -1.30126e+02    2.43831e+02    2.85456e+04

   Pressure (bar)
   -5.65375e+00    1.42473e+00    1.41316e+01
    1.39637e+00    7.52550e+00   -2.58301e+01
    1.41213e+01   -2.57734e+01    3.15024e+00

      T-Protein  T-non-Protein
    2.99912e+02    2.99931e+02


       P P   -   P M E   L O A D   B A L A N C I N G

 PP/PME load balancing changed the cut-off and PME settings:
           particle-particle                    PME
            rcoulomb  rlist            grid      spacing   1/beta
   initial  1.000 nm  1.097 nm      44  44  44   0.159 nm  0.320 nm
   final    1.095 nm  1.192 nm      40  40  40   0.175 nm  0.351 nm
 cost-ratio           1.28             0.75
 (note that these numbers concern only part of the total PP and PME load)


	M E G A - F L O P S   A C C O U N T I N G

 NB=Group-cutoff nonbonded kernels    NxN=N-by-N cluster Verlet kernels
 RF=Reaction-Field  VdW=Van der Waals  QSTab=quadratic-spline table
 W3=SPC/TIP3p  W4=TIP4p (single or pairs)
 V&F=Potential and force  V=Potential only  F=Force only

 Computing:                               M-Number         M-Flops  % Flops
-----------------------------------------------------------------------------
 Pair Search distance check            5384.402432       48459.622     0.0
 NxN Ewald Elec. + LJ [F]           1746841.161536   115291516.661    96.5
 NxN Ewald Elec. + LJ [V&F]           17683.994560     1892187.418     1.6
 1,4 nonbonded interactions             255.305106       22977.460     0.0
 Calc Weights                          5081.501628      182934.059     0.2
 Spread Q Bspline                    108405.368064      216810.736     0.2
 Gather F Bspline                    108405.368064      650432.208     0.5
 3D-FFT                              102223.344420      817786.755     0.7
 Solve PME                              160.034560       10242.212     0.0
 Reset In Box                            42.345000         127.035     0.0
 CG-CoM                                  42.378876         127.137     0.0
 Bonds                                   51.251025        3023.810     0.0
 Angles                                 177.353547       29795.396     0.0
 Propers                                 21.300426        4877.798     0.0
 RB-Dihedrals                           197.503950       48783.476     0.0
 Pos. Restr.                             50.051001        2502.550     0.0
 Virial                                 171.214236        3081.856     0.0
 Stop-CM                                 16.971876         169.719     0.0
 Calc-Ekin                              338.827752        9148.349     0.0
 Lincs                                   52.830704        3169.842     0.0
 Lincs-Mat                              271.427724        1085.711     0.0
 Constraint-V                          1822.603879       14580.831     0.0
 Constraint-Vir                         177.009047        4248.217     0.0
 Settle                                 572.314157      184857.473     0.2
-----------------------------------------------------------------------------
 Total                                               119442926.331   100.0
-----------------------------------------------------------------------------


    D O M A I N   D E C O M P O S I T I O N   S T A T I S T I C S

 av. #atoms communicated per step for force:  2 x 44712.0
 av. #atoms communicated per step for LINCS:  2 x 2776.7

 Average load imbalance: 88.1 %
 Part of the total run time spent waiting due to load imbalance: 4.7 %
 Steps where the load balancing was limited by -rdd, -rcon and/or -dds: X 2 % Y 0 %


     R E A L   C Y C L E   A N D   T I M E   A C C O U N T I N G

On 8 MPI ranks, each using 6 OpenMP threads

 Computing:          Num   Num      Call    Wall time         Giga-Cycles
                     Ranks Threads  Count      (s)         total sum    %
-----------------------------------------------------------------------------
 Domain decomp.         8    6       1250       6.859        691.406   2.5
 DD comm. load          8    6       1241       0.525         52.947   0.2
 DD comm. bounds        8    6       1240       0.270         27.215   0.1
 Neighbor search        8    6       1251       1.923        193.868   0.7
 Launch GPU ops.        8    6     100002       8.038        810.196   3.0
 Comm. coord.           8    6      48750      28.062       2828.569  10.4
 Force                  8    6      50001       5.213        525.442   1.9
 Wait + Comm. F         8    6      50001      12.791       1289.304   4.7
 PME mesh               8    6      50001     159.740      16101.617  58.9
 Wait GPU nonlocal      8    6      50001       0.370         37.306   0.1
 Wait GPU local         8    6      50001       0.124         12.464   0.0
 NB X/F buffer ops.     8    6     197502       5.977        602.431   2.2
 Write traj.            8    6        101       0.274         27.638   0.1
 Update                 8    6      50001       4.213        424.654   1.6
 Constraints            8    6      50001      26.669       2688.203   9.8
 Comm. energies         8    6       5001       5.044        508.437   1.9
 Rest                                           4.977        501.670   1.8
-----------------------------------------------------------------------------
 Total                                        271.068      27323.368 100.0
-----------------------------------------------------------------------------
 Breakdown of PME mesh computation
-----------------------------------------------------------------------------
 PME redist. X/F        8    6     100002      77.090       7770.557  28.4
 PME spread/gather      8    6     100002      48.990       4938.100  18.1
 PME 3D-FFT             8    6     100002       4.425        446.020   1.6
 PME 3D-FFT Comm.       8    6     200004      28.659       2888.804  10.6
 PME solve Elec         8    6      50001       0.371         37.421   0.1
-----------------------------------------------------------------------------

               Core t (s)   Wall t (s)        (%)
       Time:    12054.744      271.068     4447.1
                 (ns/day)    (hour/ns)
Performance:       31.875        0.753
Finished mdrun on rank 0 Tue May 17 18:21:59 2022
