Log file opened on Thu May 19 16:31:37 2022
Host: jupiter.sbs.ntu.edu.sg  pid: 3187  rank ID: 0  number of ranks:  1
                   :-) GROMACS - gmx mdrun, VERSION 5.1.2 (-:

                            GROMACS is written by:
     Emile Apol      Rossen Apostolov  Herman J.C. Berendsen    Par Bjelkmar   
 Aldert van Buuren   Rudi van Drunen     Anton Feenstra   Sebastian Fritsch 
  Gerrit Groenhof   Christoph Junghans   Anca Hamuraru    Vincent Hindriksen
 Dimitrios Karkoulis    Peter Kasson        Jiri Kraus      Carsten Kutzner  
    Per Larsson      Justin A. Lemkul   Magnus Lundborg   Pieter Meulenhoff 
   Erik Marklund      Teemu Murtola       Szilard Pall       Sander Pronk   
   Roland Schulz     Alexey Shvetsov     Michael Shirts     Alfons Sijbers  
   Peter Tieleman    Teemu Virolainen  Christian Wennberg    Maarten Wolf   
                           and the project leaders:
        Mark Abraham, Berk Hess, Erik Lindahl, and David van der Spoel

Copyright (c) 1991-2000, University of Groningen, The Netherlands.
Copyright (c) 2001-2015, The GROMACS development team at
Uppsala University, Stockholm University and
the Royal Institute of Technology, Sweden.
check out http://www.gromacs.org for more information.

GROMACS is free software; you can redistribute it and/or modify it
under the terms of the GNU Lesser General Public License
as published by the Free Software Foundation; either version 2.1
of the License, or (at your option) any later version.

GROMACS:      gmx mdrun, VERSION 5.1.2
Executable:   /apps/gromacs/5.1.2/threadmpi_cuda7.5/bin/gmx
Data prefix:  /apps/gromacs/5.1.2/threadmpi_cuda7.5
Command line:
  gmx mdrun -deffnm nvt

GROMACS version:    VERSION 5.1.2
Precision:          single
Memory model:       64 bit
MPI library:        thread_mpi
OpenMP support:     enabled (GMX_OPENMP_MAX_THREADS = 32)
GPU support:        enabled
OpenCL support:     disabled
invsqrt routine:    gmx_software_invsqrt(x)
SIMD instructions:  AVX2_256
FFT library:        fftw-3.3.4-sse2-avx
RDTSCP usage:       enabled
C++11 compilation:  disabled
TNG support:        enabled
Tracing support:    disabled
Built on:           Wed Apr  3 21:14:53 +08 2019
Built by:           lzheng002@jupiter.sbs.ntu.edu.sg [CMAKE]
Build OS/arch:      Linux 3.10.0-957.10.1.el7.x86_64 x86_64
Build CPU vendor:   GenuineIntel
Build CPU brand:    Intel(R) Xeon(R) Silver 4116 CPU @ 2.10GHz
Build CPU family:   6   Model: 85   Stepping: 4
Build CPU features: aes apic avx avx2 avx512f avx512cd clfsh cmov cx8 cx16 f16c fma htt lahf_lm mmx msr nonstop_tsc pcid pclmuldq pdcm pdpe1gb popcnt pse rdrnd rdtscp sse2 sse3 sse4.1 sse4.2 ssse3 tdt x2apic
C compiler:         /usr/bin/cc GNU 4.8.5
C compiler flags:    -march=core-avx2    -Wextra -Wno-missing-field-initializers -Wno-sign-compare -Wpointer-arith -Wall -Wno-unused -Wunused-value -Wunused-parameter  -O3 -DNDEBUG -funroll-all-loops -fexcess-precision=fast  -Wno-array-bounds 
C++ compiler:       /usr/bin/c++ GNU 4.8.5
C++ compiler flags:  -march=core-avx2    -Wextra -Wno-missing-field-initializers -Wpointer-arith -Wall -Wno-unused-function  -O3 -DNDEBUG -funroll-all-loops -fexcess-precision=fast  -Wno-array-bounds 
Boost version:      1.53.0 (external)
CUDA compiler:      /usr/local/cuda-7.5/bin/nvcc nvcc: NVIDIA (R) Cuda compiler driver;Copyright (c) 2005-2015 NVIDIA Corporation;Built on Tue_Aug_11_14:27:32_CDT_2015;Cuda compilation tools, release 7.5, V7.5.17
CUDA compiler flags:-gencode;arch=compute_20,code=sm_20;-gencode;arch=compute_30,code=sm_30;-gencode;arch=compute_35,code=sm_35;-gencode;arch=compute_37,code=sm_37;-gencode;arch=compute_50,code=sm_50;-gencode;arch=compute_52,code=sm_52;-gencode;arch=compute_52,code=compute_52;-use_fast_math;; ;-march=core-avx2;-Wextra;-Wno-missing-field-initializers;-Wpointer-arith;-Wall;-Wno-unused-function;-O3;-DNDEBUG;-funroll-all-loops;-fexcess-precision=fast;-Wno-array-bounds;
CUDA driver:        11.60
CUDA runtime:       7.50


Running on 1 node with total 24 cores, 48 logical cores, 2 compatible GPUs
Hardware detected:
  CPU info:
    Vendor: GenuineIntel
    Brand:  Intel(R) Xeon(R) Silver 4116 CPU @ 2.10GHz
    Family:  6  model: 85  stepping:  4
    CPU features: aes apic avx avx2 avx512f avx512cd clfsh cmov cx8 cx16 f16c fma htt lahf_lm mmx msr nonstop_tsc pcid pclmuldq pdcm pdpe1gb popcnt pse rdrnd rdtscp sse2 sse3 sse4.1 sse4.2 ssse3 tdt x2apic
    SIMD instructions most likely to fit this hardware: AVX2_256
    SIMD instructions selected at GROMACS compile time: AVX2_256
  GPU info:
    Number of GPUs detected: 2
    #0: NVIDIA NVIDIA GeForce GTX 1080 Ti, compute cap.: 6.1, ECC:  no, stat: compatible
    #1: NVIDIA NVIDIA GeForce GTX 1080 Ti, compute cap.: 6.1, ECC:  no, stat: compatible


++++ PLEASE READ AND CITE THE FOLLOWING REFERENCE ++++
M. J. Abraham, T. Murtola, R. Schulz, S. Páll, J. C. Smith, B. Hess, E.
Lindahl
GROMACS: High performance molecular simulations through multi-level
parallelism from laptops to supercomputers
SoftwareX 1 (2015) pp. 19-25
-------- -------- --- Thank You --- -------- --------


++++ PLEASE READ AND CITE THE FOLLOWING REFERENCE ++++
S. Páll, M. J. Abraham, C. Kutzner, B. Hess, E. Lindahl
Tackling Exascale Software Challenges in Molecular Dynamics Simulations with
GROMACS
In S. Markidis & E. Laure (Eds.), Solving Software Challenges for Exascale 8759 (2015) pp. 3-27
-------- -------- --- Thank You --- -------- --------


++++ PLEASE READ AND CITE THE FOLLOWING REFERENCE ++++
S. Pronk, S. Páll, R. Schulz, P. Larsson, P. Bjelkmar, R. Apostolov, M. R.
Shirts, J. C. Smith, P. M. Kasson, D. van der Spoel, B. Hess, and E. Lindahl
GROMACS 4.5: a high-throughput and highly parallel open source molecular
simulation toolkit
Bioinformatics 29 (2013) pp. 845-54
-------- -------- --- Thank You --- -------- --------


++++ PLEASE READ AND CITE THE FOLLOWING REFERENCE ++++
B. Hess and C. Kutzner and D. van der Spoel and E. Lindahl
GROMACS 4: Algorithms for highly efficient, load-balanced, and scalable
molecular simulation
J. Chem. Theory Comput. 4 (2008) pp. 435-447
-------- -------- --- Thank You --- -------- --------


++++ PLEASE READ AND CITE THE FOLLOWING REFERENCE ++++
D. van der Spoel, E. Lindahl, B. Hess, G. Groenhof, A. E. Mark and H. J. C.
Berendsen
GROMACS: Fast, Flexible and Free
J. Comp. Chem. 26 (2005) pp. 1701-1719
-------- -------- --- Thank You --- -------- --------


++++ PLEASE READ AND CITE THE FOLLOWING REFERENCE ++++
E. Lindahl and B. Hess and D. van der Spoel
GROMACS 3.0: A package for molecular simulation and trajectory analysis
J. Mol. Mod. 7 (2001) pp. 306-317
-------- -------- --- Thank You --- -------- --------


++++ PLEASE READ AND CITE THE FOLLOWING REFERENCE ++++
H. J. C. Berendsen, D. van der Spoel and R. van Drunen
GROMACS: A message-passing parallel molecular dynamics implementation
Comp. Phys. Comm. 91 (1995) pp. 43-56
-------- -------- --- Thank You --- -------- --------

Changing nstlist from 20 to 40, rlist from 1.221 to 1.28

Input Parameters:
   integrator                     = md
   tinit                          = 0
   dt                             = 0.002
   nsteps                         = 50000
   init-step                      = 0
   simulation-part                = 1
   comm-mode                      = Linear
   nstcomm                        = 100
   bd-fric                        = 0
   ld-seed                        = 1298831206
   emtol                          = 10
   emstep                         = 0.01
   niter                          = 20
   fcstep                         = 0
   nstcgsteep                     = 1000
   nbfgscorr                      = 10
   rtpi                           = 0.05
   nstxout                        = 0
   nstvout                        = 0
   nstfout                        = 0
   nstlog                         = 500
   nstcalcenergy                  = 100
   nstenergy                      = 500
   nstxout-compressed             = 500
   compressed-x-precision         = 1000
   cutoff-scheme                  = Verlet
   nstlist                        = 40
   ns-type                        = Grid
   pbc                            = xyz
   periodic-molecules             = FALSE
   verlet-buffer-tolerance        = 0.005
   rlist                          = 1.28
   rlistlong                      = 1.28
   nstcalclr                      = 20
   coulombtype                    = PME
   coulomb-modifier               = Potential-shift
   rcoulomb-switch                = 0
   rcoulomb                       = 1.2
   epsilon-r                      = 1
   epsilon-rf                     = inf
   vdw-type                       = Cut-off
   vdw-modifier                   = Force-switch
   rvdw-switch                    = 1
   rvdw                           = 1.2
   DispCorr                       = No
   table-extension                = 1
   fourierspacing                 = 0.16
   fourier-nx                     = 52
   fourier-ny                     = 52
   fourier-nz                     = 52
   pme-order                      = 4
   ewald-rtol                     = 1e-05
   ewald-rtol-lj                  = 0.001
   lj-pme-comb-rule               = Geometric
   ewald-geometry                 = 0
   epsilon-surface                = 0
   implicit-solvent               = No
   gb-algorithm                   = Still
   nstgbradii                     = 1
   rgbradii                       = 1
   gb-epsilon-solvent             = 80
   gb-saltconc                    = 0
   gb-obc-alpha                   = 1
   gb-obc-beta                    = 0.8
   gb-obc-gamma                   = 4.85
   gb-dielectric-offset           = 0.009
   sa-algorithm                   = Ace-approximation
   sa-surface-tension             = 2.05016
   tcoupl                         = V-rescale
   nsttcouple                     = 20
   nh-chain-length                = 0
   print-nose-hoover-chain-variables = FALSE
   pcoupl                         = No
   pcoupltype                     = Isotropic
   nstpcouple                     = -1
   tau-p                          = 1
   compressibility (3x3):
      compressibility[    0]={ 0.00000e+00,  0.00000e+00,  0.00000e+00}
      compressibility[    1]={ 0.00000e+00,  0.00000e+00,  0.00000e+00}
      compressibility[    2]={ 0.00000e+00,  0.00000e+00,  0.00000e+00}
   ref-p (3x3):
      ref-p[    0]={ 0.00000e+00,  0.00000e+00,  0.00000e+00}
      ref-p[    1]={ 0.00000e+00,  0.00000e+00,  0.00000e+00}
      ref-p[    2]={ 0.00000e+00,  0.00000e+00,  0.00000e+00}
   refcoord-scaling               = No
   posres-com (3):
      posres-com[0]= 0.00000e+00
      posres-com[1]= 0.00000e+00
      posres-com[2]= 0.00000e+00
   posres-comB (3):
      posres-comB[0]= 0.00000e+00
      posres-comB[1]= 0.00000e+00
      posres-comB[2]= 0.00000e+00
   QMMM                           = FALSE
   QMconstraints                  = 0
   QMMMscheme                     = 0
   MMChargeScaleFactor            = 1
qm-opts:
   ngQM                           = 0
   constraint-algorithm           = Lincs
   continuation                   = FALSE
   Shake-SOR                      = FALSE
   shake-tol                      = 0.0001
   lincs-order                    = 4
   lincs-iter                     = 1
   lincs-warnangle                = 30
   nwall                          = 0
   wall-type                      = 9-3
   wall-r-linpot                  = -1
   wall-atomtype[0]               = -1
   wall-atomtype[1]               = -1
   wall-density[0]                = 0
   wall-density[1]                = 0
   wall-ewald-zfac                = 3
   pull                           = FALSE
   rotation                       = FALSE
   interactiveMD                  = FALSE
   disre                          = No
   disre-weighting                = Conservative
   disre-mixed                    = FALSE
   dr-fc                          = 1000
   dr-tau                         = 0
   nstdisreout                    = 100
   orire-fc                       = 0
   orire-tau                      = 0
   nstorireout                    = 100
   free-energy                    = no
   cos-acceleration               = 0
   deform (3x3):
      deform[    0]={ 0.00000e+00,  0.00000e+00,  0.00000e+00}
      deform[    1]={ 0.00000e+00,  0.00000e+00,  0.00000e+00}
      deform[    2]={ 0.00000e+00,  0.00000e+00,  0.00000e+00}
   simulated-tempering            = FALSE
   E-x:
      n = 0
   E-xt:
      n = 0
   E-y:
      n = 0
   E-yt:
      n = 0
   E-z:
      n = 0
   E-zt:
      n = 0
   swapcoords                     = no
   adress                         = FALSE
   userint1                       = 0
   userint2                       = 0
   userint3                       = 0
   userint4                       = 0
   userreal1                      = 0
   userreal2                      = 0
   userreal3                      = 0
   userreal4                      = 0
grpopts:
   nrdf:     6582.71     61743.3
   ref-t:         300         300
   tau-t:         0.1         0.1
annealing:          No          No
annealing-npoints:           0           0
   acc:	           0           0           0
   nfreeze:           N           N           N
   energygrp-flags[  0]: 0


Initializing Domain Decomposition on 8 ranks
Dynamic load balancing: auto
Will sort the charge groups at every domain (re)decomposition
Initial maximum inter charge-group distances:
    two-body bonded interactions: 0.424 nm, LJ-14, atoms 1677 1685
  multi-body bonded interactions: 0.483 nm, CMAP Dih., atoms 18 34
Minimum cell size due to bonded interactions: 0.531 nm
Maximum distance for 5 constraints, at 120 deg. angles, all-trans: 0.222 nm
Estimated maximum distance required for P-LINCS: 0.222 nm
Using 0 separate PME ranks, per user request
Scaling the initial minimum size with 1/0.8 (option -dds) = 1.25
Optimizing the DD grid for 8 cells with a minimum initial size of 0.664 nm
The maximum allowed number of cells is: X 9 Y 9 Z 8
Domain decomposition grid 4 x 2 x 1, separate PME ranks 0
PME domain decomposition: 4 x 2 x 1
Domain decomposition rank 0, coordinates 0 0 0

Using 8 MPI threads
Using 6 OpenMP threads per tMPI thread

2 compatible GPUs are present, with IDs 0,1
2 GPUs auto-selected for this run.
Mapping of GPU IDs to the 8 PP ranks in this node: 0,0,0,0,1,1,1,1

Will do PME sum in reciprocal space for electrostatic interactions.

++++ PLEASE READ AND CITE THE FOLLOWING REFERENCE ++++
U. Essmann, L. Perera, M. L. Berkowitz, T. Darden, H. Lee and L. G. Pedersen 
A smooth particle mesh Ewald method
J. Chem. Phys. 103 (1995) pp. 8577-8592
-------- -------- --- Thank You --- -------- --------

Will do ordinary reciprocal space Ewald sum.
Using a Gaussian width (1/beta) of 0.384195 nm for Ewald
Cut-off's:   NS: 1.28   Coulomb: 1.2   LJ: 1.2
System total charge: 0.000
Generated table with 1140 data points for Ewald.
Tabscale = 500 points/nm
Generated table with 1140 data points for LJ6Shift.
Tabscale = 500 points/nm
Generated table with 1140 data points for LJ12Shift.
Tabscale = 500 points/nm
Generated table with 1140 data points for 1-4 COUL.
Tabscale = 500 points/nm
Generated table with 1140 data points for 1-4 LJ6.
Tabscale = 500 points/nm
Generated table with 1140 data points for 1-4 LJ12.
Tabscale = 500 points/nm
Potential shift: LJ r^-12: -2.648e-01 r^-6: -5.349e-01, Ewald -1.000e-05
Initialized non-bonded Ewald correction tables, spacing: 1.02e-03 size: 1176


Using GPU 8x8 non-bonded kernels

Removing pbc first time
Pinning threads with an auto-selected logical core stride of 1

Initializing Parallel LINear Constraint Solver

++++ PLEASE READ AND CITE THE FOLLOWING REFERENCE ++++
B. Hess
P-LINCS: A Parallel Linear Constraint Solver for molecular simulation
J. Chem. Theory Comput. 4 (2008) pp. 116-122
-------- -------- --- Thank You --- -------- --------

The number of constraints is 1325
There are inter charge-group constraints,
will communicate selected coordinates each lincs iteration

++++ PLEASE READ AND CITE THE FOLLOWING REFERENCE ++++
S. Miyamoto and P. A. Kollman
SETTLE: An Analytical Version of the SHAKE and RATTLE Algorithms for Rigid
Water Models
J. Comp. Chem. 13 (1992) pp. 952-962
-------- -------- --- Thank You --- -------- --------


Linking all bonded interactions to atoms

The initial number of communication pulses is: X 1 Y 1
The initial domain decomposition cell size is: X 1.60 nm Y 3.20 nm

The maximum allowed distance for charge groups involved in interactions is:
                 non-bonded interactions           1.280 nm
            two-body bonded interactions  (-rdd)   1.280 nm
          multi-body bonded interactions  (-rdd)   1.280 nm
  atoms separated by up to 5 constraints  (-rcon)  1.602 nm

When dynamic load balancing gets turned on, these settings will change to:
The maximum number of communication pulses is: X 1 Y 1
The minimum size for domain decomposition cells is 1.280 nm
The requested allowed shrink of DD cells (option -dds) is: 0.80
The allowed shrink of domain decomposition cells is: X 0.80 Y 0.40
The maximum allowed distance for charge groups involved in interactions is:
                 non-bonded interactions           1.280 nm
            two-body bonded interactions  (-rdd)   1.280 nm
          multi-body bonded interactions  (-rdd)   1.280 nm
  atoms separated by up to 5 constraints  (-rcon)  1.280 nm


Making 2D domain decomposition grid 4 x 2 x 1, home cell index 0 0 0

Center of mass motion removal mode is Linear
We have the following groups for center of mass motion removal:
  0:  rest

++++ PLEASE READ AND CITE THE FOLLOWING REFERENCE ++++
G. Bussi, D. Donadio and M. Parrinello
Canonical sampling through velocity rescaling
J. Chem. Phys. 126 (2007) pp. 014101
-------- -------- --- Thank You --- -------- --------

There are: 33506 Atoms
Atom distribution over 8 domains: av 4188 stddev 58 min 4115 max 4228

NOTE: DLB will not turn on during the first phase of PME tuning


Constraining the starting coordinates (step 0)

Constraining the coordinates at t0-dt (step 0)
RMS relative constraint deviation after constraining: 2.71e-06
Initial temperature: 299.602 K

Started mdrun on rank 0 Thu May 19 16:31:39 2022
           Step           Time         Lambda
              0        0.00000        0.00000

   Energies (kJ/mol)
           Bond            U-B    Proper Dih.  Improper Dih.      CMAP Dih.
    6.58201e+02    2.03697e+03    6.15090e+03    1.01026e+02   -3.12733e+02
          LJ-14     Coulomb-14        LJ (SR)   Coulomb (SR)   Coul. recip.
    1.95184e+03    1.78046e+04    4.13376e+04   -5.81200e+05    1.85561e+03
 Position Rest.      Potential    Kinetic En.   Total Energy  Conserved En.
    1.32807e-03   -5.09616e+05    8.51280e+04   -4.24488e+05   -4.24488e+05
    Temperature Pressure (bar)   Constr. rmsd
    2.99697e+02   -4.32359e+03    3.05156e-06

DD  step 39 load imb.: force 96.7%

step   80: timed with pme grid 52 52 52, coulomb cutoff 1.200: 333.8 M-cycles
step  160: timed with pme grid 44 44 44, coulomb cutoff 1.338: 278.1 M-cycles
step  240: timed with pme grid 40 40 40, coulomb cutoff 1.472: 252.6 M-cycles
step  240: the domain decompostion limits the PME load balancing to a coulomb cut-off of 1.472
step  320: timed with pme grid 40 40 40, coulomb cutoff 1.472: 303.3 M-cycles
step  400: timed with pme grid 42 42 42, coulomb cutoff 1.402: 263.7 M-cycles
step  480: timed with pme grid 44 44 44, coulomb cutoff 1.338: 278.5 M-cycles
           Step           Time         Lambda
            500        1.00000        0.00000

   Energies (kJ/mol)
           Bond            U-B    Proper Dih.  Improper Dih.      CMAP Dih.
    2.17767e+03    5.75537e+03    6.85123e+03    3.98930e+02   -2.44782e+02
          LJ-14     Coulomb-14        LJ (SR)   Coulomb (SR)   Coul. recip.
    2.09798e+03    1.78362e+04    4.04873e+04   -5.18373e+05    1.55236e+03
 Position Rest.      Potential    Kinetic En.   Total Energy  Conserved En.
    8.45085e+02   -4.40615e+05    8.43224e+04   -3.56293e+05   -4.23695e+05
    Temperature Pressure (bar)   Constr. rmsd
    2.96861e+02   -1.28787e+03    2.71178e-06

step  560: timed with pme grid 48 48 48, coulomb cutoff 1.226: 252.4 M-cycles
              optimal pme grid 48 48 48, coulomb cutoff 1.226

NOTE: DLB can now turn on, when beneficial

At step 600 the performance loss due to force load imbalance is 6.5 %

NOTE: Turning on dynamic load balancing

DD  load balancing is limited by minimum cell size in dimension X
DD  step 999  vol min/aver 0.671! load imb.: force 37.9%

           Step           Time         Lambda
           1000        2.00000        0.00000

   Energies (kJ/mol)
           Bond            U-B    Proper Dih.  Improper Dih.      CMAP Dih.
    2.22539e+03    5.71737e+03    6.70645e+03    3.35478e+02   -2.31307e+02
          LJ-14     Coulomb-14        LJ (SR)   Coulomb (SR)   Coul. recip.
    2.06755e+03    1.75596e+04    3.97816e+04   -5.16395e+05    1.54247e+03
 Position Rest.      Potential    Kinetic En.   Total Energy  Conserved En.
    7.42268e+02   -4.39948e+05    8.43372e+04   -3.55611e+05   -4.23704e+05
    Temperature Pressure (bar)   Constr. rmsd
    2.96913e+02   -6.85475e+02    2.97136e-06

           Step           Time         Lambda
           1500        3.00000        0.00000

   Energies (kJ/mol)
           Bond            U-B    Proper Dih.  Improper Dih.      CMAP Dih.
    2.16099e+03    5.95726e+03    6.65400e+03    3.65675e+02   -1.87980e+02
          LJ-14     Coulomb-14        LJ (SR)   Coulomb (SR)   Coul. recip.
    2.07797e+03    1.77167e+04    4.00634e+04   -5.17222e+05    1.56451e+03
 Position Rest.      Potential    Kinetic En.   Total Energy  Conserved En.
    7.40640e+02   -4.40108e+05    8.60011e+04   -3.54107e+05   -4.23701e+05
    Temperature Pressure (bar)   Constr. rmsd
    3.02771e+02   -1.16250e+03    2.99598e-06

DD  load balancing is limited by minimum cell size in dimension X
DD  step 1999  vol min/aver 0.535! load imb.: force 21.3%

           Step           Time         Lambda
           2000        4.00000        0.00000

   Energies (kJ/mol)
           Bond            U-B    Proper Dih.  Improper Dih.      CMAP Dih.
    2.17580e+03    5.98223e+03    6.62340e+03    3.30754e+02   -1.84659e+02
          LJ-14     Coulomb-14        LJ (SR)   Coulomb (SR)   Coul. recip.
    2.06194e+03    1.75799e+04    3.90172e+04   -5.15969e+05    1.57551e+03
 Position Rest.      Potential    Kinetic En.   Total Energy  Conserved En.
    6.48976e+02   -4.40158e+05    8.41445e+04   -3.56013e+05   -4.23679e+05
    Temperature Pressure (bar)   Constr. rmsd
    2.96234e+02   -9.61920e+02    3.12761e-06

           Step           Time         Lambda
           2500        5.00000        0.00000

   Energies (kJ/mol)
           Bond            U-B    Proper Dih.  Improper Dih.      CMAP Dih.
    2.18470e+03    5.72516e+03    6.67183e+03    4.21822e+02   -1.68310e+02
          LJ-14     Coulomb-14        LJ (SR)   Coulomb (SR)   Coul. recip.
    2.11037e+03    1.74623e+04    4.01497e+04   -5.16801e+05    1.51745e+03
 Position Rest.      Potential    Kinetic En.   Total Energy  Conserved En.
    5.85655e+02   -4.40140e+05    8.51684e+04   -3.54972e+05   -4.23722e+05
    Temperature Pressure (bar)   Constr. rmsd
    2.99839e+02   -3.82508e+02    2.92299e-06

DD  load balancing is limited by minimum cell size in dimension X
DD  step 2999  vol min/aver 0.615! load imb.: force 30.9%

           Step           Time         Lambda
           3000        6.00000        0.00000

   Energies (kJ/mol)
           Bond            U-B    Proper Dih.  Improper Dih.      CMAP Dih.
    2.26707e+03    6.02277e+03    6.58336e+03    3.18734e+02   -1.69693e+02
          LJ-14     Coulomb-14        LJ (SR)   Coulomb (SR)   Coul. recip.
    2.16465e+03    1.77174e+04    3.99718e+04   -5.16166e+05    1.49603e+03
 Position Rest.      Potential    Kinetic En.   Total Energy  Conserved En.
    6.35588e+02   -4.39158e+05    8.49395e+04   -3.54219e+05   -4.23691e+05
    Temperature Pressure (bar)   Constr. rmsd
    2.99033e+02   -5.27725e+02    2.85315e-06

           Step           Time         Lambda
           3500        7.00000        0.00000

   Energies (kJ/mol)
           Bond            U-B    Proper Dih.  Improper Dih.      CMAP Dih.
    2.18715e+03    5.83170e+03    6.65777e+03    4.14430e+02   -2.01417e+02
          LJ-14     Coulomb-14        LJ (SR)   Coulomb (SR)   Coul. recip.
    2.03223e+03    1.74556e+04    3.99226e+04   -5.16990e+05    1.54946e+03
 Position Rest.      Potential    Kinetic En.   Total Energy  Conserved En.
    6.92830e+02   -4.40448e+05    8.45618e+04   -3.55886e+05   -4.23713e+05
    Temperature Pressure (bar)   Constr. rmsd
    2.97704e+02   -1.38808e+03    2.97589e-06

DD  load balancing is limited by minimum cell size in dimension X
DD  step 3999  vol min/aver 0.599! load imb.: force 37.6%

           Step           Time         Lambda
           4000        8.00000        0.00000

   Energies (kJ/mol)
           Bond            U-B    Proper Dih.  Improper Dih.      CMAP Dih.
    2.13529e+03    5.95894e+03    6.66623e+03    3.62265e+02   -2.04189e+02
          LJ-14     Coulomb-14        LJ (SR)   Coulomb (SR)   Coul. recip.
    2.11416e+03    1.77715e+04    3.97714e+04   -5.17073e+05    1.53622e+03
 Position Rest.      Potential    Kinetic En.   Total Energy  Conserved En.
    6.36878e+02   -4.40324e+05    8.50591e+04   -3.55265e+05   -4.23735e+05
    Temperature Pressure (bar)   Constr. rmsd
    2.99454e+02   -6.44672e+02    3.10280e-06

           Step           Time         Lambda
           4500        9.00000        0.00000

   Energies (kJ/mol)
           Bond            U-B    Proper Dih.  Improper Dih.      CMAP Dih.
    2.22635e+03    5.89964e+03    6.65314e+03    4.05862e+02   -2.08556e+02
          LJ-14     Coulomb-14        LJ (SR)   Coulomb (SR)   Coul. recip.
    2.08716e+03    1.78939e+04    3.94908e+04   -5.15938e+05    1.42873e+03
 Position Rest.      Potential    Kinetic En.   Total Energy  Conserved En.
    6.92487e+02   -4.39368e+05    8.55490e+04   -3.53819e+05   -4.23716e+05
    Temperature Pressure (bar)   Constr. rmsd
    3.01179e+02   -7.82819e+02    2.88336e-06

DD  load balancing is limited by minimum cell size in dimension X
DD  step 4999  vol min/aver 0.526! load imb.: force 17.7%

           Step           Time         Lambda
           5000       10.00000        0.00000

   Energies (kJ/mol)
           Bond            U-B    Proper Dih.  Improper Dih.      CMAP Dih.
    2.29880e+03    5.95220e+03    6.58774e+03    3.71180e+02   -2.62959e+02
          LJ-14     Coulomb-14        LJ (SR)   Coulomb (SR)   Coul. recip.
    2.02616e+03    1.75356e+04    4.02848e+04   -5.17702e+05    1.53006e+03
 Position Rest.      Potential    Kinetic En.   Total Energy  Conserved En.
    6.73617e+02   -4.40705e+05    8.50299e+04   -3.55675e+05   -4.23711e+05
    Temperature Pressure (bar)   Constr. rmsd
    2.99351e+02   -9.36632e+02    2.86711e-06

           Step           Time         Lambda
           5500       11.00000        0.00000

   Energies (kJ/mol)
           Bond            U-B    Proper Dih.  Improper Dih.      CMAP Dih.
    2.14281e+03    5.85700e+03    6.61105e+03    3.33357e+02   -2.32270e+02
          LJ-14     Coulomb-14        LJ (SR)   Coulomb (SR)   Coul. recip.
    2.17573e+03    1.75006e+04    3.90821e+04   -5.15772e+05    1.49289e+03
 Position Rest.      Potential    Kinetic En.   Total Energy  Conserved En.
    6.90532e+02   -4.40118e+05    8.52195e+04   -3.54899e+05   -4.23734e+05
    Temperature Pressure (bar)   Constr. rmsd
    3.00019e+02   -7.00888e+02    3.11690e-06

DD  load balancing is limited by minimum cell size in dimension X Y
DD  step 5999  vol min/aver 0.535! load imb.: force 38.5%

           Step           Time         Lambda
           6000       12.00000        0.00000

   Energies (kJ/mol)
           Bond            U-B    Proper Dih.  Improper Dih.      CMAP Dih.
    2.08252e+03    5.93092e+03    6.60409e+03    3.39427e+02   -1.95588e+02
          LJ-14     Coulomb-14        LJ (SR)   Coulomb (SR)   Coul. recip.
    2.15797e+03    1.79125e+04    4.06346e+04   -5.17638e+05    1.51186e+03
 Position Rest.      Potential    Kinetic En.   Total Energy  Conserved En.
    6.14733e+02   -4.40046e+05    8.58893e+04   -3.54156e+05   -4.23724e+05
    Temperature Pressure (bar)   Constr. rmsd
    3.02377e+02   -4.10631e+02    3.12488e-06

           Step           Time         Lambda
           6500       13.00000        0.00000

   Energies (kJ/mol)
           Bond            U-B    Proper Dih.  Improper Dih.      CMAP Dih.
    2.24566e+03    5.88658e+03    6.63273e+03    3.32709e+02   -2.19434e+02
          LJ-14     Coulomb-14        LJ (SR)   Coulomb (SR)   Coul. recip.
    2.06185e+03    1.77584e+04    3.96112e+04   -5.17212e+05    1.42416e+03
 Position Rest.      Potential    Kinetic En.   Total Energy  Conserved En.
    6.58450e+02   -4.40819e+05    8.53925e+04   -3.55427e+05   -4.23729e+05
    Temperature Pressure (bar)   Constr. rmsd
    3.00628e+02   -6.51562e+02    3.00482e-06

DD  load balancing is limited by minimum cell size in dimension X
DD  step 6999  vol min/aver 0.467! load imb.: force 24.4%

           Step           Time         Lambda
           7000       14.00000        0.00000

   Energies (kJ/mol)
           Bond            U-B    Proper Dih.  Improper Dih.      CMAP Dih.
    2.16366e+03    5.87985e+03    6.58764e+03    3.93094e+02   -1.90379e+02
          LJ-14     Coulomb-14        LJ (SR)   Coulomb (SR)   Coul. recip.
    2.11538e+03    1.77435e+04    3.92312e+04   -5.16022e+05    1.44703e+03
 Position Rest.      Potential    Kinetic En.   Total Energy  Conserved En.
    6.11665e+02   -4.40040e+05    8.50040e+04   -3.55036e+05   -4.23733e+05
    Temperature Pressure (bar)   Constr. rmsd
    2.99260e+02   -4.99151e+02    4.02890e-06

           Step           Time         Lambda
           7500       15.00000        0.00000

   Energies (kJ/mol)
           Bond            U-B    Proper Dih.  Improper Dih.      CMAP Dih.
    2.21580e+03    6.01743e+03    6.71446e+03    3.25474e+02   -2.11063e+02
          LJ-14     Coulomb-14        LJ (SR)   Coulomb (SR)   Coul. recip.
    2.07335e+03    1.78234e+04    3.96683e+04   -5.15580e+05    1.50583e+03
 Position Rest.      Potential    Kinetic En.   Total Energy  Conserved En.
    6.70621e+02   -4.38777e+05    8.57517e+04   -3.53025e+05   -4.23735e+05
    Temperature Pressure (bar)   Constr. rmsd
    3.01893e+02   -5.54840e+02    3.16360e-06

DD  load balancing is limited by minimum cell size in dimension X
DD  step 7999  vol min/aver 0.600! load imb.: force 21.1%

           Step           Time         Lambda
           8000       16.00000        0.00000

   Energies (kJ/mol)
           Bond            U-B    Proper Dih.  Improper Dih.      CMAP Dih.
    2.25652e+03    5.87350e+03    6.60676e+03    3.42107e+02   -1.88293e+02
          LJ-14     Coulomb-14        LJ (SR)   Coulomb (SR)   Coul. recip.
    2.13568e+03    1.76836e+04    4.02024e+04   -5.16907e+05    1.50051e+03
 Position Rest.      Potential    Kinetic En.   Total Energy  Conserved En.
    6.25259e+02   -4.39869e+05    8.55932e+04   -3.54276e+05   -4.23722e+05
    Temperature Pressure (bar)   Constr. rmsd
    3.01335e+02   -1.95574e+02    3.36962e-06

           Step           Time         Lambda
           8500       17.00000        0.00000

   Energies (kJ/mol)
           Bond            U-B    Proper Dih.  Improper Dih.      CMAP Dih.
    2.36117e+03    6.04050e+03    6.62484e+03    3.57723e+02   -2.27918e+02
          LJ-14     Coulomb-14        LJ (SR)   Coulomb (SR)   Coul. recip.
    2.01629e+03    1.75635e+04    4.01432e+04   -5.16498e+05    1.52123e+03
 Position Rest.      Potential    Kinetic En.   Total Energy  Conserved En.
    6.21929e+02   -4.39476e+05    8.63995e+04   -3.53076e+05   -4.23732e+05
    Temperature Pressure (bar)   Constr. rmsd
    3.04173e+02   -5.70156e+02    3.11398e-06

DD  load balancing is limited by minimum cell size in dimension X
DD  step 8999  vol min/aver 0.589! load imb.: force 47.5%

           Step           Time         Lambda
           9000       18.00000        0.00000

   Energies (kJ/mol)
           Bond            U-B    Proper Dih.  Improper Dih.      CMAP Dih.
    2.04547e+03    6.21436e+03    6.67358e+03    3.40495e+02   -2.39950e+02
          LJ-14     Coulomb-14        LJ (SR)   Coulomb (SR)   Coul. recip.
    2.11145e+03    1.77645e+04    3.93053e+04   -5.16529e+05    1.48650e+03
 Position Rest.      Potential    Kinetic En.   Total Energy  Conserved En.
    6.34060e+02   -4.40193e+05    8.56555e+04   -3.54538e+05   -4.23713e+05
    Temperature Pressure (bar)   Constr. rmsd
    3.01554e+02   -9.39351e+02    2.96921e-06

           Step           Time         Lambda
           9500       19.00000        0.00000

   Energies (kJ/mol)
           Bond            U-B    Proper Dih.  Improper Dih.      CMAP Dih.
    2.10975e+03    5.94943e+03    6.63044e+03    3.93567e+02   -2.10727e+02
          LJ-14     Coulomb-14        LJ (SR)   Coulomb (SR)   Coul. recip.
    2.09904e+03    1.78621e+04    4.03966e+04   -5.18126e+05    1.48407e+03
 Position Rest.      Potential    Kinetic En.   Total Energy  Conserved En.
    6.35989e+02   -4.40775e+05    8.50601e+04   -3.55715e+05   -4.23715e+05
    Temperature Pressure (bar)   Constr. rmsd
    2.99458e+02   -7.49021e+02    2.92125e-06

DD  load balancing is limited by minimum cell size in dimension X
DD  step 9999  vol min/aver 0.602! load imb.: force 19.5%

           Step           Time         Lambda
          10000       20.00000        0.00000

   Energies (kJ/mol)
           Bond            U-B    Proper Dih.  Improper Dih.      CMAP Dih.
    2.17242e+03    6.11622e+03    6.60354e+03    3.43344e+02   -1.93371e+02
          LJ-14     Coulomb-14        LJ (SR)   Coulomb (SR)   Coul. recip.
    2.05352e+03    1.79227e+04    3.90059e+04   -5.15735e+05    1.50601e+03
 Position Rest.      Potential    Kinetic En.   Total Energy  Conserved En.
    5.99339e+02   -4.39605e+05    8.57819e+04   -3.53823e+05   -4.23717e+05
    Temperature Pressure (bar)   Constr. rmsd
    3.01999e+02   -5.68056e+02    2.91758e-06

           Step           Time         Lambda
          10500       21.00000        0.00000

   Energies (kJ/mol)
           Bond            U-B    Proper Dih.  Improper Dih.      CMAP Dih.
    2.25009e+03    5.78152e+03    6.61160e+03    3.32982e+02   -1.87650e+02
          LJ-14     Coulomb-14        LJ (SR)   Coulomb (SR)   Coul. recip.
    2.01539e+03    1.78538e+04    4.02572e+04   -5.17889e+05    1.46864e+03
 Position Rest.      Potential    Kinetic En.   Total Energy  Conserved En.
    6.26815e+02   -4.40878e+05    8.54618e+04   -3.55416e+05   -4.23748e+05
    Temperature Pressure (bar)   Constr. rmsd
    3.00872e+02   -8.34846e+02    2.87528e-06

DD  load balancing is limited by minimum cell size in dimension X
DD  step 10999  vol min/aver 0.608! load imb.: force 46.4%

           Step           Time         Lambda
          11000       22.00000        0.00000

   Energies (kJ/mol)
           Bond            U-B    Proper Dih.  Improper Dih.      CMAP Dih.
    2.21210e+03    5.79505e+03    6.62947e+03    4.08526e+02   -2.09231e+02
          LJ-14     Coulomb-14        LJ (SR)   Coulomb (SR)   Coul. recip.
    1.98981e+03    1.77107e+04    3.97406e+04   -5.17278e+05    1.48524e+03
 Position Rest.      Potential    Kinetic En.   Total Energy  Conserved En.
    6.56259e+02   -4.40859e+05    8.40732e+04   -3.56786e+05   -4.23733e+05
    Temperature Pressure (bar)   Constr. rmsd
    2.95983e+02   -1.49426e+03    2.94967e-06

           Step           Time         Lambda
          11500       23.00000        0.00000

   Energies (kJ/mol)
           Bond            U-B    Proper Dih.  Improper Dih.      CMAP Dih.
    2.18101e+03    5.87848e+03    6.60724e+03    3.74124e+02   -1.95642e+02
          LJ-14     Coulomb-14        LJ (SR)   Coulomb (SR)   Coul. recip.
    2.04472e+03    1.74908e+04    4.00651e+04   -5.17318e+05    1.49644e+03
 Position Rest.      Potential    Kinetic En.   Total Energy  Conserved En.
    6.22501e+02   -4.40753e+05    8.53140e+04   -3.55439e+05   -4.23753e+05
    Temperature Pressure (bar)   Constr. rmsd
    3.00352e+02   -6.20231e+02    3.20322e-06

DD  load balancing is limited by minimum cell size in dimension X
DD  step 11999  vol min/aver 0.615! load imb.: force 19.0%

           Step           Time         Lambda
          12000       24.00000        0.00000

   Energies (kJ/mol)
           Bond            U-B    Proper Dih.  Improper Dih.      CMAP Dih.
    2.16078e+03    5.77746e+03    6.55379e+03    3.46026e+02   -2.14176e+02
          LJ-14     Coulomb-14        LJ (SR)   Coulomb (SR)   Coul. recip.
    2.16115e+03    1.76356e+04    3.95893e+04   -5.17801e+05    1.53801e+03
 Position Rest.      Potential    Kinetic En.   Total Energy  Conserved En.
    6.10380e+02   -4.41643e+05    8.42918e+04   -3.57351e+05   -4.23736e+05
    Temperature Pressure (bar)   Constr. rmsd
    2.96753e+02   -7.11723e+02    3.10942e-06

           Step           Time         Lambda
          12500       25.00000        0.00000

   Energies (kJ/mol)
           Bond            U-B    Proper Dih.  Improper Dih.      CMAP Dih.
    2.15018e+03    5.93178e+03    6.66661e+03    3.07249e+02   -1.95938e+02
          LJ-14     Coulomb-14        LJ (SR)   Coulomb (SR)   Coul. recip.
    2.10011e+03    1.77172e+04    3.93431e+04   -5.17631e+05    1.50357e+03
 Position Rest.      Potential    Kinetic En.   Total Energy  Conserved En.
    6.16084e+02   -4.41491e+05    8.43397e+04   -3.57152e+05   -4.23725e+05
    Temperature Pressure (bar)   Constr. rmsd
    2.96922e+02   -6.19049e+02    2.90266e-06

DD  load balancing is limited by minimum cell size in dimension X
DD  step 12999  vol min/aver 0.571! load imb.: force 23.8%

           Step           Time         Lambda
          13000       26.00000        0.00000

   Energies (kJ/mol)
           Bond            U-B    Proper Dih.  Improper Dih.      CMAP Dih.
    2.22070e+03    5.95568e+03    6.64337e+03    4.16705e+02   -2.91366e+02
          LJ-14     Coulomb-14        LJ (SR)   Coulomb (SR)   Coul. recip.
    2.05479e+03    1.76564e+04    4.02689e+04   -5.16459e+05    1.47128e+03
 Position Rest.      Potential    Kinetic En.   Total Energy  Conserved En.
    6.97572e+02   -4.39365e+05    8.53149e+04   -3.54050e+05   -4.23751e+05
    Temperature Pressure (bar)   Constr. rmsd
    3.00355e+02   -8.80971e+02    3.61203e-06

           Step           Time         Lambda
          13500       27.00000        0.00000

   Energies (kJ/mol)
           Bond            U-B    Proper Dih.  Improper Dih.      CMAP Dih.
    2.17626e+03    6.14296e+03    6.60161e+03    3.63592e+02   -1.80643e+02
          LJ-14     Coulomb-14        LJ (SR)   Coulomb (SR)   Coul. recip.
    2.02239e+03    1.77595e+04    3.95252e+04   -5.15712e+05    1.50367e+03
 Position Rest.      Potential    Kinetic En.   Total Energy  Conserved En.
    6.79783e+02   -4.39117e+05    8.55512e+04   -3.53566e+05   -4.23727e+05
    Temperature Pressure (bar)   Constr. rmsd
    3.01187e+02   -7.34787e+02    3.05647e-06

DD  load balancing is limited by minimum cell size in dimension X
DD  step 13999  vol min/aver 0.586! load imb.: force 113.6%

           Step           Time         Lambda
          14000       28.00000        0.00000

   Energies (kJ/mol)
           Bond            U-B    Proper Dih.  Improper Dih.      CMAP Dih.
    2.05506e+03    5.99012e+03    6.57759e+03    3.75038e+02   -1.73658e+02
          LJ-14     Coulomb-14        LJ (SR)   Coulomb (SR)   Coul. recip.
    2.14065e+03    1.78247e+04    3.99698e+04   -5.16433e+05    1.45018e+03
 Position Rest.      Potential    Kinetic En.   Total Energy  Conserved En.
    5.98475e+02   -4.39625e+05    8.55517e+04   -3.54074e+05   -4.23753e+05
    Temperature Pressure (bar)   Constr. rmsd
    3.01188e+02   -8.02777e+02    3.51504e-06

           Step           Time         Lambda
          14500       29.00000        0.00000

   Energies (kJ/mol)
           Bond            U-B    Proper Dih.  Improper Dih.      CMAP Dih.
    2.16156e+03    5.95932e+03    6.61316e+03    3.58549e+02   -1.80449e+02
          LJ-14     Coulomb-14        LJ (SR)   Coulomb (SR)   Coul. recip.
    2.10648e+03    1.78264e+04    4.00433e+04   -5.17831e+05    1.57740e+03
 Position Rest.      Potential    Kinetic En.   Total Energy  Conserved En.
    6.65058e+02   -4.40700e+05    8.61759e+04   -3.54524e+05   -4.23746e+05
    Temperature Pressure (bar)   Constr. rmsd
    3.03386e+02   -1.05396e+03    2.89451e-06

DD  load balancing is limited by minimum cell size in dimension X Y
DD  step 14999  vol min/aver 0.538! load imb.: force 33.3%

           Step           Time         Lambda
          15000       30.00000        0.00000

   Energies (kJ/mol)
           Bond            U-B    Proper Dih.  Improper Dih.      CMAP Dih.
    2.25312e+03    5.95668e+03    6.61993e+03    3.28138e+02   -2.01566e+02
          LJ-14     Coulomb-14        LJ (SR)   Coulomb (SR)   Coul. recip.
    2.08587e+03    1.77428e+04    3.87612e+04   -5.16455e+05    1.51529e+03
 Position Rest.      Potential    Kinetic En.   Total Energy  Conserved En.
    6.41159e+02   -4.40752e+05    8.55885e+04   -3.55164e+05   -4.23770e+05
    Temperature Pressure (bar)   Constr. rmsd
    3.01318e+02   -9.07427e+02    3.00624e-06

           Step           Time         Lambda
          15500       31.00000        0.00000

   Energies (kJ/mol)
           Bond            U-B    Proper Dih.  Improper Dih.      CMAP Dih.
    2.14454e+03    6.05316e+03    6.59671e+03    3.62600e+02   -2.29345e+02
          LJ-14     Coulomb-14        LJ (SR)   Coulomb (SR)   Coul. recip.
    2.06030e+03    1.75577e+04    3.99375e+04   -5.17206e+05    1.44533e+03
 Position Rest.      Potential    Kinetic En.   Total Energy  Conserved En.
    6.22211e+02   -4.40655e+05    8.49933e+04   -3.55662e+05   -4.23758e+05
    Temperature Pressure (bar)   Constr. rmsd
    2.99223e+02   -5.01097e+02    2.95544e-06

DD  load balancing is limited by minimum cell size in dimension X
DD  step 15999  vol min/aver 0.608! load imb.: force 46.8%

           Step           Time         Lambda
          16000       32.00000        0.00000

   Energies (kJ/mol)
           Bond            U-B    Proper Dih.  Improper Dih.      CMAP Dih.
    2.08825e+03    5.79123e+03    6.58450e+03    3.79026e+02   -1.99431e+02
          LJ-14     Coulomb-14        LJ (SR)   Coulomb (SR)   Coul. recip.
    2.14118e+03    1.77254e+04    3.99003e+04   -5.17467e+05    1.51791e+03
 Position Rest.      Potential    Kinetic En.   Total Energy  Conserved En.
    6.21389e+02   -4.40917e+05    8.51242e+04   -3.55793e+05   -4.23781e+05
    Temperature Pressure (bar)   Constr. rmsd
    2.99684e+02   -3.65256e+02    3.53601e-06

           Step           Time         Lambda
          16500       33.00000        0.00000

   Energies (kJ/mol)
           Bond            U-B    Proper Dih.  Improper Dih.      CMAP Dih.
    2.21056e+03    5.96531e+03    6.62615e+03    4.07602e+02   -2.05021e+02
          LJ-14     Coulomb-14        LJ (SR)   Coulomb (SR)   Coul. recip.
    2.12917e+03    1.77151e+04    3.98180e+04   -5.16412e+05    1.51194e+03
 Position Rest.      Potential    Kinetic En.   Total Energy  Conserved En.
    6.77517e+02   -4.39556e+05    8.44613e+04   -3.55094e+05   -4.23758e+05
    Temperature Pressure (bar)   Constr. rmsd
    2.97350e+02   -7.52856e+02    3.11321e-06

DD  load balancing is limited by minimum cell size in dimension X
DD  step 16999  vol min/aver 0.593! load imb.: force 29.4%

           Step           Time         Lambda
          17000       34.00000        0.00000

   Energies (kJ/mol)
           Bond            U-B    Proper Dih.  Improper Dih.      CMAP Dih.
    2.15181e+03    6.16543e+03    6.61263e+03    3.17261e+02   -2.08008e+02
          LJ-14     Coulomb-14        LJ (SR)   Coulomb (SR)   Coul. recip.
    2.04616e+03    1.75246e+04    4.07650e+04   -5.17938e+05    1.48285e+03
 Position Rest.      Potential    Kinetic En.   Total Energy  Conserved En.
    6.05013e+02   -4.40475e+05    8.58812e+04   -3.54594e+05   -4.23777e+05
    Temperature Pressure (bar)   Constr. rmsd
    3.02349e+02   -5.53206e+02    3.14013e-06

           Step           Time         Lambda
          17500       35.00000        0.00000

   Energies (kJ/mol)
           Bond            U-B    Proper Dih.  Improper Dih.      CMAP Dih.
    2.16971e+03    6.13323e+03    6.59517e+03    3.75337e+02   -2.18621e+02
          LJ-14     Coulomb-14        LJ (SR)   Coulomb (SR)   Coul. recip.
    2.07798e+03    1.76417e+04    3.94515e+04   -5.15930e+05    1.52627e+03
 Position Rest.      Potential    Kinetic En.   Total Energy  Conserved En.
    6.39848e+02   -4.39538e+05    8.50324e+04   -3.54505e+05   -4.23746e+05
    Temperature Pressure (bar)   Constr. rmsd
    2.99360e+02   -7.89661e+02    3.00250e-06

DD  load balancing is limited by minimum cell size in dimension X
DD  step 17999  vol min/aver 0.595! load imb.: force 19.7%

           Step           Time         Lambda
          18000       36.00000        0.00000

   Energies (kJ/mol)
           Bond            U-B    Proper Dih.  Improper Dih.      CMAP Dih.
    2.05993e+03    5.84642e+03    6.51777e+03    3.35174e+02   -1.84090e+02
          LJ-14     Coulomb-14        LJ (SR)   Coulomb (SR)   Coul. recip.
    2.08375e+03    1.78355e+04    3.92614e+04   -5.17209e+05    1.53292e+03
 Position Rest.      Potential    Kinetic En.   Total Energy  Conserved En.
    6.50072e+02   -4.41270e+05    8.54980e+04   -3.55772e+05   -4.23780e+05
    Temperature Pressure (bar)   Constr. rmsd
    3.00999e+02   -7.73945e+02    2.88954e-06

           Step           Time         Lambda
          18500       37.00000        0.00000

   Energies (kJ/mol)
           Bond            U-B    Proper Dih.  Improper Dih.      CMAP Dih.
    2.14908e+03    5.91904e+03    6.57908e+03    4.02768e+02   -1.65335e+02
          LJ-14     Coulomb-14        LJ (SR)   Coulomb (SR)   Coul. recip.
    2.05978e+03    1.79478e+04    4.14334e+04   -5.19123e+05    1.48969e+03
 Position Rest.      Potential    Kinetic En.   Total Energy  Conserved En.
    6.28177e+02   -4.40679e+05    8.55372e+04   -3.55142e+05   -4.23748e+05
    Temperature Pressure (bar)   Constr. rmsd
    3.01137e+02   -3.95293e+02    3.27345e-06

DD  load balancing is limited by minimum cell size in dimension X
DD  step 18999  vol min/aver 0.618! load imb.: force 74.0%

           Step           Time         Lambda
          19000       38.00000        0.00000

   Energies (kJ/mol)
           Bond            U-B    Proper Dih.  Improper Dih.      CMAP Dih.
    2.03930e+03    6.03532e+03    6.59326e+03    3.80024e+02   -2.19902e+02
          LJ-14     Coulomb-14        LJ (SR)   Coulomb (SR)   Coul. recip.
    2.13935e+03    1.76377e+04    3.99667e+04   -5.16905e+05    1.42585e+03
 Position Rest.      Potential    Kinetic En.   Total Energy  Conserved En.
    5.94304e+02   -4.40313e+05    8.46367e+04   -3.55676e+05   -4.23773e+05
    Temperature Pressure (bar)   Constr. rmsd
    2.97967e+02   -2.53080e+02    3.35119e-06

           Step           Time         Lambda
          19500       39.00000        0.00000

   Energies (kJ/mol)
           Bond            U-B    Proper Dih.  Improper Dih.      CMAP Dih.
    2.30252e+03    6.18834e+03    6.59380e+03    4.05498e+02   -2.09341e+02
          LJ-14     Coulomb-14        LJ (SR)   Coulomb (SR)   Coul. recip.
    2.09634e+03    1.76246e+04    3.94307e+04   -5.15605e+05    1.57998e+03
 Position Rest.      Potential    Kinetic En.   Total Energy  Conserved En.
    7.14325e+02   -4.38878e+05    8.55946e+04   -3.53284e+05   -4.23752e+05
    Temperature Pressure (bar)   Constr. rmsd
    3.01340e+02   -8.04135e+02    2.93516e-06

DD  load balancing is limited by minimum cell size in dimension X
DD  step 19999  vol min/aver 0.575! load imb.: force 24.3%

           Step           Time         Lambda
          20000       40.00000        0.00000

   Energies (kJ/mol)
           Bond            U-B    Proper Dih.  Improper Dih.      CMAP Dih.
    2.32064e+03    5.89899e+03    6.56744e+03    3.80867e+02   -2.26003e+02
          LJ-14     Coulomb-14        LJ (SR)   Coulomb (SR)   Coul. recip.
    2.11186e+03    1.76011e+04    3.97842e+04   -5.17102e+05    1.48551e+03
 Position Rest.      Potential    Kinetic En.   Total Energy  Conserved En.
    6.09861e+02   -4.40568e+05    8.55361e+04   -3.55032e+05   -4.23789e+05
    Temperature Pressure (bar)   Constr. rmsd
    3.01134e+02   -1.04991e+03    3.18913e-06

           Step           Time         Lambda
          20500       41.00000        0.00000

   Energies (kJ/mol)
           Bond            U-B    Proper Dih.  Improper Dih.      CMAP Dih.
    2.28214e+03    6.00778e+03    6.60501e+03    3.48047e+02   -2.29037e+02
          LJ-14     Coulomb-14        LJ (SR)   Coulomb (SR)   Coul. recip.
    2.09755e+03    1.77284e+04    3.87036e+04   -5.15368e+05    1.49542e+03
 Position Rest.      Potential    Kinetic En.   Total Energy  Conserved En.
    6.30148e+02   -4.39699e+05    8.54128e+04   -3.54286e+05   -4.23769e+05
    Temperature Pressure (bar)   Constr. rmsd
    3.00700e+02   -1.34539e+03    3.02955e-06

DD  load balancing is limited by minimum cell size in dimension X
DD  step 20999  vol min/aver 0.578! load imb.: force 17.3%

           Step           Time         Lambda
          21000       42.00000        0.00000

   Energies (kJ/mol)
           Bond            U-B    Proper Dih.  Improper Dih.      CMAP Dih.
    2.23250e+03    5.82141e+03    6.61917e+03    3.51388e+02   -1.74851e+02
          LJ-14     Coulomb-14        LJ (SR)   Coulomb (SR)   Coul. recip.
    2.13092e+03    1.76815e+04    4.09381e+04   -5.18361e+05    1.45417e+03
 Position Rest.      Potential    Kinetic En.   Total Energy  Conserved En.
    6.16678e+02   -4.40690e+05    8.59929e+04   -3.54697e+05   -4.23772e+05
    Temperature Pressure (bar)   Constr. rmsd
    3.02742e+02   -5.56859e+02    3.08919e-06

           Step           Time         Lambda
          21500       43.00000        0.00000

   Energies (kJ/mol)
           Bond            U-B    Proper Dih.  Improper Dih.      CMAP Dih.
    2.24343e+03    6.12669e+03    6.64850e+03    3.68219e+02   -2.00336e+02
          LJ-14     Coulomb-14        LJ (SR)   Coulomb (SR)   Coul. recip.
    2.00519e+03    1.75013e+04    3.89490e+04   -5.16033e+05    1.45334e+03
 Position Rest.      Potential    Kinetic En.   Total Energy  Conserved En.
    6.05342e+02   -4.40332e+05    8.56956e+04   -3.54636e+05   -4.23790e+05
    Temperature Pressure (bar)   Constr. rmsd
    3.01695e+02   -7.90808e+02    3.13314e-06

DD  load balancing is limited by minimum cell size in dimension X
DD  step 21999  vol min/aver 0.594! load imb.: force 26.9%

           Step           Time         Lambda
          22000       44.00000        0.00000

   Energies (kJ/mol)
           Bond            U-B    Proper Dih.  Improper Dih.      CMAP Dih.
    2.16677e+03    6.01538e+03    6.55054e+03    3.73877e+02   -1.83833e+02
          LJ-14     Coulomb-14        LJ (SR)   Coulomb (SR)   Coul. recip.
    2.07382e+03    1.75404e+04    4.00966e+04   -5.17415e+05    1.40803e+03
 Position Rest.      Potential    Kinetic En.   Total Energy  Conserved En.
    6.29600e+02   -4.40744e+05    8.49487e+04   -3.55795e+05   -4.23773e+05
    Temperature Pressure (bar)   Constr. rmsd
    2.99066e+02   -7.35798e+02    2.83169e-06

           Step           Time         Lambda
          22500       45.00000        0.00000

   Energies (kJ/mol)
           Bond            U-B    Proper Dih.  Improper Dih.      CMAP Dih.
    2.17753e+03    6.14292e+03    6.64978e+03    3.11618e+02   -1.90744e+02
          LJ-14     Coulomb-14        LJ (SR)   Coulomb (SR)   Coul. recip.
    2.11190e+03    1.76446e+04    3.91749e+04   -5.15950e+05    1.51055e+03
 Position Rest.      Potential    Kinetic En.   Total Energy  Conserved En.
    6.28118e+02   -4.39789e+05    8.56368e+04   -3.54152e+05   -4.23770e+05
    Temperature Pressure (bar)   Constr. rmsd
    3.01488e+02   -6.18951e+02    2.94836e-06

DD  load balancing is limited by minimum cell size in dimension X
DD  step 22999  vol min/aver 0.575! load imb.: force 21.8%

           Step           Time         Lambda
          23000       46.00000        0.00000

   Energies (kJ/mol)
           Bond            U-B    Proper Dih.  Improper Dih.      CMAP Dih.
    2.14454e+03    5.86820e+03    6.64967e+03    3.60283e+02   -1.72618e+02
          LJ-14     Coulomb-14        LJ (SR)   Coulomb (SR)   Coul. recip.
    2.06354e+03    1.77403e+04    3.93114e+04   -5.16334e+05    1.49497e+03
 Position Rest.      Potential    Kinetic En.   Total Energy  Conserved En.
    6.51995e+02   -4.40222e+05    8.44079e+04   -3.55814e+05   -4.23790e+05
    Temperature Pressure (bar)   Constr. rmsd
    2.97162e+02   -6.64801e+02    3.17462e-06

           Step           Time         Lambda
          23500       47.00000        0.00000

   Energies (kJ/mol)
           Bond            U-B    Proper Dih.  Improper Dih.      CMAP Dih.
    2.13959e+03    5.75644e+03    6.73157e+03    3.92021e+02   -2.08957e+02
          LJ-14     Coulomb-14        LJ (SR)   Coulomb (SR)   Coul. recip.
    2.08785e+03    1.78268e+04    4.03515e+04   -5.18736e+05    1.47109e+03
 Position Rest.      Potential    Kinetic En.   Total Energy  Conserved En.
    6.46100e+02   -4.41542e+05    8.57179e+04   -3.55824e+05   -4.23788e+05
    Temperature Pressure (bar)   Constr. rmsd
    3.01774e+02   -4.47094e+02    3.02181e-06

DD  load balancing is limited by minimum cell size in dimension X
DD  step 23999  vol min/aver 0.657! load imb.: force 22.1%

           Step           Time         Lambda
          24000       48.00000        0.00000

   Energies (kJ/mol)
           Bond            U-B    Proper Dih.  Improper Dih.      CMAP Dih.
    2.08946e+03    6.13594e+03    6.66940e+03    3.36202e+02   -2.18222e+02
          LJ-14     Coulomb-14        LJ (SR)   Coulomb (SR)   Coul. recip.
    2.10983e+03    1.79076e+04    3.91681e+04   -5.16310e+05    1.49323e+03
 Position Rest.      Potential    Kinetic En.   Total Energy  Conserved En.
    7.01487e+02   -4.39917e+05    8.57506e+04   -3.54167e+05   -4.23792e+05
    Temperature Pressure (bar)   Constr. rmsd
    3.01889e+02   -9.55211e+02    3.05854e-06

           Step           Time         Lambda
          24500       49.00000        0.00000

   Energies (kJ/mol)
           Bond            U-B    Proper Dih.  Improper Dih.      CMAP Dih.
    2.11986e+03    5.91500e+03    6.67593e+03    3.66606e+02   -1.97946e+02
          LJ-14     Coulomb-14        LJ (SR)   Coulomb (SR)   Coul. recip.
    2.04962e+03    1.75661e+04    3.96586e+04   -5.18084e+05    1.46862e+03
 Position Rest.      Potential    Kinetic En.   Total Energy  Conserved En.
    6.64727e+02   -4.41797e+05    8.48710e+04   -3.56926e+05   -4.23797e+05
    Temperature Pressure (bar)   Constr. rmsd
    2.98792e+02   -6.24350e+02    2.95830e-06

DD  load balancing is limited by minimum cell size in dimension X
DD  step 24999  vol min/aver 0.509! load imb.: force 54.5%

           Step           Time         Lambda
          25000       50.00000        0.00000

   Energies (kJ/mol)
           Bond            U-B    Proper Dih.  Improper Dih.      CMAP Dih.
    2.10280e+03    5.90465e+03    6.68526e+03    3.83386e+02   -2.09117e+02
          LJ-14     Coulomb-14        LJ (SR)   Coulomb (SR)   Coul. recip.
    2.08327e+03    1.77758e+04    4.01130e+04   -5.17588e+05    1.50531e+03
 Position Rest.      Potential    Kinetic En.   Total Energy  Conserved En.
    6.70497e+02   -4.40573e+05    8.50562e+04   -3.55517e+05   -4.23783e+05
    Temperature Pressure (bar)   Constr. rmsd
    2.99444e+02   -9.07947e+02    3.08011e-06

           Step           Time         Lambda
          25500       51.00000        0.00000

   Energies (kJ/mol)
           Bond            U-B    Proper Dih.  Improper Dih.      CMAP Dih.
    2.26809e+03    5.83006e+03    6.58705e+03    4.02852e+02   -1.94772e+02
          LJ-14     Coulomb-14        LJ (SR)   Coulomb (SR)   Coul. recip.
    2.01344e+03    1.76435e+04    4.09646e+04   -5.18601e+05    1.46051e+03
 Position Rest.      Potential    Kinetic En.   Total Energy  Conserved En.
    7.13830e+02   -4.40912e+05    8.48533e+04   -3.56059e+05   -4.23786e+05
    Temperature Pressure (bar)   Constr. rmsd
    2.98730e+02   -8.49064e+02    3.00721e-06

DD  load balancing is limited by minimum cell size in dimension X
DD  step 25999  vol min/aver 0.585! load imb.: force 20.3%

           Step           Time         Lambda
          26000       52.00000        0.00000

   Energies (kJ/mol)
           Bond            U-B    Proper Dih.  Improper Dih.      CMAP Dih.
    2.21792e+03    5.89175e+03    6.66969e+03    3.90261e+02   -2.14314e+02
          LJ-14     Coulomb-14        LJ (SR)   Coulomb (SR)   Coul. recip.
    2.07518e+03    1.75075e+04    4.03976e+04   -5.17148e+05    1.47998e+03
 Position Rest.      Potential    Kinetic En.   Total Energy  Conserved En.
    6.55047e+02   -4.40078e+05    8.49868e+04   -3.55091e+05   -4.23796e+05
    Temperature Pressure (bar)   Constr. rmsd
    2.99200e+02   -6.38042e+02    3.03489e-06

           Step           Time         Lambda
          26500       53.00000        0.00000

   Energies (kJ/mol)
           Bond            U-B    Proper Dih.  Improper Dih.      CMAP Dih.
    2.13901e+03    5.97533e+03    6.59680e+03    3.53515e+02   -1.90605e+02
          LJ-14     Coulomb-14        LJ (SR)   Coulomb (SR)   Coul. recip.
    2.10733e+03    1.75800e+04    3.96722e+04   -5.17207e+05    1.53784e+03
 Position Rest.      Potential    Kinetic En.   Total Energy  Conserved En.
    6.60736e+02   -4.40775e+05    8.51970e+04   -3.55578e+05   -4.23796e+05
    Temperature Pressure (bar)   Constr. rmsd
    2.99940e+02   -6.91247e+02    3.25065e-06

DD  load balancing is limited by minimum cell size in dimension X
DD  step 26999  vol min/aver 0.612! load imb.: force 24.0%

           Step           Time         Lambda
          27000       54.00000        0.00000

   Energies (kJ/mol)
           Bond            U-B    Proper Dih.  Improper Dih.      CMAP Dih.
    2.18986e+03    5.93057e+03    6.51783e+03    3.05518e+02   -1.98369e+02
          LJ-14     Coulomb-14        LJ (SR)   Coulomb (SR)   Coul. recip.
    2.10427e+03    1.77849e+04    3.89674e+04   -5.15250e+05    1.50163e+03
 Position Rest.      Potential    Kinetic En.   Total Energy  Conserved En.
    6.28596e+02   -4.39517e+05    8.59209e+04   -3.53597e+05   -4.23810e+05
    Temperature Pressure (bar)   Constr. rmsd
    3.02488e+02   -2.01473e+02    3.38305e-06

           Step           Time         Lambda
          27500       55.00000        0.00000

   Energies (kJ/mol)
           Bond            U-B    Proper Dih.  Improper Dih.      CMAP Dih.
    2.08451e+03    6.09973e+03    6.62783e+03    4.12401e+02   -2.12184e+02
          LJ-14     Coulomb-14        LJ (SR)   Coulomb (SR)   Coul. recip.
    2.03494e+03    1.76415e+04    3.83769e+04   -5.15501e+05    1.52931e+03
 Position Rest.      Potential    Kinetic En.   Total Energy  Conserved En.
    6.24083e+02   -4.40282e+05    8.53155e+04   -3.54967e+05   -4.23788e+05
    Temperature Pressure (bar)   Constr. rmsd
    3.00357e+02   -7.95559e+02    3.14375e-06

DD  load balancing is limited by minimum cell size in dimension X
DD  step 27999  vol min/aver 0.566! load imb.: force 18.8%

           Step           Time         Lambda
          28000       56.00000        0.00000

   Energies (kJ/mol)
           Bond            U-B    Proper Dih.  Improper Dih.      CMAP Dih.
    2.14378e+03    6.11367e+03    6.56109e+03    3.43450e+02   -2.00368e+02
          LJ-14     Coulomb-14        LJ (SR)   Coulomb (SR)   Coul. recip.
    2.08414e+03    1.77608e+04    3.88715e+04   -5.16483e+05    1.54779e+03
 Position Rest.      Potential    Kinetic En.   Total Energy  Conserved En.
    6.98451e+02   -4.40559e+05    8.48341e+04   -3.55725e+05   -4.23780e+05
    Temperature Pressure (bar)   Constr. rmsd
    2.98662e+02   -9.17363e+02    2.72894e-06

           Step           Time         Lambda
          28500       57.00000        0.00000

   Energies (kJ/mol)
           Bond            U-B    Proper Dih.  Improper Dih.      CMAP Dih.
    2.13189e+03    5.77018e+03    6.55271e+03    3.55972e+02   -2.05201e+02
          LJ-14     Coulomb-14        LJ (SR)   Coulomb (SR)   Coul. recip.
    2.01418e+03    1.78078e+04    4.01932e+04   -5.17941e+05    1.41239e+03
 Position Rest.      Potential    Kinetic En.   Total Energy  Conserved En.
    6.26237e+02   -4.41281e+05    8.53372e+04   -3.55944e+05   -4.23819e+05
    Temperature Pressure (bar)   Constr. rmsd
    3.00434e+02   -8.79951e+02    2.87557e-06

DD  load balancing is limited by minimum cell size in dimension X
DD  step 28999  vol min/aver 0.529! load imb.: force 97.4%

           Step           Time         Lambda
          29000       58.00000        0.00000

   Energies (kJ/mol)
           Bond            U-B    Proper Dih.  Improper Dih.      CMAP Dih.
    2.08615e+03    5.99524e+03    6.47775e+03    3.61379e+02   -1.86817e+02
          LJ-14     Coulomb-14        LJ (SR)   Coulomb (SR)   Coul. recip.
    2.09158e+03    1.77455e+04    3.92066e+04   -5.15355e+05    1.44728e+03
 Position Rest.      Potential    Kinetic En.   Total Energy  Conserved En.
    6.44778e+02   -4.39486e+05    8.47370e+04   -3.54749e+05   -4.23821e+05
    Temperature Pressure (bar)   Constr. rmsd
    2.98320e+02   -9.00703e+02    3.25250e-06

           Step           Time         Lambda
          29500       59.00000        0.00000

   Energies (kJ/mol)
           Bond            U-B    Proper Dih.  Improper Dih.      CMAP Dih.
    2.18349e+03    5.95511e+03    6.58332e+03    3.19356e+02   -2.47689e+02
          LJ-14     Coulomb-14        LJ (SR)   Coulomb (SR)   Coul. recip.
    2.07045e+03    1.77769e+04    4.03208e+04   -5.17180e+05    1.49459e+03
 Position Rest.      Potential    Kinetic En.   Total Energy  Conserved En.
    6.67816e+02   -4.40056e+05    8.45654e+04   -3.55490e+05   -4.23796e+05
    Temperature Pressure (bar)   Constr. rmsd
    2.97716e+02   -6.80730e+02    2.94954e-06

DD  load balancing is limited by minimum cell size in dimension X
DD  step 29999  vol min/aver 0.613! load imb.: force 20.7%

           Step           Time         Lambda
          30000       60.00000        0.00000

   Energies (kJ/mol)
           Bond            U-B    Proper Dih.  Improper Dih.      CMAP Dih.
    2.20932e+03    5.86677e+03    6.58862e+03    3.30420e+02   -1.86976e+02
          LJ-14     Coulomb-14        LJ (SR)   Coulomb (SR)   Coul. recip.
    2.00158e+03    1.78016e+04    3.95764e+04   -5.17010e+05    1.49713e+03
 Position Rest.      Potential    Kinetic En.   Total Energy  Conserved En.
    6.78842e+02   -4.40646e+05    8.52572e+04   -3.55389e+05   -4.23815e+05
    Temperature Pressure (bar)   Constr. rmsd
    3.00152e+02   -7.53091e+02    2.76182e-06

           Step           Time         Lambda
          30500       61.00000        0.00000

   Energies (kJ/mol)
           Bond            U-B    Proper Dih.  Improper Dih.      CMAP Dih.
    2.10433e+03    5.99232e+03    6.58327e+03    3.74910e+02   -2.26430e+02
          LJ-14     Coulomb-14        LJ (SR)   Coulomb (SR)   Coul. recip.
    2.01603e+03    1.76154e+04    3.96932e+04   -5.17160e+05    1.45816e+03
 Position Rest.      Potential    Kinetic En.   Total Energy  Conserved En.
    6.76401e+02   -4.40872e+05    8.49493e+04   -3.55923e+05   -4.23811e+05
    Temperature Pressure (bar)   Constr. rmsd
    2.99068e+02   -7.77085e+02    3.24120e-06

DD  load balancing is limited by minimum cell size in dimension X
DD  step 30999  vol min/aver 0.568! load imb.: force 20.0%

           Step           Time         Lambda
          31000       62.00000        0.00000

   Energies (kJ/mol)
           Bond            U-B    Proper Dih.  Improper Dih.      CMAP Dih.
    2.20434e+03    6.05041e+03    6.53138e+03    3.79665e+02   -1.99477e+02
          LJ-14     Coulomb-14        LJ (SR)   Coulomb (SR)   Coul. recip.
    2.10206e+03    1.78649e+04    3.95896e+04   -5.16044e+05    1.51460e+03
 Position Rest.      Potential    Kinetic En.   Total Energy  Conserved En.
    6.57007e+02   -4.39349e+05    8.54062e+04   -3.53943e+05   -4.23793e+05
    Temperature Pressure (bar)   Constr. rmsd
    3.00676e+02   -6.52703e+02    3.33776e-06

           Step           Time         Lambda
          31500       63.00000        0.00000

   Energies (kJ/mol)
           Bond            U-B    Proper Dih.  Improper Dih.      CMAP Dih.
    2.23486e+03    6.13815e+03    6.63057e+03    4.32437e+02   -2.53783e+02
          LJ-14     Coulomb-14        LJ (SR)   Coulomb (SR)   Coul. recip.
    2.10464e+03    1.76236e+04    4.01131e+04   -5.17016e+05    1.49378e+03
 Position Rest.      Potential    Kinetic En.   Total Energy  Conserved En.
    6.69172e+02   -4.39829e+05    8.55814e+04   -3.54248e+05   -4.23795e+05
    Temperature Pressure (bar)   Constr. rmsd
    3.01293e+02   -9.40026e+02    3.16295e-06

DD  load balancing is limited by minimum cell size in dimension X
DD  step 31999  vol min/aver 0.607! load imb.: force 24.6%

           Step           Time         Lambda
          32000       64.00000        0.00000

   Energies (kJ/mol)
           Bond            U-B    Proper Dih.  Improper Dih.      CMAP Dih.
    2.19298e+03    5.96431e+03    6.57779e+03    3.60240e+02   -2.24080e+02
          LJ-14     Coulomb-14        LJ (SR)   Coulomb (SR)   Coul. recip.
    2.14888e+03    1.77232e+04    3.96666e+04   -5.17558e+05    1.47662e+03
 Position Rest.      Potential    Kinetic En.   Total Energy  Conserved En.
    6.24935e+02   -4.41047e+05    8.45437e+04   -3.56503e+05   -4.23785e+05
    Temperature Pressure (bar)   Constr. rmsd
    2.97640e+02   -7.31982e+02    2.93368e-06

           Step           Time         Lambda
          32500       65.00000        0.00000

   Energies (kJ/mol)
           Bond            U-B    Proper Dih.  Improper Dih.      CMAP Dih.
    2.21813e+03    5.93696e+03    6.67388e+03    3.57823e+02   -2.32222e+02
          LJ-14     Coulomb-14        LJ (SR)   Coulomb (SR)   Coul. recip.
    2.00775e+03    1.76182e+04    3.80752e+04   -5.14047e+05    1.49957e+03
 Position Rest.      Potential    Kinetic En.   Total Energy  Conserved En.
    6.01998e+02   -4.39290e+05    8.49842e+04   -3.54305e+05   -4.23825e+05
    Temperature Pressure (bar)   Constr. rmsd
    2.99191e+02   -1.19900e+03    2.95200e-06

DD  load balancing is limited by minimum cell size in dimension X
DD  step 32999  vol min/aver 0.552! load imb.: force 41.3%

           Step           Time         Lambda
          33000       66.00000        0.00000

   Energies (kJ/mol)
           Bond            U-B    Proper Dih.  Improper Dih.      CMAP Dih.
    2.14388e+03    5.92780e+03    6.60129e+03    3.79012e+02   -2.16565e+02
          LJ-14     Coulomb-14        LJ (SR)   Coulomb (SR)   Coul. recip.
    2.11154e+03    1.75378e+04    3.98895e+04   -5.17216e+05    1.44168e+03
 Position Rest.      Potential    Kinetic En.   Total Energy  Conserved En.
    5.94257e+02   -4.40806e+05    8.52065e+04   -3.55599e+05   -4.23820e+05
    Temperature Pressure (bar)   Constr. rmsd
    2.99973e+02   -6.47450e+02    3.12133e-06

           Step           Time         Lambda
          33500       67.00000        0.00000

   Energies (kJ/mol)
           Bond            U-B    Proper Dih.  Improper Dih.      CMAP Dih.
    2.11817e+03    6.00300e+03    6.62059e+03    3.31468e+02   -2.03117e+02
          LJ-14     Coulomb-14        LJ (SR)   Coulomb (SR)   Coul. recip.
    2.06047e+03    1.77218e+04    4.03696e+04   -5.17971e+05    1.46990e+03
 Position Rest.      Potential    Kinetic En.   Total Energy  Conserved En.
    6.12963e+02   -4.40866e+05    8.54447e+04   -3.55421e+05   -4.23821e+05
    Temperature Pressure (bar)   Constr. rmsd
    3.00812e+02   -3.89482e+02    3.11992e-06

DD  load balancing is limited by minimum cell size in dimension X
DD  step 33999  vol min/aver 0.537! load imb.: force 27.9%

           Step           Time         Lambda
          34000       68.00000        0.00000

   Energies (kJ/mol)
           Bond            U-B    Proper Dih.  Improper Dih.      CMAP Dih.
    2.10791e+03    5.84093e+03    6.54044e+03    3.49456e+02   -2.35746e+02
          LJ-14     Coulomb-14        LJ (SR)   Coulomb (SR)   Coul. recip.
    2.08342e+03    1.77967e+04    3.96870e+04   -5.16417e+05    1.50935e+03
 Position Rest.      Potential    Kinetic En.   Total Energy  Conserved En.
    6.33261e+02   -4.40105e+05    8.47585e+04   -3.55346e+05   -4.23835e+05
    Temperature Pressure (bar)   Constr. rmsd
    2.98396e+02   -6.98232e+02    2.90920e-06

           Step           Time         Lambda
          34500       69.00000        0.00000

   Energies (kJ/mol)
           Bond            U-B    Proper Dih.  Improper Dih.      CMAP Dih.
    2.12874e+03    5.93063e+03    6.61318e+03    4.08404e+02   -2.48617e+02
          LJ-14     Coulomb-14        LJ (SR)   Coulomb (SR)   Coul. recip.
    2.08799e+03    1.76673e+04    3.97478e+04   -5.17466e+05    1.51041e+03
 Position Rest.      Potential    Kinetic En.   Total Energy  Conserved En.
    6.21217e+02   -4.40999e+05    8.53186e+04   -3.55680e+05   -4.23824e+05
    Temperature Pressure (bar)   Constr. rmsd
    3.00368e+02   -5.37129e+02    2.97165e-06

DD  load balancing is limited by minimum cell size in dimension X
DD  step 34999  vol min/aver 0.622! load imb.: force 18.5%

           Step           Time         Lambda
          35000       70.00000        0.00000

   Energies (kJ/mol)
           Bond            U-B    Proper Dih.  Improper Dih.      CMAP Dih.
    2.27004e+03    6.15952e+03    6.57271e+03    3.60461e+02   -2.18119e+02
          LJ-14     Coulomb-14        LJ (SR)   Coulomb (SR)   Coul. recip.
    2.02955e+03    1.76097e+04    3.94670e+04   -5.15989e+05    1.47471e+03
 Position Rest.      Potential    Kinetic En.   Total Energy  Conserved En.
    6.35789e+02   -4.39628e+05    8.58296e+04   -3.53798e+05   -4.23806e+05
    Temperature Pressure (bar)   Constr. rmsd
    3.02167e+02   -8.06975e+02    3.05498e-06

           Step           Time         Lambda
          35500       71.00000        0.00000

   Energies (kJ/mol)
           Bond            U-B    Proper Dih.  Improper Dih.      CMAP Dih.
    2.26506e+03    5.61487e+03    6.53741e+03    3.41230e+02   -1.78043e+02
          LJ-14     Coulomb-14        LJ (SR)   Coulomb (SR)   Coul. recip.
    2.13335e+03    1.79305e+04    4.05854e+04   -5.18029e+05    1.49841e+03
 Position Rest.      Potential    Kinetic En.   Total Energy  Conserved En.
    6.37889e+02   -4.40663e+05    8.51103e+04   -3.55553e+05   -4.23817e+05
    Temperature Pressure (bar)   Constr. rmsd
    2.99634e+02   -4.28600e+02    2.98976e-06

DD  load balancing is limited by minimum cell size in dimension X
DD  step 35999  vol min/aver 0.533! load imb.: force 42.7%

           Step           Time         Lambda
          36000       72.00000        0.00000

   Energies (kJ/mol)
           Bond            U-B    Proper Dih.  Improper Dih.      CMAP Dih.
    2.24310e+03    5.85227e+03    6.49534e+03    3.73405e+02   -2.01401e+02
          LJ-14     Coulomb-14        LJ (SR)   Coulomb (SR)   Coul. recip.
    2.13665e+03    1.77750e+04    4.00348e+04   -5.17061e+05    1.50176e+03
 Position Rest.      Potential    Kinetic En.   Total Energy  Conserved En.
    5.99195e+02   -4.40251e+05    8.57306e+04   -3.54520e+05   -4.23816e+05
    Temperature Pressure (bar)   Constr. rmsd
    3.01819e+02   -3.05766e+02    3.01638e-06

           Step           Time         Lambda
          36500       73.00000        0.00000

   Energies (kJ/mol)
           Bond            U-B    Proper Dih.  Improper Dih.      CMAP Dih.
    2.08440e+03    6.06743e+03    6.58107e+03    3.57891e+02   -2.36486e+02
          LJ-14     Coulomb-14        LJ (SR)   Coulomb (SR)   Coul. recip.
    2.07733e+03    1.77475e+04    3.90738e+04   -5.15015e+05    1.56830e+03
 Position Rest.      Potential    Kinetic En.   Total Energy  Conserved En.
    6.47640e+02   -4.39046e+05    8.45282e+04   -3.54518e+05   -4.23817e+05
    Temperature Pressure (bar)   Constr. rmsd
    2.97585e+02   -7.72043e+02    3.17524e-06

DD  load balancing is limited by minimum cell size in dimension X
DD  step 36999  vol min/aver 0.603! load imb.: force 21.4%

           Step           Time         Lambda
          37000       74.00000        0.00000

   Energies (kJ/mol)
           Bond            U-B    Proper Dih.  Improper Dih.      CMAP Dih.
    2.25931e+03    5.85153e+03    6.52640e+03    4.11309e+02   -1.40566e+02
          LJ-14     Coulomb-14        LJ (SR)   Coulomb (SR)   Coul. recip.
    2.04742e+03    1.77771e+04    4.02835e+04   -5.17371e+05    1.50601e+03
 Position Rest.      Potential    Kinetic En.   Total Energy  Conserved En.
    6.56169e+02   -4.40192e+05    8.46634e+04   -3.55529e+05   -4.23824e+05
    Temperature Pressure (bar)   Constr. rmsd
    2.98061e+02   -7.87474e+02    3.11048e-06

           Step           Time         Lambda
          37500       75.00000        0.00000

   Energies (kJ/mol)
           Bond            U-B    Proper Dih.  Improper Dih.      CMAP Dih.
    2.12852e+03    6.06386e+03    6.56010e+03    3.66438e+02   -1.96079e+02
          LJ-14     Coulomb-14        LJ (SR)   Coulomb (SR)   Coul. recip.
    2.08919e+03    1.78136e+04    3.96717e+04   -5.15535e+05    1.49890e+03
 Position Rest.      Potential    Kinetic En.   Total Energy  Conserved En.
    6.35453e+02   -4.38903e+05    8.49443e+04   -3.53959e+05   -4.23820e+05
    Temperature Pressure (bar)   Constr. rmsd
    2.99050e+02   -8.09532e+02    2.97126e-06

DD  load balancing is limited by minimum cell size in dimension X
DD  step 37999  vol min/aver 0.534! load imb.: force 51.5%

           Step           Time         Lambda
          38000       76.00000        0.00000

   Energies (kJ/mol)
           Bond            U-B    Proper Dih.  Improper Dih.      CMAP Dih.
    2.36901e+03    6.04882e+03    6.57171e+03    3.68186e+02   -2.53061e+02
          LJ-14     Coulomb-14        LJ (SR)   Coulomb (SR)   Coul. recip.
    2.07179e+03    1.76082e+04    3.98664e+04   -5.15272e+05    1.53075e+03
 Position Rest.      Potential    Kinetic En.   Total Energy  Conserved En.
    6.12651e+02   -4.38478e+05    8.50717e+04   -3.53406e+05   -4.23819e+05
    Temperature Pressure (bar)   Constr. rmsd
    2.99499e+02   -5.27975e+02    2.96582e-06

           Step           Time         Lambda
          38500       77.00000        0.00000

   Energies (kJ/mol)
           Bond            U-B    Proper Dih.  Improper Dih.      CMAP Dih.
    2.21743e+03    6.08219e+03    6.48884e+03    3.19046e+02   -1.92866e+02
          LJ-14     Coulomb-14        LJ (SR)   Coulomb (SR)   Coul. recip.
    2.13700e+03    1.76511e+04    3.97798e+04   -5.16977e+05    1.47060e+03
 Position Rest.      Potential    Kinetic En.   Total Energy  Conserved En.
    6.41085e+02   -4.40382e+05    8.58236e+04   -3.54559e+05   -4.23837e+05
    Temperature Pressure (bar)   Constr. rmsd
    3.02146e+02   -6.57816e+02    3.01900e-06

DD  load balancing is limited by minimum cell size in dimension X
DD  step 38999  vol min/aver 0.595! load imb.: force 18.9%

           Step           Time         Lambda
          39000       78.00000        0.00000

   Energies (kJ/mol)
           Bond            U-B    Proper Dih.  Improper Dih.      CMAP Dih.
    2.04300e+03    6.01126e+03    6.58566e+03    3.73634e+02   -2.17124e+02
          LJ-14     Coulomb-14        LJ (SR)   Coulomb (SR)   Coul. recip.
    2.12466e+03    1.78368e+04    3.95290e+04   -5.17130e+05    1.51999e+03
 Position Rest.      Potential    Kinetic En.   Total Energy  Conserved En.
    6.88357e+02   -4.40634e+05    8.47337e+04   -3.55901e+05   -4.23845e+05
    Temperature Pressure (bar)   Constr. rmsd
    2.98309e+02   -4.47832e+02    3.18128e-06

           Step           Time         Lambda
          39500       79.00000        0.00000

   Energies (kJ/mol)
           Bond            U-B    Proper Dih.  Improper Dih.      CMAP Dih.
    2.17308e+03    6.04505e+03    6.55460e+03    3.34093e+02   -1.79216e+02
          LJ-14     Coulomb-14        LJ (SR)   Coulomb (SR)   Coul. recip.
    2.04175e+03    1.76577e+04    3.99667e+04   -5.16677e+05    1.53273e+03
 Position Rest.      Potential    Kinetic En.   Total Energy  Conserved En.
    6.58787e+02   -4.39891e+05    8.46148e+04   -3.55277e+05   -4.23814e+05
    Temperature Pressure (bar)   Constr. rmsd
    2.97890e+02   -5.49695e+02    3.01998e-06

DD  load balancing is limited by minimum cell size in dimension X
DD  step 39999  vol min/aver 0.597! load imb.: force 20.6%

           Step           Time         Lambda
          40000       80.00000        0.00000

   Energies (kJ/mol)
           Bond            U-B    Proper Dih.  Improper Dih.      CMAP Dih.
    2.11960e+03    5.83743e+03    6.60445e+03    3.28526e+02   -2.35796e+02
          LJ-14     Coulomb-14        LJ (SR)   Coulomb (SR)   Coul. recip.
    2.14002e+03    1.78767e+04    3.97371e+04   -5.17721e+05    1.42620e+03
 Position Rest.      Potential    Kinetic En.   Total Energy  Conserved En.
    6.10808e+02   -4.41276e+05    8.51166e+04   -3.56159e+05   -4.23832e+05
    Temperature Pressure (bar)   Constr. rmsd
    2.99657e+02   -1.02957e+03    2.91416e-06

           Step           Time         Lambda
          40500       81.00000        0.00000

   Energies (kJ/mol)
           Bond            U-B    Proper Dih.  Improper Dih.      CMAP Dih.
    2.12229e+03    5.95463e+03    6.57123e+03    3.44997e+02   -2.56582e+02
          LJ-14     Coulomb-14        LJ (SR)   Coulomb (SR)   Coul. recip.
    2.15246e+03    1.80204e+04    4.02831e+04   -5.17557e+05    1.48703e+03
 Position Rest.      Potential    Kinetic En.   Total Energy  Conserved En.
    6.70358e+02   -4.40207e+05    8.61637e+04   -3.54044e+05   -4.23853e+05
    Temperature Pressure (bar)   Constr. rmsd
    3.03343e+02   -3.48413e+02    2.86860e-06

DD  load balancing is limited by minimum cell size in dimension X
DD  step 40999  vol min/aver 0.510! load imb.: force 27.5%

           Step           Time         Lambda
          41000       82.00000        0.00000

   Energies (kJ/mol)
           Bond            U-B    Proper Dih.  Improper Dih.      CMAP Dih.
    2.32126e+03    6.08518e+03    6.56649e+03    3.66570e+02   -1.81826e+02
          LJ-14     Coulomb-14        LJ (SR)   Coulomb (SR)   Coul. recip.
    2.06213e+03    1.76149e+04    3.94258e+04   -5.16194e+05    1.47584e+03
 Position Rest.      Potential    Kinetic En.   Total Energy  Conserved En.
    6.46842e+02   -4.39811e+05    8.54469e+04   -3.54364e+05   -4.23832e+05
    Temperature Pressure (bar)   Constr. rmsd
    3.00820e+02   -1.04754e+03    2.75021e-06

           Step           Time         Lambda
          41500       83.00000        0.00000

   Energies (kJ/mol)
           Bond            U-B    Proper Dih.  Improper Dih.      CMAP Dih.
    2.21321e+03    5.91746e+03    6.57159e+03    3.87550e+02   -2.15513e+02
          LJ-14     Coulomb-14        LJ (SR)   Coulomb (SR)   Coul. recip.
    2.04580e+03    1.78993e+04    4.02219e+04   -5.17625e+05    1.50234e+03
 Position Rest.      Potential    Kinetic En.   Total Energy  Conserved En.
    6.54234e+02   -4.40427e+05    8.57346e+04   -3.54693e+05   -4.23853e+05
    Temperature Pressure (bar)   Constr. rmsd
    3.01833e+02   -1.13945e+03    3.01222e-06

DD  load balancing is limited by minimum cell size in dimension X
DD  step 41999  vol min/aver 0.508! load imb.: force 25.9%

           Step           Time         Lambda
          42000       84.00000        0.00000

   Energies (kJ/mol)
           Bond            U-B    Proper Dih.  Improper Dih.      CMAP Dih.
    2.15620e+03    6.21060e+03    6.67942e+03    3.27720e+02   -1.81559e+02
          LJ-14     Coulomb-14        LJ (SR)   Coulomb (SR)   Coul. recip.
    2.04701e+03    1.74924e+04    3.96343e+04   -5.16192e+05    1.51145e+03
 Position Rest.      Potential    Kinetic En.   Total Energy  Conserved En.
    6.17070e+02   -4.39698e+05    8.50046e+04   -3.54693e+05   -4.23847e+05
    Temperature Pressure (bar)   Constr. rmsd
    2.99262e+02   -5.80064e+02    3.16272e-06

           Step           Time         Lambda
          42500       85.00000        0.00000

   Energies (kJ/mol)
           Bond            U-B    Proper Dih.  Improper Dih.      CMAP Dih.
    2.17417e+03    6.13723e+03    6.62977e+03    3.12862e+02   -1.80089e+02
          LJ-14     Coulomb-14        LJ (SR)   Coulomb (SR)   Coul. recip.
    2.03342e+03    1.75695e+04    3.93307e+04   -5.16392e+05    1.50629e+03
 Position Rest.      Potential    Kinetic En.   Total Energy  Conserved En.
    6.18768e+02   -4.40260e+05    8.53150e+04   -3.54945e+05   -4.23849e+05
    Temperature Pressure (bar)   Constr. rmsd
    3.00355e+02   -1.03839e+03    3.20566e-06

DD  load balancing is limited by minimum cell size in dimension X Y
DD  step 42999  vol min/aver 0.513! load imb.: force 19.6%

           Step           Time         Lambda
          43000       86.00000        0.00000

   Energies (kJ/mol)
           Bond            U-B    Proper Dih.  Improper Dih.      CMAP Dih.
    2.14010e+03    5.81497e+03    6.57054e+03    3.84860e+02   -1.65548e+02
          LJ-14     Coulomb-14        LJ (SR)   Coulomb (SR)   Coul. recip.
    2.08138e+03    1.78304e+04    3.98782e+04   -5.17405e+05    1.44852e+03
 Position Rest.      Potential    Kinetic En.   Total Energy  Conserved En.
    6.62000e+02   -4.40759e+05    8.43605e+04   -3.56399e+05   -4.23862e+05
    Temperature Pressure (bar)   Constr. rmsd
    2.96995e+02   -5.76174e+02    3.22484e-06

           Step           Time         Lambda
          43500       87.00000        0.00000

   Energies (kJ/mol)
           Bond            U-B    Proper Dih.  Improper Dih.      CMAP Dih.
    2.22232e+03    5.93026e+03    6.58428e+03    3.69121e+02   -2.32992e+02
          LJ-14     Coulomb-14        LJ (SR)   Coulomb (SR)   Coul. recip.
    2.09242e+03    1.78128e+04    4.03016e+04   -5.17080e+05    1.52087e+03
 Position Rest.      Potential    Kinetic En.   Total Energy  Conserved En.
    6.55276e+02   -4.39824e+05    8.48848e+04   -3.54939e+05   -4.23848e+05
    Temperature Pressure (bar)   Constr. rmsd
    2.98841e+02   -5.24225e+02    3.15100e-06

DD  load balancing is limited by minimum cell size in dimension X
DD  step 43999  vol min/aver 0.617! load imb.: force 11.5%

           Step           Time         Lambda
          44000       88.00000        0.00000

   Energies (kJ/mol)
           Bond            U-B    Proper Dih.  Improper Dih.      CMAP Dih.
    2.21768e+03    6.13204e+03    6.59288e+03    4.02931e+02   -2.30649e+02
          LJ-14     Coulomb-14        LJ (SR)   Coulomb (SR)   Coul. recip.
    2.02982e+03    1.77239e+04    3.99672e+04   -5.15988e+05    1.51889e+03
 Position Rest.      Potential    Kinetic En.   Total Energy  Conserved En.
    6.64593e+02   -4.38968e+05    8.58003e+04   -3.53168e+05   -4.23859e+05
    Temperature Pressure (bar)   Constr. rmsd
    3.02064e+02   -4.73683e+02    3.27810e-06

           Step           Time         Lambda
          44500       89.00000        0.00000

   Energies (kJ/mol)
           Bond            U-B    Proper Dih.  Improper Dih.      CMAP Dih.
    2.00014e+03    6.01927e+03    6.55680e+03    3.58734e+02   -1.72503e+02
          LJ-14     Coulomb-14        LJ (SR)   Coulomb (SR)   Coul. recip.
    2.16664e+03    1.78520e+04    3.98057e+04   -5.16711e+05    1.55783e+03
 Position Rest.      Potential    Kinetic En.   Total Energy  Conserved En.
    6.60126e+02   -4.39906e+05    8.60627e+04   -3.53844e+05   -4.23858e+05
    Temperature Pressure (bar)   Constr. rmsd
    3.02987e+02   -8.02900e+02    3.32910e-06

DD  load balancing is limited by minimum cell size in dimension X
DD  step 44999  vol min/aver 0.479! load imb.: force 174.2%

           Step           Time         Lambda
          45000       90.00000        0.00000

   Energies (kJ/mol)
           Bond            U-B    Proper Dih.  Improper Dih.      CMAP Dih.
    2.17192e+03    5.86434e+03    6.60626e+03    3.58247e+02   -2.21707e+02
          LJ-14     Coulomb-14        LJ (SR)   Coulomb (SR)   Coul. recip.
    2.14452e+03    1.78572e+04    3.98328e+04   -5.18039e+05    1.51112e+03
 Position Rest.      Potential    Kinetic En.   Total Energy  Conserved En.
    6.24242e+02   -4.41290e+05    8.55412e+04   -3.55749e+05   -4.23865e+05
    Temperature Pressure (bar)   Constr. rmsd
    3.01152e+02   -6.27365e+02    2.93098e-06

           Step           Time         Lambda
          45500       91.00000        0.00000

   Energies (kJ/mol)
           Bond            U-B    Proper Dih.  Improper Dih.      CMAP Dih.
    2.21376e+03    5.99844e+03    6.56059e+03    3.72423e+02   -2.02411e+02
          LJ-14     Coulomb-14        LJ (SR)   Coulomb (SR)   Coul. recip.
    2.08311e+03    1.77999e+04    3.90337e+04   -5.15764e+05    1.51614e+03
 Position Rest.      Potential    Kinetic En.   Total Energy  Conserved En.
    5.72686e+02   -4.39815e+05    8.44487e+04   -3.55367e+05   -4.23843e+05
    Temperature Pressure (bar)   Constr. rmsd
    2.97306e+02   -6.76559e+02    2.89616e-06

DD  load balancing is limited by minimum cell size in dimension X
DD  step 45999  vol min/aver 0.497! load imb.: force 55.6%

           Step           Time         Lambda
          46000       92.00000        0.00000

   Energies (kJ/mol)
           Bond            U-B    Proper Dih.  Improper Dih.      CMAP Dih.
    2.12417e+03    5.87708e+03    6.58923e+03    3.88617e+02   -2.11113e+02
          LJ-14     Coulomb-14        LJ (SR)   Coulomb (SR)   Coul. recip.
    2.02971e+03    1.76272e+04    3.92356e+04   -5.16095e+05    1.48440e+03
 Position Rest.      Potential    Kinetic En.   Total Energy  Conserved En.
    6.55812e+02   -4.40294e+05    8.40238e+04   -3.56271e+05   -4.23863e+05
    Temperature Pressure (bar)   Constr. rmsd
    2.95809e+02   -9.70769e+02    2.85683e-06

           Step           Time         Lambda
          46500       93.00000        0.00000

   Energies (kJ/mol)
           Bond            U-B    Proper Dih.  Improper Dih.      CMAP Dih.
    2.13127e+03    5.99027e+03    6.55775e+03    3.96063e+02   -1.78813e+02
          LJ-14     Coulomb-14        LJ (SR)   Coulomb (SR)   Coul. recip.
    2.12695e+03    1.77344e+04    3.91562e+04   -5.15289e+05    1.44089e+03
 Position Rest.      Potential    Kinetic En.   Total Energy  Conserved En.
    6.54127e+02   -4.39280e+05    8.59707e+04   -3.53309e+05   -4.23890e+05
    Temperature Pressure (bar)   Constr. rmsd
    3.02664e+02   -6.58927e+02    3.40736e-06

DD  load balancing is limited by minimum cell size in dimension X
DD  step 46999  vol min/aver 0.540! load imb.: force 21.0%

           Step           Time         Lambda
          47000       94.00000        0.00000

   Energies (kJ/mol)
           Bond            U-B    Proper Dih.  Improper Dih.      CMAP Dih.
    2.27507e+03    5.85975e+03    6.53433e+03    3.96903e+02   -1.68216e+02
          LJ-14     Coulomb-14        LJ (SR)   Coulomb (SR)   Coul. recip.
    2.07922e+03    1.77283e+04    3.87868e+04   -5.16041e+05    1.48661e+03
 Position Rest.      Potential    Kinetic En.   Total Energy  Conserved En.
    6.29217e+02   -4.40433e+05    8.53159e+04   -3.55117e+05   -4.23876e+05
    Temperature Pressure (bar)   Constr. rmsd
    3.00358e+02   -1.00890e+03    3.00670e-06

           Step           Time         Lambda
          47500       95.00000        0.00000

   Energies (kJ/mol)
           Bond            U-B    Proper Dih.  Improper Dih.      CMAP Dih.
    2.16498e+03    6.06442e+03    6.59739e+03    3.28135e+02   -1.53439e+02
          LJ-14     Coulomb-14        LJ (SR)   Coulomb (SR)   Coul. recip.
    2.09088e+03    1.78754e+04    3.96824e+04   -5.15766e+05    1.48975e+03
 Position Rest.      Potential    Kinetic En.   Total Energy  Conserved En.
    6.42100e+02   -4.38984e+05    8.57432e+04   -3.53241e+05   -4.23866e+05
    Temperature Pressure (bar)   Constr. rmsd
    3.01863e+02   -4.02394e+02    3.02481e-06

DD  load balancing is limited by minimum cell size in dimension X
DD  step 47999  vol min/aver 0.549! load imb.: force 20.5%

           Step           Time         Lambda
          48000       96.00000        0.00000

   Energies (kJ/mol)
           Bond            U-B    Proper Dih.  Improper Dih.      CMAP Dih.
    2.06530e+03    6.12074e+03    6.50751e+03    3.64234e+02   -1.81991e+02
          LJ-14     Coulomb-14        LJ (SR)   Coulomb (SR)   Coul. recip.
    2.09177e+03    1.76127e+04    4.02409e+04   -5.16930e+05    1.49584e+03
 Position Rest.      Potential    Kinetic En.   Total Energy  Conserved En.
    6.41485e+02   -4.39971e+05    8.49147e+04   -3.55056e+05   -4.23876e+05
    Temperature Pressure (bar)   Constr. rmsd
    2.98946e+02   -2.42769e+02    2.88401e-06

           Step           Time         Lambda
          48500       97.00000        0.00000

   Energies (kJ/mol)
           Bond            U-B    Proper Dih.  Improper Dih.      CMAP Dih.
    2.16658e+03    5.79848e+03    6.68561e+03    3.48653e+02   -1.79770e+02
          LJ-14     Coulomb-14        LJ (SR)   Coulomb (SR)   Coul. recip.
    2.13754e+03    1.78704e+04    3.95823e+04   -5.16338e+05    1.52850e+03
 Position Rest.      Potential    Kinetic En.   Total Energy  Conserved En.
    6.56797e+02   -4.39743e+05    8.53631e+04   -3.54380e+05   -4.23897e+05
    Temperature Pressure (bar)   Constr. rmsd
    3.00525e+02   -9.08592e+02    3.12240e-06

DD  load balancing is limited by minimum cell size in dimension X
DD  step 48999  vol min/aver 0.602! load imb.: force 28.8%

           Step           Time         Lambda
          49000       98.00000        0.00000

   Energies (kJ/mol)
           Bond            U-B    Proper Dih.  Improper Dih.      CMAP Dih.
    2.11867e+03    5.93894e+03    6.57450e+03    3.26970e+02   -1.92215e+02
          LJ-14     Coulomb-14        LJ (SR)   Coulomb (SR)   Coul. recip.
    2.09678e+03    1.77339e+04    4.00414e+04   -5.17480e+05    1.43763e+03
 Position Rest.      Potential    Kinetic En.   Total Energy  Conserved En.
    6.40045e+02   -4.40764e+05    8.47803e+04   -3.55983e+05   -4.23890e+05
    Temperature Pressure (bar)   Constr. rmsd
    2.98473e+02   -8.17555e+02    2.96350e-06

           Step           Time         Lambda
          49500       99.00000        0.00000

   Energies (kJ/mol)
           Bond            U-B    Proper Dih.  Improper Dih.      CMAP Dih.
    2.31881e+03    5.90211e+03    6.62931e+03    3.17080e+02   -1.94242e+02
          LJ-14     Coulomb-14        LJ (SR)   Coulomb (SR)   Coul. recip.
    2.02406e+03    1.76806e+04    4.00899e+04   -5.17007e+05    1.46420e+03
 Position Rest.      Potential    Kinetic En.   Total Energy  Conserved En.
    6.78101e+02   -4.40097e+05    8.49330e+04   -3.55164e+05   -4.23871e+05
    Temperature Pressure (bar)   Constr. rmsd
    2.99010e+02   -4.42688e+02    2.96132e-06

DD  load balancing is limited by minimum cell size in dimension X
DD  step 49999  vol min/aver 0.579! load imb.: force 26.7%

           Step           Time         Lambda
          50000      100.00000        0.00000

Writing checkpoint, step 50000 at Thu May 19 16:34:19 2022


   Energies (kJ/mol)
           Bond            U-B    Proper Dih.  Improper Dih.      CMAP Dih.
    2.14823e+03    5.76740e+03    6.49214e+03    3.74318e+02   -2.08435e+02
          LJ-14     Coulomb-14        LJ (SR)   Coulomb (SR)   Coul. recip.
    2.15030e+03    1.77716e+04    4.09494e+04   -5.18898e+05    1.46135e+03
 Position Rest.      Potential    Kinetic En.   Total Energy  Conserved En.
    6.26626e+02   -4.41365e+05    8.38398e+04   -3.57526e+05   -4.23899e+05
    Temperature Pressure (bar)   Constr. rmsd
    2.95162e+02   -8.88074e+02    2.89013e-06

	<======  ###############  ==>
	<====  A V E R A G E S  ====>
	<==  ###############  ======>

	Statistics over 50001 steps using 501 frames

   Energies (kJ/mol)
           Bond            U-B    Proper Dih.  Improper Dih.      CMAP Dih.
    2.16129e+03    5.95807e+03    6.60040e+03    3.68456e+02   -2.04182e+02
          LJ-14     Coulomb-14        LJ (SR)   Coulomb (SR)   Coul. recip.
    2.08528e+03    1.77073e+04    3.98484e+04   -5.17067e+05    1.49598e+03
 Position Rest.      Potential    Kinetic En.   Total Energy  Conserved En.
    6.44195e+02   -4.40402e+05    8.51631e+04   -3.55238e+05   -4.23791e+05
    Temperature Pressure (bar)   Constr. rmsd
    2.99821e+02   -7.01197e+02    0.00000e+00

   Total Virial (kJ/mol)
    3.55738e+04    2.90211e+02    6.47432e+01
    2.87940e+02    3.56682e+04    1.10993e+02
    6.30745e+01    1.10443e+02    3.55803e+04

   Pressure (bar)
   -6.96747e+02   -3.19422e+01   -6.19941e+00
   -3.17217e+01   -7.09697e+02   -1.01125e+01
   -6.03734e+00   -1.00591e+01   -6.97146e+02

  T-Protein_JZ4T-Water_and_ions
    3.00087e+02    2.99792e+02


       P P   -   P M E   L O A D   B A L A N C I N G

 PP/PME load balancing changed the cut-off and PME settings:
           particle-particle                    PME
            rcoulomb  rlist            grid      spacing   1/beta
   initial  1.200 nm  1.280 nm      52  52  52   0.151 nm  0.384 nm
   final    1.226 nm  1.306 nm      48  48  48   0.164 nm  0.393 nm
 cost-ratio           1.06             0.79
 (note that these numbers concern only part of the total PP and PME load)


	M E G A - F L O P S   A C C O U N T I N G

 NB=Group-cutoff nonbonded kernels    NxN=N-by-N cluster Verlet kernels
 RF=Reaction-Field  VdW=Van der Waals  QSTab=quadratic-spline table
 W3=SPC/TIP3p  W4=TIP4p (single or pairs)
 V&F=Potential and force  V=Potential only  F=Force only

 Computing:                               M-Number         M-Flops  % Flops
-----------------------------------------------------------------------------
 NB VdW [V&F]                           239.404788         239.405     0.0
 Pair Search distance check            7029.982880       63269.846     0.0
 NxN Ewald Elec. + LJ [F]           2141147.668032   167009518.106    96.7
 NxN Ewald Elec. + LJ [V&F]           21672.269696     2795722.791     1.6
 1,4 nonbonded interactions             344.706894       31023.620     0.0
 Calc Weights                          5026.000518      180936.019     0.1
 Spread Q Bspline                    107221.344384      214442.689     0.1
 Gather F Bspline                    107221.344384      643328.066     0.4
 3D-FFT                              184870.397112     1478963.177     0.9
 Solve PME                              230.039168       14722.507     0.0
 Reset In Box                            41.916006         125.748     0.0
 CG-CoM                                  41.949512         125.849     0.0
 Bonds                                   66.551331        3926.529     0.0
 Propers                                333.606672       76395.928     0.0
 Impropers                               21.450429        4461.689     0.0
 Pos. Restr.                             65.551311        3277.566     0.0
 Virial                                  16.966866         305.404     0.0
 Stop-CM                                 16.820012         168.200     0.0
 Calc-Ekin                              167.597012        4525.119     0.0
 Lincs                                   73.616159        4416.970     0.0
 Lincs-Mat                              413.983380        1655.934     0.0
 Constraint-V                          1811.973438       14495.788     0.0
 Constraint-Vir                          17.416367         417.993     0.0
 Settle                                 554.925770      179241.024     0.1
 (null)                                   8.050161           0.000     0.0
-----------------------------------------------------------------------------
 Total                                               172725705.964   100.0
-----------------------------------------------------------------------------


    D O M A I N   D E C O M P O S I T I O N   S T A T I S T I C S

 av. #atoms communicated per step for force:  2 x 56493.5
 av. #atoms communicated per step for LINCS:  2 x 3029.2

 Average load imbalance: 42.4 %
 Part of the total run time spent waiting due to load imbalance: 4.1 %
 Steps where the load balancing was limited by -rdd, -rcon and/or -dds: X 2 % Y 0 %


     R E A L   C Y C L E   A N D   T I M E   A C C O U N T I N G

On 8 MPI ranks, each using 6 OpenMP threads

 Computing:          Num   Num      Call    Wall time         Giga-Cycles
                     Ranks Threads  Count      (s)         total sum    %
-----------------------------------------------------------------------------
 Domain decomp.         8    6       1251       5.237        527.885   3.3
 DD comm. load          8    6       1237       0.297         29.969   0.2
 DD comm. bounds        8    6       1236       0.142         14.326   0.1
 Neighbor search        8    6       1251       2.099        211.599   1.3
 Launch GPU ops.        8    6     100002       7.094        715.061   4.4
 Comm. coord.           8    6      48750      16.010       1613.790  10.0
 Force                  8    6      50001       7.128        718.530   4.4
 Wait + Comm. F         8    6      50001       9.459        953.475   5.9
 PME mesh               8    6      50001      87.989       8869.178  54.7
 Wait GPU nonlocal      8    6      50001       0.378         38.083   0.2
 Wait GPU local         8    6      50001       0.134         13.459   0.1
 NB X/F buffer ops.     8    6     197502       2.878        290.128   1.8
 Write traj.            8    6        101       0.097          9.733   0.1
 Update                 8    6      50001       1.623        163.619   1.0
 Constraints            8    6      50001      14.700       1481.736   9.1
 Comm. energies         8    6       2501       1.163        117.197   0.7
 Rest                                           4.340        437.505   2.7
-----------------------------------------------------------------------------
 Total                                        160.768      16205.270 100.0
-----------------------------------------------------------------------------
 Breakdown of PME mesh computation
-----------------------------------------------------------------------------
 PME redist. X/F        8    6     100002      48.452       4883.952  30.1
 PME spread/gather      8    6     100002      23.526       2371.385  14.6
 PME 3D-FFT             8    6     100002       4.182        421.528   2.6
 PME 3D-FFT Comm.       8    6     200004      11.257       1134.717   7.0
 PME solve Elec         8    6      50001       0.373         37.648   0.2
-----------------------------------------------------------------------------

               Core t (s)   Wall t (s)        (%)
       Time:     7164.141      160.768     4456.2
                 (ns/day)    (hour/ns)
Performance:       53.743        0.447
Finished mdrun on rank 0 Thu May 19 16:34:19 2022
