Log file opened on Wed May 18 10:20:29 2022
Host: jupiter.sbs.ntu.edu.sg  pid: 40289  rank ID: 0  number of ranks:  1
                   :-) GROMACS - gmx mdrun, VERSION 5.1.2 (-:

                            GROMACS is written by:
     Emile Apol      Rossen Apostolov  Herman J.C. Berendsen    Par Bjelkmar   
 Aldert van Buuren   Rudi van Drunen     Anton Feenstra   Sebastian Fritsch 
  Gerrit Groenhof   Christoph Junghans   Anca Hamuraru    Vincent Hindriksen
 Dimitrios Karkoulis    Peter Kasson        Jiri Kraus      Carsten Kutzner  
    Per Larsson      Justin A. Lemkul   Magnus Lundborg   Pieter Meulenhoff 
   Erik Marklund      Teemu Murtola       Szilard Pall       Sander Pronk   
   Roland Schulz     Alexey Shvetsov     Michael Shirts     Alfons Sijbers  
   Peter Tieleman    Teemu Virolainen  Christian Wennberg    Maarten Wolf   
                           and the project leaders:
        Mark Abraham, Berk Hess, Erik Lindahl, and David van der Spoel

Copyright (c) 1991-2000, University of Groningen, The Netherlands.
Copyright (c) 2001-2015, The GROMACS development team at
Uppsala University, Stockholm University and
the Royal Institute of Technology, Sweden.
check out http://www.gromacs.org for more information.

GROMACS is free software; you can redistribute it and/or modify it
under the terms of the GNU Lesser General Public License
as published by the Free Software Foundation; either version 2.1
of the License, or (at your option) any later version.

GROMACS:      gmx mdrun, VERSION 5.1.2
Executable:   /apps/gromacs/5.1.2/threadmpi_cuda7.5/bin/gmx
Data prefix:  /apps/gromacs/5.1.2/threadmpi_cuda7.5
Command line:
  gmx mdrun -deffnm system_inflated_em

GROMACS version:    VERSION 5.1.2
Precision:          single
Memory model:       64 bit
MPI library:        thread_mpi
OpenMP support:     enabled (GMX_OPENMP_MAX_THREADS = 32)
GPU support:        enabled
OpenCL support:     disabled
invsqrt routine:    gmx_software_invsqrt(x)
SIMD instructions:  AVX2_256
FFT library:        fftw-3.3.4-sse2-avx
RDTSCP usage:       enabled
C++11 compilation:  disabled
TNG support:        enabled
Tracing support:    disabled
Built on:           Wed Apr  3 21:14:53 +08 2019
Built by:           lzheng002@jupiter.sbs.ntu.edu.sg [CMAKE]
Build OS/arch:      Linux 3.10.0-957.10.1.el7.x86_64 x86_64
Build CPU vendor:   GenuineIntel
Build CPU brand:    Intel(R) Xeon(R) Silver 4116 CPU @ 2.10GHz
Build CPU family:   6   Model: 85   Stepping: 4
Build CPU features: aes apic avx avx2 avx512f avx512cd clfsh cmov cx8 cx16 f16c fma htt lahf_lm mmx msr nonstop_tsc pcid pclmuldq pdcm pdpe1gb popcnt pse rdrnd rdtscp sse2 sse3 sse4.1 sse4.2 ssse3 tdt x2apic
C compiler:         /usr/bin/cc GNU 4.8.5
C compiler flags:    -march=core-avx2    -Wextra -Wno-missing-field-initializers -Wno-sign-compare -Wpointer-arith -Wall -Wno-unused -Wunused-value -Wunused-parameter  -O3 -DNDEBUG -funroll-all-loops -fexcess-precision=fast  -Wno-array-bounds 
C++ compiler:       /usr/bin/c++ GNU 4.8.5
C++ compiler flags:  -march=core-avx2    -Wextra -Wno-missing-field-initializers -Wpointer-arith -Wall -Wno-unused-function  -O3 -DNDEBUG -funroll-all-loops -fexcess-precision=fast  -Wno-array-bounds 
Boost version:      1.53.0 (external)
CUDA compiler:      /usr/local/cuda-7.5/bin/nvcc nvcc: NVIDIA (R) Cuda compiler driver;Copyright (c) 2005-2015 NVIDIA Corporation;Built on Tue_Aug_11_14:27:32_CDT_2015;Cuda compilation tools, release 7.5, V7.5.17
CUDA compiler flags:-gencode;arch=compute_20,code=sm_20;-gencode;arch=compute_30,code=sm_30;-gencode;arch=compute_35,code=sm_35;-gencode;arch=compute_37,code=sm_37;-gencode;arch=compute_50,code=sm_50;-gencode;arch=compute_52,code=sm_52;-gencode;arch=compute_52,code=compute_52;-use_fast_math;; ;-march=core-avx2;-Wextra;-Wno-missing-field-initializers;-Wpointer-arith;-Wall;-Wno-unused-function;-O3;-DNDEBUG;-funroll-all-loops;-fexcess-precision=fast;-Wno-array-bounds;
CUDA driver:        11.60
CUDA runtime:       7.50


Running on 1 node with total 24 cores, 48 logical cores, 2 compatible GPUs
Hardware detected:
  CPU info:
    Vendor: GenuineIntel
    Brand:  Intel(R) Xeon(R) Silver 4116 CPU @ 2.10GHz
    Family:  6  model: 85  stepping:  4
    CPU features: aes apic avx avx2 avx512f avx512cd clfsh cmov cx8 cx16 f16c fma htt lahf_lm mmx msr nonstop_tsc pcid pclmuldq pdcm pdpe1gb popcnt pse rdrnd rdtscp sse2 sse3 sse4.1 sse4.2 ssse3 tdt x2apic
    SIMD instructions most likely to fit this hardware: AVX2_256
    SIMD instructions selected at GROMACS compile time: AVX2_256
  GPU info:
    Number of GPUs detected: 2
    #0: NVIDIA NVIDIA GeForce GTX 1080 Ti, compute cap.: 6.1, ECC:  no, stat: compatible
    #1: NVIDIA NVIDIA GeForce GTX 1080 Ti, compute cap.: 6.1, ECC:  no, stat: compatible


++++ PLEASE READ AND CITE THE FOLLOWING REFERENCE ++++
M. J. Abraham, T. Murtola, R. Schulz, S. Páll, J. C. Smith, B. Hess, E.
Lindahl
GROMACS: High performance molecular simulations through multi-level
parallelism from laptops to supercomputers
SoftwareX 1 (2015) pp. 19-25
-------- -------- --- Thank You --- -------- --------


++++ PLEASE READ AND CITE THE FOLLOWING REFERENCE ++++
S. Páll, M. J. Abraham, C. Kutzner, B. Hess, E. Lindahl
Tackling Exascale Software Challenges in Molecular Dynamics Simulations with
GROMACS
In S. Markidis & E. Laure (Eds.), Solving Software Challenges for Exascale 8759 (2015) pp. 3-27
-------- -------- --- Thank You --- -------- --------


++++ PLEASE READ AND CITE THE FOLLOWING REFERENCE ++++
S. Pronk, S. Páll, R. Schulz, P. Larsson, P. Bjelkmar, R. Apostolov, M. R.
Shirts, J. C. Smith, P. M. Kasson, D. van der Spoel, B. Hess, and E. Lindahl
GROMACS 4.5: a high-throughput and highly parallel open source molecular
simulation toolkit
Bioinformatics 29 (2013) pp. 845-54
-------- -------- --- Thank You --- -------- --------


++++ PLEASE READ AND CITE THE FOLLOWING REFERENCE ++++
B. Hess and C. Kutzner and D. van der Spoel and E. Lindahl
GROMACS 4: Algorithms for highly efficient, load-balanced, and scalable
molecular simulation
J. Chem. Theory Comput. 4 (2008) pp. 435-447
-------- -------- --- Thank You --- -------- --------


++++ PLEASE READ AND CITE THE FOLLOWING REFERENCE ++++
D. van der Spoel, E. Lindahl, B. Hess, G. Groenhof, A. E. Mark and H. J. C.
Berendsen
GROMACS: Fast, Flexible and Free
J. Comp. Chem. 26 (2005) pp. 1701-1719
-------- -------- --- Thank You --- -------- --------


++++ PLEASE READ AND CITE THE FOLLOWING REFERENCE ++++
E. Lindahl and B. Hess and D. van der Spoel
GROMACS 3.0: A package for molecular simulation and trajectory analysis
J. Mol. Mod. 7 (2001) pp. 306-317
-------- -------- --- Thank You --- -------- --------


++++ PLEASE READ AND CITE THE FOLLOWING REFERENCE ++++
H. J. C. Berendsen, D. van der Spoel and R. van Drunen
GROMACS: A message-passing parallel molecular dynamics implementation
Comp. Phys. Comm. 91 (1995) pp. 43-56
-------- -------- --- Thank You --- -------- --------

Input Parameters:
   integrator                     = steep
   tinit                          = 0
   dt                             = 0.001
   nsteps                         = 50000
   init-step                      = 0
   simulation-part                = 1
   comm-mode                      = Linear
   nstcomm                        = 100
   bd-fric                        = 0
   ld-seed                        = 435342668
   emtol                          = 1000
   emstep                         = 0.01
   niter                          = 20
   fcstep                         = 0
   nstcgsteep                     = 1000
   nbfgscorr                      = 10
   rtpi                           = 0.05
   nstxout                        = 0
   nstvout                        = 0
   nstfout                        = 0
   nstlog                         = 1000
   nstcalcenergy                  = 100
   nstenergy                      = 1000
   nstxout-compressed             = 0
   compressed-x-precision         = 1000
   cutoff-scheme                  = Verlet
   nstlist                        = 1
   ns-type                        = Grid
   pbc                            = xyz
   periodic-molecules             = FALSE
   verlet-buffer-tolerance        = 0.005
   rlist                          = 1.2
   rlistlong                      = 1.2
   nstcalclr                      = 1
   coulombtype                    = Cut-off
   coulomb-modifier               = Potential-shift
   rcoulomb-switch                = 0
   rcoulomb                       = 1.2
   epsilon-r                      = 1
   epsilon-rf                     = inf
   vdw-type                       = Cut-off
   vdw-modifier                   = Potential-shift
   rvdw-switch                    = 0
   rvdw                           = 1.2
   DispCorr                       = No
   table-extension                = 1
   fourierspacing                 = 0.12
   fourier-nx                     = 0
   fourier-ny                     = 0
   fourier-nz                     = 0
   pme-order                      = 4
   ewald-rtol                     = 1e-05
   ewald-rtol-lj                  = 0.001
   lj-pme-comb-rule               = Geometric
   ewald-geometry                 = 0
   epsilon-surface                = 0
   implicit-solvent               = No
   gb-algorithm                   = Still
   nstgbradii                     = 1
   rgbradii                       = 1
   gb-epsilon-solvent             = 80
   gb-saltconc                    = 0
   gb-obc-alpha                   = 1
   gb-obc-beta                    = 0.8
   gb-obc-gamma                   = 4.85
   gb-dielectric-offset           = 0.009
   sa-algorithm                   = Ace-approximation
   sa-surface-tension             = 2.05016
   tcoupl                         = No
   nsttcouple                     = -1
   nh-chain-length                = 0
   print-nose-hoover-chain-variables = FALSE
   pcoupl                         = No
   pcoupltype                     = Isotropic
   nstpcouple                     = -1
   tau-p                          = 1
   compressibility (3x3):
      compressibility[    0]={ 0.00000e+00,  0.00000e+00,  0.00000e+00}
      compressibility[    1]={ 0.00000e+00,  0.00000e+00,  0.00000e+00}
      compressibility[    2]={ 0.00000e+00,  0.00000e+00,  0.00000e+00}
   ref-p (3x3):
      ref-p[    0]={ 0.00000e+00,  0.00000e+00,  0.00000e+00}
      ref-p[    1]={ 0.00000e+00,  0.00000e+00,  0.00000e+00}
      ref-p[    2]={ 0.00000e+00,  0.00000e+00,  0.00000e+00}
   refcoord-scaling               = No
   posres-com (3):
      posres-com[0]= 0.00000e+00
      posres-com[1]= 0.00000e+00
      posres-com[2]= 0.00000e+00
   posres-comB (3):
      posres-comB[0]= 0.00000e+00
      posres-comB[1]= 0.00000e+00
      posres-comB[2]= 0.00000e+00
   QMMM                           = FALSE
   QMconstraints                  = 0
   QMMMscheme                     = 0
   MMChargeScaleFactor            = 1
qm-opts:
   ngQM                           = 0
   constraint-algorithm           = Lincs
   continuation                   = FALSE
   Shake-SOR                      = FALSE
   shake-tol                      = 0.0001
   lincs-order                    = 4
   lincs-iter                     = 1
   lincs-warnangle                = 30
   nwall                          = 0
   wall-type                      = 9-3
   wall-r-linpot                  = -1
   wall-atomtype[0]               = -1
   wall-atomtype[1]               = -1
   wall-density[0]                = 0
   wall-density[1]                = 0
   wall-ewald-zfac                = 3
   pull                           = FALSE
   rotation                       = FALSE
   interactiveMD                  = FALSE
   disre                          = No
   disre-weighting                = Conservative
   disre-mixed                    = FALSE
   dr-fc                          = 1000
   dr-tau                         = 0
   nstdisreout                    = 100
   orire-fc                       = 0
   orire-tau                      = 0
   nstorireout                    = 100
   free-energy                    = no
   cos-acceleration               = 0
   deform (3x3):
      deform[    0]={ 0.00000e+00,  0.00000e+00,  0.00000e+00}
      deform[    1]={ 0.00000e+00,  0.00000e+00,  0.00000e+00}
      deform[    2]={ 0.00000e+00,  0.00000e+00,  0.00000e+00}
   simulated-tempering            = FALSE
   E-x:
      n = 0
   E-xt:
      n = 0
   E-y:
      n = 0
   E-yt:
      n = 0
   E-z:
      n = 0
   E-zt:
      n = 0
   swapcoords                     = no
   adress                         = FALSE
   userint1                       = 0
   userint2                       = 0
   userint3                       = 0
   userint4                       = 0
   userreal1                      = 0
   userreal2                      = 0
   userreal3                      = 0
   userreal4                      = 0
grpopts:
   nrdf:       19311
   ref-t:           0
   tau-t:           0
annealing:          No
annealing-npoints:           0
   acc:	           0           0           0
   nfreeze:           N           N           N
   energygrp-flags[  0]: 0


Initializing Domain Decomposition on 6 ranks
Dynamic load balancing: off
Will sort the charge groups at every domain (re)decomposition
Initial maximum inter charge-group distances:
    two-body bonded interactions: 0.404 nm, LJ-14, atoms 6096 6101
  multi-body bonded interactions: 0.404 nm, Proper Dih., atoms 6096 6101
Minimum cell size due to bonded interactions: 0.444 nm
Optimizing the DD grid for 6 cells with a minimum initial size of 0.444 nm
The maximum allowed number of cells is: X 57 Y 58 Z 14
Domain decomposition grid 3 x 2 x 1, separate PME ranks 0
Domain decomposition rank 0, coordinates 0 0 0

Using 6 MPI threads
Using 8 OpenMP threads per tMPI thread

2 compatible GPUs are present, with IDs 0,1
2 GPUs auto-selected for this run.
Mapping of GPU IDs to the 6 PP ranks in this node: 0,0,0,1,1,1

Cut-off's:   NS: 1.2   Coulomb: 1.2   LJ: 1.2
System total charge: 4.000
Generated table with 1100 data points for 1-4 COUL.
Tabscale = 500 points/nm
Generated table with 1100 data points for 1-4 LJ6.
Tabscale = 500 points/nm
Generated table with 1100 data points for 1-4 LJ12.
Tabscale = 500 points/nm
Potential shift: LJ r^-12: -1.122e-01 r^-6: -3.349e-01, Coulomb -8e-01

Using GPU 8x8 non-bonded kernels

Removing pbc first time
Pinning threads with an auto-selected logical core stride of 1

Linking all bonded interactions to atoms

The initial number of communication pulses is: X 1 Y 1
The initial domain decomposition cell size is: X 8.56 nm Y 12.89 nm

The maximum allowed distance for charge groups involved in interactions is:
                 non-bonded interactions           1.200 nm
            two-body bonded interactions  (-rdd)   1.200 nm
          multi-body bonded interactions  (-rdd)   1.200 nm


Making 2D domain decomposition grid 3 x 2 x 1, home cell index 0 0 0

Initiating Steepest Descents
Atom distribution over 6 domains: av 1073 stddev 106 min 926 max 1234
Started Steepest Descents on rank 0 Wed May 18 10:20:30 2022

Steepest Descents:
   Tolerance (Fmax)   =  1.00000e+03
   Number of steps    =        50000
           Step           Time         Lambda
              0        0.00000        0.00000

   Energies (kJ/mol)
           Bond        G96Bond          Angle       G96Angle    Proper Dih.
    5.02029e+03    3.99344e+01    3.29597e+03    4.97933e+01    4.70089e+03
 Ryckaert-Bell.  Improper Dih.          LJ-14     Coulomb-14        LJ (SR)
    4.93133e+03    2.03278e+02    2.70766e+03    1.86212e+04    2.79893e+08
   Coulomb (SR) Position Rest.      Potential Pressure (bar)
   -1.18316e+05    0.00000e+00    2.79814e+08    0.00000e+00

DD  step 0 load imb.: force 202.0%

           Step           Time         Lambda
              1        1.00000        0.00000

   Energies (kJ/mol)
           Bond        G96Bond          Angle       G96Angle    Proper Dih.
    5.02956e+03    3.99344e+01    3.29653e+03    4.97933e+01    4.70089e+03
 Ryckaert-Bell.  Improper Dih.          LJ-14     Coulomb-14        LJ (SR)
    4.93116e+03    2.03278e+02    2.70766e+03    1.86212e+04    7.01460e+07
   Coulomb (SR) Position Rest.      Potential Pressure (bar)
   -1.18316e+05    0.00000e+00    7.00673e+07    0.00000e+00

           Step           Time         Lambda
              2        2.00000        0.00000

   Energies (kJ/mol)
           Bond        G96Bond          Angle       G96Angle    Proper Dih.
    5.08932e+03    3.99344e+01    3.30873e+03    4.97933e+01    4.70089e+03
 Ryckaert-Bell.  Improper Dih.          LJ-14     Coulomb-14        LJ (SR)
    4.93219e+03    2.03278e+02    2.70766e+03    1.86212e+04    2.08658e+07
   Coulomb (SR) Position Rest.      Potential Pressure (bar)
   -1.18316e+05    0.00000e+00    2.07871e+07    0.00000e+00

           Step           Time         Lambda
              3        3.00000        0.00000

   Energies (kJ/mol)
           Bond        G96Bond          Angle       G96Angle    Proper Dih.
    5.36069e+03    3.99344e+01    3.37110e+03    4.97933e+01    4.70089e+03
 Ryckaert-Bell.  Improper Dih.          LJ-14     Coulomb-14        LJ (SR)
    4.93724e+03    2.03278e+02    2.70766e+03    1.86212e+04    3.45126e+06
   Coulomb (SR) Position Rest.      Potential Pressure (bar)
   -1.18316e+05    0.00000e+00    3.37293e+06    0.00000e+00

           Step           Time         Lambda
              4        4.00000        0.00000

   Energies (kJ/mol)
           Bond        G96Bond          Angle       G96Angle    Proper Dih.
    5.86306e+03    3.99276e+01    3.48317e+03    4.97912e+01    4.70089e+03
 Ryckaert-Bell.  Improper Dih.          LJ-14     Coulomb-14        LJ (SR)
    4.94204e+03    2.03278e+02    2.70766e+03    1.86212e+04    9.83994e+05
   Coulomb (SR) Position Rest.      Potential Pressure (bar)
   -1.18316e+05    1.73372e-07    9.06288e+05    0.00000e+00

           Step           Time         Lambda
              5        5.00000        0.00000

   Energies (kJ/mol)
           Bond        G96Bond          Angle       G96Angle    Proper Dih.
    6.81796e+03    3.98266e+01    3.65139e+03    4.97488e+01    4.70086e+03
 Ryckaert-Bell.  Improper Dih.          LJ-14     Coulomb-14        LJ (SR)
    4.95414e+03    2.03274e+02    2.70767e+03    1.86205e+04    2.18496e+05
   Coulomb (SR) Position Rest.      Potential Pressure (bar)
   -1.18316e+05    1.58209e-05    1.41925e+05    0.00000e+00

           Step           Time         Lambda
              6        6.00000        0.00000

   Energies (kJ/mol)
           Bond        G96Bond          Angle       G96Angle    Proper Dih.
    8.00225e+03    3.91321e+01    3.86432e+03    4.94603e+01    4.70063e+03
 Ryckaert-Bell.  Improper Dih.          LJ-14     Coulomb-14        LJ (SR)
    4.97075e+03    2.03233e+02    2.70779e+03    1.86155e+04    4.87609e+04
   Coulomb (SR) Position Rest.      Potential Pressure (bar)
   -1.18319e+05    8.33425e-04   -2.64050e+04    0.00000e+00

           Step           Time         Lambda
              7        7.00000        0.00000

   Energies (kJ/mol)
           Bond        G96Bond          Angle       G96Angle    Proper Dih.
    8.93912e+03    3.44673e+01    4.06749e+03    4.74654e+01    4.69895e+03
 Ryckaert-Bell.  Improper Dih.          LJ-14     Coulomb-14        LJ (SR)
    5.00508e+03    2.02950e+02    2.70867e+03    1.85798e+04    5.79177e+03
   Coulomb (SR) Position Rest.      Potential Pressure (bar)
   -1.18336e+05    4.23729e-02   -6.82605e+04    0.00000e+00

           Step           Time         Lambda
              8        8.00000        0.00000

   Energies (kJ/mol)
           Bond        G96Bond          Angle       G96Angle    Proper Dih.
    5.29019e+03    1.36788e+01    3.97162e+03    3.57543e+01    4.68619e+03
 Ryckaert-Bell.  Improper Dih.          LJ-14     Coulomb-14        LJ (SR)
    5.03192e+03    2.01106e+02    2.71613e+03    1.83044e+04   -3.48074e+03
   Coulomb (SR) Position Rest.      Potential Pressure (bar)
   -1.18467e+05    2.23818e+00   -8.16946e+04    0.00000e+00

           Step           Time         Lambda
              9        9.00000        0.00000

   Energies (kJ/mol)
           Bond        G96Bond          Angle       G96Angle    Proper Dih.
    1.74361e+03    7.64751e+00    3.99383e+03    2.50643e+01    4.64992e+03
 Ryckaert-Bell.  Improper Dih.          LJ-14     Coulomb-14        LJ (SR)
    5.00851e+03    2.00336e+02    2.74482e+03    1.75392e+04   -4.25018e+03
   Coulomb (SR) Position Rest.      Potential Pressure (bar)
   -1.18747e+05    1.20315e+01   -8.70727e+04    0.00000e+00

           Step           Time         Lambda
             10       10.00000        0.00000

           Step           Time         Lambda
             11       11.00000        0.00000

   Energies (kJ/mol)
           Bond        G96Bond          Angle       G96Angle    Proper Dih.
    2.11716e+03    1.20532e+01    3.96710e+03    2.83319e+01    4.61937e+03
 Ryckaert-Bell.  Improper Dih.          LJ-14     Coulomb-14        LJ (SR)
    4.96672e+03    2.04600e+02    2.78701e+03    1.70198e+04   -5.23479e+03
   Coulomb (SR) Position Rest.      Potential Pressure (bar)
   -1.18788e+05    1.43113e+01   -8.82868e+04    0.00000e+00

           Step           Time         Lambda
             12       12.00000        0.00000

           Step           Time         Lambda
             13       13.00000        0.00000

   Energies (kJ/mol)
           Bond        G96Bond          Angle       G96Angle    Proper Dih.
    1.11788e+03    1.04487e+01    4.08170e+03    2.12366e+01    4.60138e+03
 Ryckaert-Bell.  Improper Dih.          LJ-14     Coulomb-14        LJ (SR)
    4.93808e+03    2.03272e+02    2.82233e+03    1.66456e+04   -5.24146e+03
   Coulomb (SR) Position Rest.      Potential Pressure (bar)
   -1.18944e+05    2.19994e+01   -8.97212e+04    0.00000e+00

           Step           Time         Lambda
             14       14.00000        0.00000

           Step           Time         Lambda
             15       15.00000        0.00000

   Energies (kJ/mol)
           Bond        G96Bond          Angle       G96Angle    Proper Dih.
    1.23940e+03    3.61878e+01    4.15625e+03    3.60230e+01    4.57512e+03
 Ryckaert-Bell.  Improper Dih.          LJ-14     Coulomb-14        LJ (SR)
    4.88833e+03    2.06796e+02    2.87502e+03    1.61573e+04   -5.41167e+03
   Coulomb (SR) Position Rest.      Potential Pressure (bar)
   -1.19046e+05    2.11018e+01   -9.02665e+04    0.00000e+00

           Step           Time         Lambda
             16       16.00000        0.00000

   Energies (kJ/mol)
           Bond        G96Bond          Angle       G96Angle    Proper Dih.
    1.49235e+03    1.47189e+02    4.28676e+03    3.40854e+01    4.55413e+03
 Ryckaert-Bell.  Improper Dih.          LJ-14     Coulomb-14        LJ (SR)
    4.84889e+03    2.02719e+02    2.93957e+03    1.57413e+04   -5.45679e+03
   Coulomb (SR) Position Rest.      Potential Pressure (bar)
   -1.19252e+05    4.92532e+01   -9.04125e+04    0.00000e+00

           Step           Time         Lambda
             17       17.00000        0.00000

           Step           Time         Lambda
             18       18.00000        0.00000

   Energies (kJ/mol)
           Bond        G96Bond          Angle       G96Angle    Proper Dih.
    1.04862e+03    1.41435e+01    4.28456e+03    2.72814e+01    4.54722e+03
 Ryckaert-Bell.  Improper Dih.          LJ-14     Coulomb-14        LJ (SR)
    4.83329e+03    2.05432e+02    2.95133e+03    1.56110e+04   -5.49458e+03
   Coulomb (SR) Position Rest.      Potential Pressure (bar)
   -1.19245e+05    2.39496e+01   -9.11928e+04    0.00000e+00

           Step           Time         Lambda
             19       19.00000        0.00000

   Energies (kJ/mol)
           Bond        G96Bond          Angle       G96Angle    Proper Dih.
    1.26249e+03    1.95190e+02    4.44423e+03    3.86871e+01    4.51919e+03
 Ryckaert-Bell.  Improper Dih.          LJ-14     Coulomb-14        LJ (SR)
    4.77736e+03    2.03890e+02    3.04699e+03    1.50839e+04   -5.57509e+03
   Coulomb (SR) Position Rest.      Potential Pressure (bar)
   -1.19466e+05    5.50251e+01   -9.14137e+04    0.00000e+00

           Step           Time         Lambda
             20       20.00000        0.00000

   Energies (kJ/mol)
           Bond        G96Bond          Angle       G96Angle    Proper Dih.
    1.07747e+03    5.82979e+01    4.47325e+03    3.54737e+01    4.51306e+03
 Ryckaert-Bell.  Improper Dih.          LJ-14     Coulomb-14        LJ (SR)
    4.76198e+03    2.05302e+02    3.06218e+03    1.49426e+04   -5.59020e+03
   Coulomb (SR) Position Rest.      Potential Pressure (bar)
   -1.19479e+05    2.77594e+01   -9.19114e+04    0.00000e+00

           Step           Time         Lambda
             21       21.00000        0.00000

           Step           Time         Lambda
             22       22.00000        0.00000

   Energies (kJ/mol)
           Bond        G96Bond          Angle       G96Angle    Proper Dih.
    1.07482e+03    4.98910e+01    4.52261e+03    2.46006e+01    4.50422e+03
 Ryckaert-Bell.  Improper Dih.          LJ-14     Coulomb-14        LJ (SR)
    4.74420e+03    2.04029e+02    3.09758e+03    1.47902e+04   -5.60631e+03
   Coulomb (SR) Position Rest.      Potential Pressure (bar)
   -1.19567e+05    3.58561e+01   -9.21251e+04    0.00000e+00

           Step           Time         Lambda
             23       23.00000        0.00000

   Energies (kJ/mol)
           Bond        G96Bond          Angle       G96Angle    Proper Dih.
    1.08388e+03    1.40274e+02    4.59390e+03    4.62319e+01    4.49358e+03
 Ryckaert-Bell.  Improper Dih.          LJ-14     Coulomb-14        LJ (SR)
    4.71934e+03    2.04374e+02    3.13547e+03    1.45687e+04   -5.62928e+03
   Coulomb (SR) Position Rest.      Potential Pressure (bar)
   -1.19622e+05    3.39014e+01   -9.22318e+04    0.00000e+00

           Step           Time         Lambda
             24       24.00000        0.00000

   Energies (kJ/mol)
           Bond        G96Bond          Angle       G96Angle    Proper Dih.
    1.07453e+03    9.56775e+01    4.63717e+03    3.05473e+01    4.48637e+03
 Ryckaert-Bell.  Improper Dih.          LJ-14     Coulomb-14        LJ (SR)
    4.70394e+03    2.03678e+02    3.16903e+03    1.44494e+04   -5.64015e+03
   Coulomb (SR) Position Rest.      Potential Pressure (bar)
   -1.19714e+05    4.09448e+01   -9.24624e+04    0.00000e+00

           Step           Time         Lambda
             25       25.00000        0.00000

   Energies (kJ/mol)
           Bond        G96Bond          Angle       G96Angle    Proper Dih.
    1.07319e+03    2.27267e+02    4.70080e+03    5.55626e+01    4.47716e+03
 Ryckaert-Bell.  Improper Dih.          LJ-14     Coulomb-14        LJ (SR)
    4.68263e+03    2.03289e+02    3.20323e+03    1.42585e+04   -5.65700e+03
   Coulomb (SR) Position Rest.      Potential Pressure (bar)
   -1.19750e+05    4.08071e+01   -9.24848e+04    0.00000e+00

           Step           Time         Lambda
             26       26.00000        0.00000

   Energies (kJ/mol)
           Bond        G96Bond          Angle       G96Angle    Proper Dih.
    1.07347e+03    1.88548e+02    4.74519e+03    4.28593e+01    4.47085e+03
 Ryckaert-Bell.  Improper Dih.          LJ-14     Coulomb-14        LJ (SR)
    4.66754e+03    2.03593e+02    3.23720e+03    1.41543e+04   -5.66517e+03
   Coulomb (SR) Position Rest.      Potential Pressure (bar)
   -1.19850e+05    5.00693e+01   -9.26820e+04    0.00000e+00

           Step           Time         Lambda
             27       27.00000        0.00000

           Step           Time         Lambda
             28       28.00000        0.00000

   Energies (kJ/mol)
           Bond        G96Bond          Angle       G96Angle    Proper Dih.
    1.06023e+03    1.64370e+01    4.77340e+03    2.39751e+01    4.46633e+03
 Ryckaert-Bell.  Improper Dih.          LJ-14     Coulomb-14        LJ (SR)
    4.65787e+03    2.02278e+02    3.25252e+03    1.40660e+04   -5.67277e+03
   Coulomb (SR) Position Rest.      Potential Pressure (bar)
   -1.19859e+05    2.86791e+01   -9.29845e+04    0.00000e+00

           Step           Time         Lambda
             29       29.00000        0.00000

   Energies (kJ/mol)
           Bond        G96Bond          Angle       G96Angle    Proper Dih.
    1.06664e+03    2.55637e+02    4.90783e+03    5.30764e+01    4.44939e+03
 Ryckaert-Bell.  Improper Dih.          LJ-14     Coulomb-14        LJ (SR)
    4.61610e+03    2.03318e+02    3.33694e+03    1.37463e+04   -5.69130e+03
   Coulomb (SR) Position Rest.      Potential Pressure (bar)
   -1.20043e+05    5.52233e+01   -9.30439e+04    0.00000e+00

           Step           Time         Lambda
             30       30.00000        0.00000

   Energies (kJ/mol)
           Bond        G96Bond          Angle       G96Angle    Proper Dih.
    1.06405e+03    4.58854e+01    4.93760e+03    2.66287e+01    4.44473e+03
 Ryckaert-Bell.  Improper Dih.          LJ-14     Coulomb-14        LJ (SR)
    4.60645e+03    2.00970e+02    3.35479e+03    1.36567e+04   -5.70055e+03
   Coulomb (SR) Position Rest.      Potential Pressure (bar)
   -1.20046e+05    3.13645e+01   -9.33773e+04    0.00000e+00

           Step           Time         Lambda
             31       31.00000        0.00000

           Step           Time         Lambda
             32       32.00000        0.00000

   Energies (kJ/mol)
           Bond        G96Bond          Angle       G96Angle    Proper Dih.
    1.06538e+03    4.27712e+01    4.98052e+03    2.76507e+01    4.43957e+03
 Ryckaert-Bell.  Improper Dih.          LJ-14     Coulomb-14        LJ (SR)
    4.59268e+03    2.01652e+02    3.38299e+03    1.35646e+04   -5.70432e+03
   Coulomb (SR) Position Rest.      Potential Pressure (bar)
   -1.20115e+05    3.46051e+01   -9.34869e+04    0.00000e+00

           Step           Time         Lambda
             33       33.00000        0.00000

   Energies (kJ/mol)
           Bond        G96Bond          Angle       G96Angle    Proper Dih.
    1.06573e+03    8.75622e+01    5.03234e+03    3.22285e+01    4.43248e+03
 Ryckaert-Bell.  Improper Dih.          LJ-14     Coulomb-14        LJ (SR)
    4.57621e+03    2.00084e+02    3.41597e+03    1.34316e+04   -5.71327e+03
   Coulomb (SR) Position Rest.      Potential Pressure (bar)
   -1.20154e+05    3.41606e+01   -9.35590e+04    0.00000e+00

           Step           Time         Lambda
             34       34.00000        0.00000

   Energies (kJ/mol)
           Bond        G96Bond          Angle       G96Angle    Proper Dih.
    1.06679e+03    9.42745e+01    5.07473e+03    3.40194e+01    4.42786e+03
 Ryckaert-Bell.  Improper Dih.          LJ-14     Coulomb-14        LJ (SR)
    4.56272e+03    2.01285e+02    3.44459e+03    1.33499e+04   -5.71569e+03
   Coulomb (SR) Position Rest.      Potential Pressure (bar)
   -1.20230e+05    3.98930e+01   -9.36502e+04    0.00000e+00

           Step           Time         Lambda
             35       35.00000        0.00000

   Energies (kJ/mol)
           Bond        G96Bond          Angle       G96Angle    Proper Dih.
    1.06698e+03    1.72866e+02    5.12244e+03    4.28482e+01    4.42117e+03
 Ryckaert-Bell.  Improper Dih.          LJ-14     Coulomb-14        LJ (SR)
    4.54764e+03    1.99261e+02    3.47506e+03    1.32249e+04   -5.72391e+03
   Coulomb (SR) Position Rest.      Potential Pressure (bar)
   -1.20255e+05    4.01784e+01   -9.36652e+04    0.00000e+00

           Step           Time         Lambda
             36       36.00000        0.00000

   Energies (kJ/mol)
           Bond        G96Bond          Angle       G96Angle    Proper Dih.
    1.06787e+03    1.99964e+02    5.16389e+03    4.80483e+01    4.41718e+03
 Ryckaert-Bell.  Improper Dih.          LJ-14     Coulomb-14        LJ (SR)
    4.53451e+03    2.01239e+02    3.50381e+03    1.31555e+04   -5.72471e+03
   Coulomb (SR) Position Rest.      Potential Pressure (bar)
   -1.20341e+05    4.99779e+01   -9.37240e+04    0.00000e+00

           Step           Time         Lambda
             37       37.00000        0.00000

           Step           Time         Lambda
             38       38.00000        0.00000

   Energies (kJ/mol)
           Bond        G96Bond          Angle       G96Angle    Proper Dih.
    1.06790e+03    1.05499e+01    5.18626e+03    2.28596e+01    4.41368e+03
 Ryckaert-Bell.  Improper Dih.          LJ-14     Coulomb-14        LJ (SR)
    4.52738e+03    1.99178e+02    3.51767e+03    1.30939e+04   -5.72942e+03
   Coulomb (SR) Position Rest.      Potential Pressure (bar)
   -1.20345e+05    2.96012e+01   -9.40051e+04    0.00000e+00

           Step           Time         Lambda
             39       39.00000        0.00000

           Step           Time         Lambda
             40       40.00000        0.00000

   Energies (kJ/mol)
           Bond        G96Bond          Angle       G96Angle    Proper Dih.
    1.06871e+03    5.10534e+01    5.26100e+03    2.90836e+01    4.40511e+03
 Ryckaert-Bell.  Improper Dih.          LJ-14     Coulomb-14        LJ (SR)
    4.50410e+03    1.99460e+02    3.56670e+03    1.29422e+04   -5.73307e+03
   Coulomb (SR) Position Rest.      Potential Pressure (bar)
   -1.20444e+05    3.53068e+01   -9.41144e+04    0.00000e+00

           Step           Time         Lambda
             41       41.00000        0.00000

   Energies (kJ/mol)
           Bond        G96Bond          Angle       G96Angle    Proper Dih.
    1.06896e+03    1.90752e+01    5.28928e+03    2.38664e+01    4.40135e+03
 Ryckaert-Bell.  Improper Dih.          LJ-14     Coulomb-14        LJ (SR)
    4.49510e+03    1.98185e+02    3.58555e+03    1.28745e+04   -5.73765e+03
   Coulomb (SR) Position Rest.      Potential Pressure (bar)
   -1.20463e+05    3.02488e+01   -9.42140e+04    0.00000e+00

           Step           Time         Lambda
             42       42.00000        0.00000

   Energies (kJ/mol)
           Bond        G96Bond          Angle       G96Angle    Proper Dih.
    1.06949e+03    8.95439e+01    5.35131e+03    3.36464e+01    4.39459e+03
 Ryckaert-Bell.  Improper Dih.          LJ-14     Coulomb-14        LJ (SR)
    4.47561e+03    1.98937e+02    3.62742e+03    1.27572e+04   -5.73961e+03
   Coulomb (SR) Position Rest.      Potential Pressure (bar)
   -1.20552e+05    3.92419e+01   -9.42551e+04    0.00000e+00

           Step           Time         Lambda
             43       43.00000        0.00000

   Energies (kJ/mol)
           Bond        G96Bond          Angle       G96Angle    Proper Dih.
    1.06970e+03    4.51134e+01    5.38042e+03    2.69336e+01    4.39059e+03
 Ryckaert-Bell.  Improper Dih.          LJ-14     Coulomb-14        LJ (SR)
    4.46631e+03    1.97234e+02    3.64676e+03    1.26860e+04   -5.74443e+03
   Coulomb (SR) Position Rest.      Potential Pressure (bar)
   -1.20565e+05    3.18177e+01   -9.43689e+04    0.00000e+00

           Step           Time         Lambda
             44       44.00000        0.00000

           Step           Time         Lambda
             45       45.00000        0.00000

   Energies (kJ/mol)
           Bond        G96Bond          Angle       G96Angle    Proper Dih.
    1.06988e+03    1.25623e+01    5.40559e+03    2.34186e+01    4.38795e+03
 Ryckaert-Bell.  Improper Dih.          LJ-14     Coulomb-14        LJ (SR)
    4.45824e+03    1.97678e+02    3.66395e+03    1.26425e+04   -5.74458e+03
   Coulomb (SR) Position Rest.      Potential Pressure (bar)
   -1.20607e+05    3.14093e+01   -9.44587e+04    0.00000e+00

           Step           Time         Lambda
             46       46.00000        0.00000

   Energies (kJ/mol)
           Bond        G96Bond          Angle       G96Angle    Proper Dih.
    1.07031e+03    7.60317e+01    5.47224e+03    3.18569e+01    4.37985e+03
 Ryckaert-Bell.  Improper Dih.          LJ-14     Coulomb-14        LJ (SR)
    4.43719e+03    1.96377e+02    3.70862e+03    1.25020e+04   -5.74950e+03
   Coulomb (SR) Position Rest.      Potential Pressure (bar)
   -1.20669e+05    3.37639e+01   -9.45105e+04    0.00000e+00

           Step           Time         Lambda
             47       47.00000        0.00000

   Energies (kJ/mol)
           Bond        G96Bond          Angle       G96Angle    Proper Dih.
    1.07047e+03    3.32635e+01    5.49876e+03    2.56714e+01    4.37731e+03
 Ryckaert-Bell.  Improper Dih.          LJ-14     Coulomb-14        LJ (SR)
    4.42863e+03    1.97066e+02    3.72725e+03    1.24607e+04   -5.74940e+03
   Coulomb (SR) Position Rest.      Potential Pressure (bar)
   -1.20719e+05    3.38706e+01   -9.46152e+04    0.00000e+00

           Step           Time         Lambda
             48       48.00000        0.00000

           Step           Time         Lambda
             49       49.00000        0.00000

   Energies (kJ/mol)
           Bond        G96Bond          Angle       G96Angle    Proper Dih.
    1.07060e+03    1.29220e+01    5.52353e+03    2.35680e+01    4.37407e+03
 Ryckaert-Bell.  Improper Dih.          LJ-14     Coulomb-14        LJ (SR)
    4.42060e+03    1.96118e+02    3.74380e+03    1.24064e+04   -5.75167e+03
   Coulomb (SR) Position Rest.      Potential Pressure (bar)
   -1.20737e+05    2.99030e+01   -9.46869e+04    0.00000e+00

           Step           Time         Lambda
             50       50.00000        0.00000

   Energies (kJ/mol)
           Bond        G96Bond          Angle       G96Angle    Proper Dih.
    1.07089e+03    5.33575e+01    5.57580e+03    2.81151e+01    4.36849e+03
 Ryckaert-Bell.  Improper Dih.          LJ-14     Coulomb-14        LJ (SR)
    4.40382e+03    1.96509e+02    3.77982e+03    1.23138e+04   -5.75250e+03
   Coulomb (SR) Position Rest.      Potential Pressure (bar)
   -1.20811e+05    3.59363e+01   -9.47365e+04    0.00000e+00

           Step           Time         Lambda
             51       51.00000        0.00000

   Energies (kJ/mol)
           Bond        G96Bond          Angle       G96Angle    Proper Dih.
    1.07101e+03    2.74822e+01    5.60131e+03    2.53166e+01    4.36507e+03
 Ryckaert-Bell.  Improper Dih.          LJ-14     Coulomb-14        LJ (SR)
    4.39549e+03    1.95272e+02    3.79697e+03    1.22568e+04   -5.75534e+03
   Coulomb (SR) Position Rest.      Potential Pressure (bar)
   -1.20825e+05    3.06963e+01   -9.48149e+04    0.00000e+00

           Step           Time         Lambda
             52       52.00000        0.00000

   Energies (kJ/mol)
           Bond        G96Bond          Angle       G96Angle    Proper Dih.
    1.07120e+03    9.02680e+01    5.64483e+03    3.29548e+01    4.36063e+03
 Ryckaert-Bell.  Improper Dih.          LJ-14     Coulomb-14        LJ (SR)
    4.38133e+03    1.96123e+02    3.82734e+03    1.21856e+04   -5.75491e+03
   Coulomb (SR) Position Rest.      Potential Pressure (bar)
   -1.20894e+05    3.94988e+01   -9.48191e+04    0.00000e+00

           Step           Time         Lambda
             53       53.00000        0.00000

   Energies (kJ/mol)
           Bond        G96Bond          Angle       G96Angle    Proper Dih.
    1.07132e+03    6.21293e+01    5.67099e+03    2.95058e+01    4.35698e+03
 Ryckaert-Bell.  Improper Dih.          LJ-14     Coulomb-14        LJ (SR)
    4.37271e+03    1.94495e+02    3.84492e+03    1.21247e+04   -5.75843e+03
   Coulomb (SR) Position Rest.      Potential Pressure (bar)
   -1.20903e+05    3.28628e+01   -9.49004e+04    0.00000e+00

           Step           Time         Lambda
             54       54.00000        0.00000

           Step           Time         Lambda
             55       55.00000        0.00000

   Energies (kJ/mol)
           Bond        G96Bond          Angle       G96Angle    Proper Dih.
    1.07141e+03    9.93912e+00    5.68982e+03    2.29312e+01    4.35512e+03
 Ryckaert-Bell.  Improper Dih.          LJ-14     Coulomb-14        LJ (SR)
    4.36647e+03    1.94900e+02    3.85809e+03    1.20973e+04   -5.75783e+03
   Coulomb (SR) Position Rest.      Potential Pressure (bar)
   -1.20938e+05    3.10904e+01   -9.49984e+04    0.00000e+00

           Step           Time         Lambda
             56       56.00000        0.00000

   Energies (kJ/mol)
           Bond        G96Bond          Angle       G96Angle    Proper Dih.
    1.07168e+03    1.03462e+02    5.76311e+03    3.63176e+01    4.34635e+03
 Ryckaert-Bell.  Improper Dih.          LJ-14     Coulomb-14        LJ (SR)
    4.34256e+03    1.93643e+02    3.90792e+03    1.19553e+04   -5.76074e+03
   Coulomb (SR) Position Rest.      Potential Pressure (bar)
   -1.21007e+05    3.56039e+01   -9.50113e+04    0.00000e+00

           Step           Time         Lambda
             57       57.00000        0.00000

   Energies (kJ/mol)
           Bond        G96Bond          Angle       G96Angle    Proper Dih.
    1.07178e+03    3.01505e+01    5.78310e+03    2.49555e+01    4.34458e+03
 Ryckaert-Bell.  Improper Dih.          LJ-14     Coulomb-14        LJ (SR)
    4.33582e+03    1.94223e+02    3.92243e+03    1.19301e+04   -5.76017e+03
   Coulomb (SR) Position Rest.      Potential Pressure (bar)
   -1.21049e+05    3.35823e+01   -9.51385e+04    0.00000e+00

           Step           Time         Lambda
             58       58.00000        0.00000

           Step           Time         Lambda
             59       59.00000        0.00000

   Energies (kJ/mol)
           Bond        G96Bond          Angle       G96Angle    Proper Dih.
    1.07185e+03    1.97564e+01    5.80656e+03    2.47078e+01    4.34149e+03
 Ryckaert-Bell.  Improper Dih.          LJ-14     Coulomb-14        LJ (SR)
    4.32788e+03    1.93314e+02    3.93824e+03    1.18817e+04   -5.76172e+03
   Coulomb (SR) Position Rest.      Potential Pressure (bar)
   -1.21065e+05    3.02000e+01   -9.51912e+04    0.00000e+00

           Step           Time         Lambda
             60       60.00000        0.00000

   Energies (kJ/mol)
           Bond        G96Bond          Angle       G96Angle    Proper Dih.
    1.07200e+03    5.12116e+01    5.84123e+03    2.75662e+01    4.33788e+03
 Ryckaert-Bell.  Improper Dih.          LJ-14     Coulomb-14        LJ (SR)
    4.31613e+03    1.93807e+02    3.96268e+03    1.18277e+04   -5.76123e+03
   Coulomb (SR) Position Rest.      Potential Pressure (bar)
   -1.21119e+05    3.57481e+01   -9.52145e+04    0.00000e+00

           Step           Time         Lambda
             61       61.00000        0.00000

   Energies (kJ/mol)
           Bond        G96Bond          Angle       G96Angle    Proper Dih.
    1.07207e+03    4.03278e+01    5.86477e+03    2.72181e+01    4.33464e+03
 Ryckaert-Bell.  Improper Dih.          LJ-14     Coulomb-14        LJ (SR)
    4.30808e+03    1.92627e+02    3.97856e+03    1.17773e+04   -5.76340e+03
   Coulomb (SR) Position Rest.      Potential Pressure (bar)
   -1.21131e+05    3.14237e+01   -9.52671e+04    0.00000e+00

           Step           Time         Lambda
             62       62.00000        0.00000

           Step           Time         Lambda
             63       63.00000        0.00000

   Energies (kJ/mol)
           Bond        G96Bond          Angle       G96Angle    Proper Dih.
    1.07213e+03    6.68990e+00    5.88034e+03    2.24520e+01    4.33306e+03
 Ryckaert-Bell.  Improper Dih.          LJ-14     Coulomb-14        LJ (SR)
    4.30270e+03    1.92875e+02    3.98954e+03    1.17553e+04   -5.76290e+03
   Coulomb (SR) Position Rest.      Potential Pressure (bar)
   -1.21158e+05    3.06463e+01   -9.53357e+04    0.00000e+00

           Step           Time         Lambda
             64       64.00000        0.00000

   Energies (kJ/mol)
           Bond        G96Bond          Angle       G96Angle    Proper Dih.
    1.07233e+03    6.29590e+01    5.95176e+03    3.09036e+01    4.32447e+03
 Ryckaert-Bell.  Improper Dih.          LJ-14     Coulomb-14        LJ (SR)
    4.27846e+03    1.91728e+02    4.03839e+03    1.16255e+04   -5.76475e+03
   Coulomb (SR) Position Rest.      Potential Pressure (bar)
   -1.21230e+05    3.28950e+01   -9.53851e+04    0.00000e+00

           Step           Time         Lambda
             65       65.00000        0.00000

   Energies (kJ/mol)
           Bond        G96Bond          Angle       G96Angle    Proper Dih.
    1.07242e+03    1.75064e+01    5.96851e+03    2.33989e+01    4.32286e+03
 Ryckaert-Bell.  Improper Dih.          LJ-14     Coulomb-14        LJ (SR)
    4.27255e+03    1.92115e+02    4.05048e+03    1.16045e+04   -5.76421e+03
   Coulomb (SR) Position Rest.      Potential Pressure (bar)
   -1.21263e+05    3.21556e+01   -9.54710e+04    0.00000e+00

           Step           Time         Lambda
             66       66.00000        0.00000

           Step           Time         Lambda
             67       67.00000        0.00000

   Energies (kJ/mol)
           Bond        G96Bond          Angle       G96Angle    Proper Dih.
    1.07251e+03    1.38885e+01    5.98979e+03    2.38764e+01    4.32005e+03
 Ryckaert-Bell.  Improper Dih.          LJ-14     Coulomb-14        LJ (SR)
    4.26502e+03    1.91425e+02    4.06493e+03    1.15635e+04   -5.76525e+03
   Coulomb (SR) Position Rest.      Potential Pressure (bar)
   -1.21280e+05    3.00027e+01   -9.55102e+04    0.00000e+00

           Step           Time         Lambda
             68       68.00000        0.00000

   Energies (kJ/mol)
           Bond        G96Bond          Angle       G96Angle    Proper Dih.
    1.07265e+03    2.88496e+01    6.01782e+03    2.47926e+01    4.31696e+03
 Ryckaert-Bell.  Improper Dih.          LJ-14     Coulomb-14        LJ (SR)
    4.25506e+03    1.91700e+02    4.08464e+03    1.15213e+04   -5.76477e+03
   Coulomb (SR) Position Rest.      Potential Pressure (bar)
   -1.21323e+05    3.34114e+01   -9.55403e+04    0.00000e+00

           Step           Time         Lambda
             69       69.00000        0.00000

   Energies (kJ/mol)
           Bond        G96Bond          Angle       G96Angle    Proper Dih.
    1.07273e+03    2.63077e+01    6.03902e+03    2.54558e+01    4.31405e+03
 Ryckaert-Bell.  Improper Dih.          LJ-14     Coulomb-14        LJ (SR)
    4.24745e+03    1.90823e+02    4.09899e+03    1.14791e+04   -5.76623e+03
   Coulomb (SR) Position Rest.      Potential Pressure (bar)
   -1.21336e+05    3.06575e+01   -9.55775e+04    0.00000e+00

           Step           Time         Lambda
             70       70.00000        0.00000

   Energies (kJ/mol)
           Bond        G96Bond          Angle       G96Angle    Proper Dih.
    1.07285e+03    5.11646e+01    6.06475e+03    2.76335e+01    4.31132e+03
 Ryckaert-Bell.  Improper Dih.          LJ-14     Coulomb-14        LJ (SR)
    4.23815e+03    1.91389e+02    4.11720e+03    1.14434e+04   -5.76522e+03
   Coulomb (SR) Position Rest.      Potential Pressure (bar)
   -1.21380e+05    3.56886e+01   -9.55916e+04    0.00000e+00

           Step           Time         Lambda
             71       71.00000        0.00000

   Energies (kJ/mol)
           Bond        G96Bond          Angle       G96Angle    Proper Dih.
    1.07291e+03    5.35047e+01    6.08577e+03    2.89105e+01    4.30827e+03
 Ryckaert-Bell.  Improper Dih.          LJ-14     Coulomb-14        LJ (SR)
    4.23051e+03    1.90259e+02    4.13135e+03    1.13993e+04   -5.76720e+03
   Coulomb (SR) Position Rest.      Potential Pressure (bar)
   -1.21388e+05    3.23273e+01   -9.56222e+04    0.00000e+00

           Step           Time         Lambda
             72       72.00000        0.00000

           Step           Time         Lambda
             73       73.00000        0.00000

   Energies (kJ/mol)
           Bond        G96Bond          Angle       G96Angle    Proper Dih.
    1.07299e+03    5.58620e+00    6.09766e+03    2.23024e+01    4.30703e+03
 Ryckaert-Bell.  Improper Dih.          LJ-14     Coulomb-14        LJ (SR)
    4.22612e+03    1.90480e+02    4.13974e+03    1.13848e+04   -5.76654e+03
   Coulomb (SR) Position Rest.      Potential Pressure (bar)
   -1.21412e+05    3.04484e+01   -9.57014e+04    0.00000e+00


Steepest Descents converged to Fmax < 1000 in 74 steps
Potential Energy  = -9.5701352e+04
Maximum force     =  8.5746826e+02 on atom 78
Norm of force     =  6.8237457e+01

	M E G A - F L O P S   A C C O U N T I N G

 NB=Group-cutoff nonbonded kernels    NxN=N-by-N cluster Verlet kernels
 RF=Reaction-Field  VdW=Van der Waals  QSTab=quadratic-spline table
 W3=SPC/TIP3p  W4=TIP4p (single or pairs)
 V&F=Potential and force  V=Potential only  F=Force only

 Computing:                               M-Number         M-Flops  % Flops
-----------------------------------------------------------------------------
 Pair Search distance check              11.034608          99.311     4.6
 NxN RF Elec. + LJ [V&F]                 32.821888        1772.382    82.8
 1,4 nonbonded interactions               0.287564          25.881     1.2
 Reset In Box                             0.476412           1.429     0.1
 CG-CoM                                   0.585858           1.758     0.1
 Bonds                                    0.467014          27.554     1.3
 Angles                                   0.546194          91.761     4.3
 Propers                                  0.220076          50.397     2.4
 Impropers                                0.031820           6.619     0.3
 RB-Dihedrals                             0.223776          55.273     2.6
 Pos. Restr.                              0.010212           0.511     0.0
 Virial                                   0.496392           8.935     0.4
-----------------------------------------------------------------------------
 Total                                                    2141.810   100.0
-----------------------------------------------------------------------------


    D O M A I N   D E C O M P O S I T I O N   S T A T I S T I C S

 av. #atoms communicated per step for force:  2 x 1430.7


     R E A L   C Y C L E   A N D   T I M E   A C C O U N T I N G

On 6 MPI ranks, each using 8 OpenMP threads

 Computing:          Num   Num      Call    Wall time         Giga-Cycles
                     Ranks Threads  Count      (s)         total sum    %
-----------------------------------------------------------------------------
 Domain decomp.         6    8         90       0.041          8.167  11.4
 DD comm. load          6    8          1       0.000          0.017   0.0
 Neighbor search        6    8         74       0.041          8.208  11.5
 Launch GPU ops.        6    8        148       0.012          2.487   3.5
 Force                  6    8         74       0.008          1.557   2.2
 Wait + Comm. F         6    8         74       0.052         10.495  14.7
 Wait GPU nonlocal      6    8         74       0.000          0.028   0.0
 Wait GPU local         6    8         74       0.000          0.027   0.0
 NB X/F buffer ops.     6    8        148       0.003          0.519   0.7
 Comm. energies         6    8         74       0.017          3.379   4.7
 Rest                                           0.181         36.571  51.2
-----------------------------------------------------------------------------
 Total                                          0.354         71.456 100.0
-----------------------------------------------------------------------------

NOTE: 11 % of the run time was spent in domain decomposition,
      11 % of the run time was spent in pair search,
      you might want to increase nstlist (this has no effect on accuracy)


               Core t (s)   Wall t (s)        (%)
       Time:       12.920        0.354     3645.1
               (steps/hour)
Performance:       751583.9
Finished mdrun on rank 0 Wed May 18 10:20:30 2022
